[0.058s] Invoking command in '/home/hae/robot_ws/src/build/robot_go_pkg': CMAKE_PREFIX_PATH=${CMAKE_PREFIX_PATH}:/opt/ros/humble /usr/bin/cmake --build /home/hae/robot_ws/src/build/robot_go_pkg -- -j4 -l4
[0.160s] -- Found ament_cmake: 1.3.9 (/opt/ros/humble/share/ament_cmake/cmake)
[0.687s] -- Override CMake install command with custom implementation using symlinks instead of copying resources
[0.721s] -- Found rclcpp: 16.0.9 (/opt/ros/humble/share/rclcpp/cmake)
[0.891s] -- Found rosidl_generator_c: 3.1.5 (/opt/ros/humble/share/rosidl_generator_c/cmake)
[0.901s] -- Found rosidl_adapter: 3.1.5 (/opt/ros/humble/share/rosidl_adapter/cmake)
[0.925s] -- Found rosidl_generator_cpp: 3.1.5 (/opt/ros/humble/share/rosidl_generator_cpp/cmake)
[0.970s] -- Using all available rosidl_typesupport_c: rosidl_typesupport_fastrtps_c;rosidl_typesupport_introspection_c
[1.032s] -- Using all available rosidl_typesupport_cpp: rosidl_typesupport_fastrtps_cpp;rosidl_typesupport_introspection_cpp
[1.254s] -- Found rmw_implementation_cmake: 6.1.2 (/opt/ros/humble/share/rmw_implementation_cmake/cmake)
[1.260s] -- Found rmw_fastrtps_cpp: 6.2.6 (/opt/ros/humble/share/rmw_fastrtps_cpp/cmake)
[2.244s] -- Using RMW implementation 'rmw_fastrtps_cpp' as default
[2.830s] -- Found geometry_msgs: 4.2.4 (/opt/ros/humble/share/geometry_msgs/cmake)
[2.990s] -- Found nav_msgs: 4.2.4 (/opt/ros/humble/share/nav_msgs/cmake)
[3.293s] -- Found action_msgs: 1.2.1 (/opt/ros/humble/share/action_msgs/cmake)
[3.535s] -- Found sensor_msgs: 4.2.4 (/opt/ros/humble/share/sensor_msgs/cmake)
[3.837s] -- Found ament_lint_auto: 0.12.11 (/opt/ros/humble/share/ament_lint_auto/cmake)
[4.168s] -- Added test 'cppcheck' to perform static code analysis on C / C++ code
[4.169s] -- Configured cppcheck include dirs: 
[4.169s] -- Configured cppcheck exclude dirs and/or files: 
[4.173s] -- Added test 'lint_cmake' to check CMake code style
[4.181s] -- Added test 'uncrustify' to check C / C++ code style
[4.181s] -- Configured uncrustify additional arguments: 
[4.183s] -- Added test 'xmllint' to check XML markup files
[4.189s] -- Configuring done
[4.274s] -- Generating done
[4.285s] -- Build files have been written to: /home/hae/robot_ws/src/build/robot_go_pkg
[4.416s] [35m[1mConsolidate compiler generated dependencies of target test_node[0m
[4.417s] [35m[1mConsolidate compiler generated dependencies of target scan_node[0m
[4.486s] [ 16%] [32mBuilding CXX object CMakeFiles/go_node.dir/src/go.cpp.o[0m
[4.537s] [01m[K/home/hae/robot_ws/src/robot_go_pkg/src/go.cpp:1:10:[m[K [01;31m[Kfatal error: [m[Krclcpp/rclcpp.hpp: No such file or directory
[4.538s]     1 | #include [01;31m[K"rclcpp/rclcpp.hpp"[m[K
[4.538s]       |          [01;31m[K^~~~~~~~~~~~~~~~~~~[m[K
[4.539s] compilation terminated.
[4.539s] [ 50%] Built target test_node
[4.543s] gmake[2]: *** [CMakeFiles/go_node.dir/build.make:76: CMakeFiles/go_node.dir/src/go.cpp.o] Error 1
[4.543s] gmake[1]: *** [CMakeFiles/Makefile2:193: CMakeFiles/go_node.dir/all] Error 2
[4.544s] gmake[1]: *** Waiting for unfinished jobs....
[4.554s] [ 83%] Built target scan_node
[4.569s] gmake: *** [Makefile:146: all] Error 2
[4.570s] Invoked command in '/home/hae/robot_ws/src/build/robot_go_pkg' returned '2': CMAKE_PREFIX_PATH=${CMAKE_PREFIX_PATH}:/opt/ros/humble /usr/bin/cmake --build /home/hae/robot_ws/src/build/robot_go_pkg -- -j4 -l4
