[01m[K/home/hae/robot_ws/src/dot_pkg/src/dot.cpp:[m[K In member function â€˜[01m[Kvoid LidarVisualizer::topic_callback(sensor_msgs::msg::LaserScan_<std::allocator<void> >::SharedPtr)[m[Kâ€™:
[01m[K/home/hae/robot_ws/src/dot_pkg/src/dot.cpp:46:52:[m[K [01;31m[Kerror: [m[Kâ€˜[01m[KX[m[Kâ€™ was not declared in this scope
   46 |             int grid_y = static_cast<int>(center - [01;31m[KX[m[K); // y ì¢Œí‘œë¥¼ í™”ë©´ ì¢Œí‘œê³„ë¡œ ë³€í™˜
      |                                                    [01;31m[K^[m[K
[01m[K/home/hae/robot_ws/src/dot_pkg/src/dot.cpp:41:20:[m[K [01;35m[Kwarning: [m[Kunused variable â€˜[01m[Kx[m[Kâ€™ [[01;35m[K]8;;https://gcc.gnu.org/onlinedocs/gcc/Warning-Options.html#index-Wunused-variable-Wunused-variable]8;;[m[K]
   41 |             double [01;35m[Kx[m[K = range * cos(angle); // ê·¹ì¢Œí‘œë¥¼ ì§êµ ì¢Œí‘œë¡œ ë³€í™˜ (x ì¢Œí‘œ)
      |                    [01;35m[K^[m[K
gmake[2]: *** [CMakeFiles/dot_node.dir/build.make:76: CMakeFiles/dot_node.dir/src/dot.cpp.o] Error 1
gmake[1]: *** [CMakeFiles/Makefile2:137: CMakeFiles/dot_node.dir/all] Error 2
gmake: *** [Makefile:146: all] Error 2
