[0.067s] Invoking command in '/home/hae/robot_ws/src/build/robot_go_pkg': CMAKE_PREFIX_PATH=/home/hae/robot_ws/src/install/robot_action:/home/hae/robot_ws/src/install/test_pkg:/home/hae/robot_ws/src/install/robot_move_pkg:/home/hae/robot_ws/src/install/robot_go_pkg:/home/hae/robot_ws/src/install/robot_cleaner_pkg:/home/hae/robot_ws/src/install/action_test:/opt/ros/humble /usr/bin/cmake --build /home/hae/robot_ws/src/build/robot_go_pkg -- -j4 -l4
[0.283s] [35m[1mConsolidate compiler generated dependencies of target go_node[0m
[0.377s] [ 25%] Built target scan_node
[0.398s] [ 50%] Built target test_node
[0.408s] [ 75%] Built target cli_node
[0.435s] [ 87%] [32mBuilding CXX object CMakeFiles/go_node.dir/src/go.cpp.o[0m
[13.321s] [01m[K/home/hae/robot_ws/src/robot_go_pkg/src/go.cpp:[m[K In member function ‚Äò[01m[Krclcpp_action::GoalResponse TurtlebotController::handle_goal(const GoalUUID&, std::shared_ptr<const robot_action::action::Move_Goal_<std::allocator<void> > >)[m[K‚Äô:
[13.322s] [01m[K/home/hae/robot_ws/src/robot_go_pkg/src/go.cpp:79:9:[m[K [01;31m[Kerror: [m[K‚Äò[01m[KCLCPP_INFO[m[K‚Äô was not declared in this scope; did you mean ‚Äò[01m[KRCLCPP_INFO[m[K‚Äô?
[13.322s]    79 |         [01;31m[KCLCPP_INFO[m[K(this->get_logger(), "Turtlebot running...")
[13.323s]       |         [01;31m[K^~~~~~~~~~[m[K
[13.323s]       |         [32m[KRCLCPP_INFO[m[K
[13.324s] [01m[K/home/hae/robot_ws/src/robot_go_pkg/src/go.cpp:81:5:[m[K [01;35m[Kwarning: [m[Kno return statement in function returning non-void [[01;35m[K]8;;https://gcc.gnu.org/onlinedocs/gcc/Warning-Options.html#index-Wreturn-type-Wreturn-type]8;;[m[K]
[13.324s]    81 |     [01;35m[K}[m[K
[13.325s]       |     [01;35m[K^[m[K
[13.333s] [01m[K/home/hae/robot_ws/src/robot_go_pkg/src/go.cpp:[m[K In constructor ‚Äò[01m[KTurtlebotController::TurtlebotController()[m[K‚Äô:
[13.333s] [01m[K/home/hae/robot_ws/src/robot_go_pkg/src/go.cpp:25:10:[m[K [01;35m[Kwarning: [m[K‚Äò[01m[KTurtlebotController::obstacle_detected_[m[K‚Äô will be initialized after [[01;35m[K]8;;https://gcc.gnu.org/onlinedocs/gcc/Warning-Options.html#index-Wreorder-Wreorder]8;;[m[K]
[13.334s]    25 |     bool [01;35m[Kobstacle_detected_[m[K;                    // Ïû•Ïï†Î¨º Í∞êÏßÄ Ïó¨Î∂Ä
[13.334s]       |          [01;35m[K^~~~~~~~~~~~~~~~~~[m[K
[13.334s] [01m[K/home/hae/robot_ws/src/robot_go_pkg/src/go.cpp:21:12:[m[K [01;35m[Kwarning: [m[K  ‚Äò[01m[Kdouble TurtlebotController::total_distance_[m[K‚Äô [[01;35m[K]8;;https://gcc.gnu.org/onlinedocs/gcc/Warning-Options.html#index-Wreorder-Wreorder]8;;[m[K]
[13.335s]    21 |     double [01;35m[Ktotal_distance_[m[K;                    // Ï¥ù Ïù¥Îèô Í±∞Î¶¨
[13.335s]       |            [01;35m[K^~~~~~~~~~~~~~~[m[K
[13.336s] [01m[K/home/hae/robot_ws/src/robot_go_pkg/src/go.cpp:143:5:[m[K [01;35m[Kwarning: [m[K  when initialized here [[01;35m[K]8;;https://gcc.gnu.org/onlinedocs/gcc/Warning-Options.html#index-Wreorder-Wreorder]8;;[m[K]
[13.336s]   143 |     [01;35m[KTurtlebotController[m[K()
[13.337s]       |     [01;35m[K^~~~~~~~~~~~~~~~~~~[m[K
[23.010s] gmake[2]: *** [CMakeFiles/go_node.dir/build.make:76: CMakeFiles/go_node.dir/src/go.cpp.o] Error 1
[23.011s] gmake[1]: *** [CMakeFiles/Makefile2:195: CMakeFiles/go_node.dir/all] Error 2
[23.013s] gmake: *** [Makefile:146: all] Error 2
[23.020s] Invoked command in '/home/hae/robot_ws/src/build/robot_go_pkg' returned '2': CMAKE_PREFIX_PATH=/home/hae/robot_ws/src/install/robot_action:/home/hae/robot_ws/src/install/test_pkg:/home/hae/robot_ws/src/install/robot_move_pkg:/home/hae/robot_ws/src/install/robot_go_pkg:/home/hae/robot_ws/src/install/robot_cleaner_pkg:/home/hae/robot_ws/src/install/action_test:/opt/ros/humble /usr/bin/cmake --build /home/hae/robot_ws/src/build/robot_go_pkg -- -j4 -l4
