[0.070s] Invoking command in '/home/hae/robot_ws/src/build/robot_go_pkg': CMAKE_PREFIX_PATH=/home/hae/robot_ws/src/install/robot_action:/home/hae/robot_ws/src/install/test_pkg:/home/hae/robot_ws/src/install/robot_move_pkg:/home/hae/robot_ws/src/install/robot_go_pkg:/home/hae/robot_ws/src/install/robot_cleaner_pkg:/home/hae/robot_ws/src/install/action_test:/opt/ros/humble /usr/bin/cmake --build /home/hae/robot_ws/src/build/robot_go_pkg -- -j4 -l4
[0.263s] [35m[1mConsolidate compiler generated dependencies of target go_node[0m
[0.338s] [ 25%] Built target scan_node
[0.347s] [ 50%] Built target test_node
[0.368s] [ 75%] Built target cli_node
[0.424s] [ 87%] [32mBuilding CXX object CMakeFiles/go_node.dir/src/go.cpp.o[0m
[13.197s] [01m[K/home/hae/robot_ws/src/robot_go_pkg/src/go.cpp:[m[K In constructor â€˜[01m[KTurtlebotController::TurtlebotController()[m[Kâ€™:
[13.197s] [01m[K/home/hae/robot_ws/src/robot_go_pkg/src/go.cpp:26:10:[m[K [01;35m[Kwarning: [m[Kâ€˜[01m[KTurtlebotController::obstacle_detected_[m[Kâ€™ will be initialized after [[01;35m[K]8;;https://gcc.gnu.org/onlinedocs/gcc/Warning-Options.html#index-Wreorder-Wreorder]8;;[m[K]
[13.198s]    26 |     bool [01;35m[Kobstacle_detected_[m[K; // ìž¥ì• ë¬¼ ê°ì§€ ì—¬ë¶€
[13.198s]       |          [01;35m[K^~~~~~~~~~~~~~~~~~[m[K
[13.199s] [01m[K/home/hae/robot_ws/src/robot_go_pkg/src/go.cpp:22:12:[m[K [01;35m[Kwarning: [m[K  â€˜[01m[Kdouble TurtlebotController::total_distance_[m[Kâ€™ [[01;35m[K]8;;https://gcc.gnu.org/onlinedocs/gcc/Warning-Options.html#index-Wreorder-Wreorder]8;;[m[K]
[13.200s]    22 |     double [01;35m[Ktotal_distance_[m[K; // ì´ ì´ë™ ê±°ë¦¬ ì €ìž¥ ë³€ìˆ˜
[13.201s]       |            [01;35m[K^~~~~~~~~~~~~~~[m[K
[13.202s] [01m[K/home/hae/robot_ws/src/robot_go_pkg/src/go.cpp:152:5:[m[K [01;35m[Kwarning: [m[K  when initialized here [[01;35m[K]8;;https://gcc.gnu.org/onlinedocs/gcc/Warning-Options.html#index-Wreorder-Wreorder]8;;[m[K]
[13.202s]   152 |     [01;35m[KTurtlebotController[m[K()
[13.203s]       |     [01;35m[K^~~~~~~~~~~~~~~~~~~[m[K
[13.203s] [01m[K/home/hae/robot_ws/src/robot_go_pkg/src/go.cpp:156:32:[m[K [01;31m[Kerror: [m[Kparse error in template argument list
[13.204s]   156 |         cmd_publisher_ = this->[01;31m[Kcreate_publisher<geometry_msgs::msg::Twist[m[K
[13.204s]       |                                [01;31m[K^~~~~~~~~~~~~~~~~~~~~~~~~~~~~~~~~~~~~~~~~~[m[K
[13.205s]   157 | [01;31m[K        cmd_publisher_ = this->create_publisher<geometry_msgs::msg::Twist>("cmd_vel", 10)[m[K;
[13.205s]       |         [01;31m[K~~~~~~~~~~~~~~~~~~~~~~~~~~~~~~~~~~~~~~~~~~~~~~~~~~~~~~~~~~~~~~~~~~~~~~~~~~~~~~~~~[m[K
[13.205s] [01m[K/home/hae/robot_ws/src/robot_go_pkg/src/go.cpp:156:32:[m[K [01;31m[Kerror: [m[Kno match for â€˜[01m[Koperator=[m[Kâ€™ (operand types are â€˜[01m[Krclcpp::Publisher<geometry_msgs::msg::Twist_<std::allocator<void> > >::SharedPtr[m[Kâ€™ {aka â€˜[01m[Kstd::shared_ptr<rclcpp::Publisher<geometry_msgs::msg::Twist_<std::allocator<void> > > >[m[Kâ€™} and â€˜[01m[K<unresolved overloaded function type>[m[Kâ€™)
[13.206s] In file included from [01m[K/usr/include/c++/11/memory:77[m[K,
[13.206s]                  from [01m[K/opt/ros/humble/include/rclcpp/rclcpp/rclcpp.hpp:153[m[K,
[13.207s]                  from [01m[K/home/hae/robot_ws/src/robot_go_pkg/src/go.cpp:1[m[K:
[13.207s] [01m[K/usr/include/c++/11/bits/shared_ptr.h:363:9:[m[K [01;36m[Knote: [m[Kcandidate: â€˜[01m[Ktemplate<class _Yp> std::shared_ptr<_Tp>::_Assignable<const std::shared_ptr<_Yp>&> std::shared_ptr<_Tp>::operator=(const std::shared_ptr<_Yp>&) [with _Yp = _Yp; _Tp = rclcpp::Publisher<geometry_msgs::msg::Twist_<std::allocator<void> > >][m[Kâ€™
[13.208s]   363 |         [01;36m[Koperator[m[K=(const shared_ptr<_Yp>& __r) noexcept
[13.208s]       |         [01;36m[K^~~~~~~~[m[K
[13.209s] [01m[K/usr/include/c++/11/bits/shared_ptr.h:363:9:[m[K [01;36m[Knote: [m[K  template argument deduction/substitution failed:
[13.209s] [01m[K/home/hae/robot_ws/src/robot_go_pkg/src/go.cpp:156:32:[m[K [01;36m[Knote: [m[K  couldnâ€™t deduce template parameter â€˜[01m[K_Yp[m[Kâ€™
[13.210s]   156 |         cmd_publisher_ = this->[01;36m[Kcreate_publisher<geometry_msgs::msg::Twist[m[K
[13.210s]       |                                [01;36m[K^~~~~~~~~~~~~~~~~~~~~~~~~~~~~~~~~~~~~~~~~~[m[K
[13.211s]   157 | [01;36m[K        cmd_publisher_ = this->create_publisher<geometry_msgs::msg::Twist>("cmd_vel", 10)[m[K;
[13.211s]       |         [01;36m[K~~~~~~~~~~~~~~~~~~~~~~~~~~~~~~~~~~~~~~~~~~~~~~~~~~~~~~~~~~~~~~~~~~~~~~~~~~~~~~~~~[m[K
[13.212s] In file included from [01m[K/usr/include/c++/11/memory:77[m[K,
[13.212s]                  from [01m[K/opt/ros/humble/include/rclcpp/rclcpp/rclcpp.hpp:153[m[K,
[13.212s]                  from [01m[K/home/hae/robot_ws/src/robot_go_pkg/src/go.cpp:1[m[K:
[13.213s] [01m[K/usr/include/c++/11/bits/shared_ptr.h:374:9:[m[K [01;36m[Knote: [m[Kcandidate: â€˜[01m[Ktemplate<class _Yp> std::shared_ptr<_Tp>::_Assignable<std::auto_ptr<_Up> > std::shared_ptr<_Tp>::operator=(std::auto_ptr<_Up>&&) [with _Yp = _Yp; _Tp = rclcpp::Publisher<geometry_msgs::msg::Twist_<std::allocator<void> > >][m[Kâ€™
[13.214s]   374 |         [01;36m[Koperator[m[K=(auto_ptr<_Yp>&& __r)
[13.214s]       |         [01;36m[K^~~~~~~~[m[K
[13.215s] [01m[K/usr/include/c++/11/bits/shared_ptr.h:374:9:[m[K [01;36m[Knote: [m[K  template argument deduction/substitution failed:
[13.215s] [01m[K/home/hae/robot_ws/src/robot_go_pkg/src/go.cpp:156:32:[m[K [01;36m[Knote: [m[K  couldnâ€™t deduce template parameter â€˜[01m[K_Yp[m[Kâ€™
[13.216s]   156 |         cmd_publisher_ = this->[01;36m[Kcreate_publisher<geometry_msgs::msg::Twist[m[K
[13.216s]       |                                [01;36m[K^~~~~~~~~~~~~~~~~~~~~~~~~~~~~~~~~~~~~~~~~~[m[K
[13.217s]   157 | [01;36m[K        cmd_publisher_ = this->create_publisher<geometry_msgs::msg::Twist>("cmd_vel", 10)[m[K;
[13.217s]       |         [01;36m[K~~~~~~~~~~~~~~~~~~~~~~~~~~~~~~~~~~~~~~~~~~~~~~~~~~~~~~~~~~~~~~~~~~~~~~~~~~~~~~~~~[m[K
[13.217s] In file included from [01m[K/usr/include/c++/11/memory:77[m[K,
[13.218s]                  from [01m[K/opt/ros/humble/include/rclcpp/rclcpp/rclcpp.hpp:153[m[K,
[13.218s]                  from [01m[K/home/hae/robot_ws/src/robot_go_pkg/src/go.cpp:1[m[K:
[13.219s] [01m[K/usr/include/c++/11/bits/shared_ptr.h:391:9:[m[K [01;36m[Knote: [m[Kcandidate: â€˜[01m[Ktemplate<class _Yp> std::shared_ptr<_Tp>::_Assignable<std::shared_ptr<_Yp> > std::shared_ptr<_Tp>::operator=(std::shared_ptr<_Yp>&&) [with _Yp = _Yp; _Tp = rclcpp::Publisher<geometry_msgs::msg::Twist_<std::allocator<void> > >][m[Kâ€™
[13.219s]   391 |         [01;36m[Koperator[m[K=(shared_ptr<_Yp>&& __r) noexcept
[13.220s]       |         [01;36m[K^~~~~~~~[m[K
[13.220s] [01m[K/usr/include/c++/11/bits/shared_ptr.h:391:9:[m[K [01;36m[Knote: [m[K  template argument deduction/substitution failed:
[13.220s] [01m[K/home/hae/robot_ws/src/robot_go_pkg/src/go.cpp:156:32:[m[K [01;36m[Knote: [m[K  couldnâ€™t deduce template parameter â€˜[01m[K_Yp[m[Kâ€™
[13.221s]   156 |         cmd_publisher_ = this->[01;36m[Kcreate_publisher<geometry_msgs::msg::Twist[m[K
[13.221s]       |                                [01;36m[K^~~~~~~~~~~~~~~~~~~~~~~~~~~~~~~~~~~~~~~~~~[m[K
[13.222s]   157 | [01;36m[K        cmd_publisher_ = this->create_publisher<geometry_msgs::msg::Twist>("cmd_vel", 10)[m[K;
[13.222s]       |         [01;36m[K~~~~~~~~~~~~~~~~~~~~~~~~~~~~~~~~~~~~~~~~~~~~~~~~~~~~~~~~~~~~~~~~~~~~~~~~~~~~~~~~~[m[K
[13.222s] In file included from [01m[K/usr/include/c++/11/memory:77[m[K,
[13.223s]                  from [01m[K/opt/ros/humble/include/rclcpp/rclcpp/rclcpp.hpp:153[m[K,
[13.223s]                  from [01m[K/home/hae/robot_ws/src/robot_go_pkg/src/go.cpp:1[m[K:
[13.224s] [01m[K/usr/include/c++/11/bits/shared_ptr.h:399:9:[m[K [01;36m[Knote: [m[Kcandidate: â€˜[01m[Ktemplate<class _Yp, class _Del> std::shared_ptr<_Tp>::_Assignable<std::unique_ptr<_Up, _Ep> > std::shared_ptr<_Tp>::operator=(std::unique_ptr<_Up, _Ep>&&) [with _Yp = _Yp; _Del = _Del; _Tp = rclcpp::Publisher<geometry_msgs::msg::Twist_<std::allocator<void> > >][m[Kâ€™
[13.224s]   399 |         [01;36m[Koperator[m[K=(unique_ptr<_Yp, _Del>&& __r)
[13.225s]       |         [01;36m[K^~~~~~~~[m[K
[13.225s] [01m[K/usr/include/c++/11/bits/shared_ptr.h:399:9:[m[K [01;36m[Knote: [m[K  template argument deduction/substitution failed:
[13.225s] [01m[K/home/hae/robot_ws/src/robot_go_pkg/src/go.cpp:156:32:[m[K [01;36m[Knote: [m[K  couldnâ€™t deduce template parameter â€˜[01m[K_Yp[m[Kâ€™
[13.226s]   156 |         cmd_publisher_ = this->[01;36m[Kcreate_publisher<geometry_msgs::msg::Twist[m[K
[13.226s]       |                                [01;36m[K^~~~~~~~~~~~~~~~~~~~~~~~~~~~~~~~~~~~~~~~~~[m[K
[13.226s]   157 | [01;36m[K        cmd_publisher_ = this->create_publisher<geometry_msgs::msg::Twist>("cmd_vel", 10)[m[K;
[13.227s]       |         [01;36m[K~~~~~~~~~~~~~~~~~~~~~~~~~~~~~~~~~~~~~~~~~~~~~~~~~~~~~~~~~~~~~~~~~~~~~~~~~~~~~~~~~[m[K
[13.227s] In file included from [01m[K/usr/include/c++/11/memory:77[m[K,
[13.228s]                  from [01m[K/opt/ros/humble/include/rclcpp/rclcpp/rclcpp.hpp:153[m[K,
[13.228s]                  from [01m[K/home/hae/robot_ws/src/robot_go_pkg/src/go.cpp:1[m[K:
[13.228s] [01m[K/usr/include/c++/11/bits/shared_ptr.h:359:19:[m[K [01;36m[Knote: [m[Kcandidate: â€˜[01m[Kstd::shared_ptr<_Tp>& std::shared_ptr<_Tp>::operator=(const std::shared_ptr<_Tp>&) [with _Tp = rclcpp::Publisher<geometry_msgs::msg::Twist_<std::allocator<void> > >][m[Kâ€™
[13.229s]   359 |       shared_ptr& [01;36m[Koperator[m[K=(const shared_ptr&) noexcept = default;
[13.229s]       |                   [01;36m[K^~~~~~~~[m[K
[13.230s] [01m[K/usr/include/c++/11/bits/shared_ptr.h:359:29:[m[K [01;36m[Knote: [m[K  no known conversion for argument 1 from â€˜[01m[K<unresolved overloaded function type>[m[Kâ€™ to â€˜[01m[Kconst std::shared_ptr<rclcpp::Publisher<geometry_msgs::msg::Twist_<std::allocator<void> > > >&[m[Kâ€™
[13.230s]   359 |       shared_ptr& operator=([01;36m[Kconst shared_ptr&[m[K) noexcept = default;
[13.231s]       |                             [01;36m[K^~~~~~~~~~~~~~~~~[m[K
[13.231s] [01m[K/usr/include/c++/11/bits/shared_ptr.h:383:7:[m[K [01;36m[Knote: [m[Kcandidate: â€˜[01m[Kstd::shared_ptr<_Tp>& std::shared_ptr<_Tp>::operator=(std::shared_ptr<_Tp>&&) [with _Tp = rclcpp::Publisher<geometry_msgs::msg::Twist_<std::allocator<void> > >][m[Kâ€™
[13.231s]   383 |       [01;36m[Koperator[m[K=(shared_ptr&& __r) noexcept
[13.232s]       |       [01;36m[K^~~~~~~~[m[K
[13.232s] [01m[K/usr/include/c++/11/bits/shared_ptr.h:383:30:[m[K [01;36m[Knote: [m[K  no known conversion for argument 1 from â€˜[01m[K<unresolved overloaded function type>[m[Kâ€™ to â€˜[01m[Kstd::shared_ptr<rclcpp::Publisher<geometry_msgs::msg::Twist_<std::allocator<void> > > >&&[m[Kâ€™
[13.232s]   383 |       operator=([01;36m[Kshared_ptr&& __r[m[K) noexcept
[13.233s]       |                 [01;36m[K~~~~~~~~~~~~~^~~[m[K
[22.834s] gmake[2]: *** [CMakeFiles/go_node.dir/build.make:76: CMakeFiles/go_node.dir/src/go.cpp.o] Error 1
[22.835s] gmake[1]: *** [CMakeFiles/Makefile2:195: CMakeFiles/go_node.dir/all] Error 2
[22.836s] gmake: *** [Makefile:146: all] Error 2
[22.849s] Invoked command in '/home/hae/robot_ws/src/build/robot_go_pkg' returned '2': CMAKE_PREFIX_PATH=/home/hae/robot_ws/src/install/robot_action:/home/hae/robot_ws/src/install/test_pkg:/home/hae/robot_ws/src/install/robot_move_pkg:/home/hae/robot_ws/src/install/robot_go_pkg:/home/hae/robot_ws/src/install/robot_cleaner_pkg:/home/hae/robot_ws/src/install/action_test:/opt/ros/humble /usr/bin/cmake --build /home/hae/robot_ws/src/build/robot_go_pkg -- -j4 -l4
