[01m[K/home/hae/robot_ws/src/robot_go_pkg/src/go.cpp:167:24:[m[K [01;31m[Kerror: [m[Kexpected â€˜[01m[K,[m[Kâ€™ or â€˜[01m[K...[m[Kâ€™ before â€˜[01m[K/[m[Kâ€™ token
  167 | void signalHandler(int [01;31m[K/[m[Ksignum/) {
      |                        [01;31m[K^[m[K
gmake[2]: *** [CMakeFiles/go_node.dir/build.make:76: CMakeFiles/go_node.dir/src/go.cpp.o] Error 1
gmake[1]: *** [CMakeFiles/Makefile2:195: CMakeFiles/go_node.dir/all] Error 2
gmake: *** [Makefile:146: all] Error 2
