[0.064s] Invoking command in '/home/hae/robot_ws/src/build/robot_go_pkg': AMENT_PREFIX_PATH=/home/hae/robot_ws/src/install/robot_action:${AMENT_PREFIX_PATH} CMAKE_PREFIX_PATH=/home/hae/robot_ws/src/install/robot_action:/opt/ros/humble LD_LIBRARY_PATH=/home/hae/robot_ws/src/install/robot_action/lib:${LD_LIBRARY_PATH} PYTHONPATH=/home/hae/robot_ws/src/install/robot_action/local/lib/python3.10/dist-packages:${PYTHONPATH} /usr/bin/cmake --build /home/hae/robot_ws/src/build/robot_go_pkg -- -j4 -l4
[0.170s] -- Found ament_cmake: 1.3.9 (/opt/ros/humble/share/ament_cmake/cmake)
[0.707s] -- Override CMake install command with custom implementation using symlinks instead of copying resources
[0.741s] -- Found rclcpp: 16.0.9 (/opt/ros/humble/share/rclcpp/cmake)
[0.913s] -- Found rosidl_generator_c: 3.1.5 (/opt/ros/humble/share/rosidl_generator_c/cmake)
[0.923s] -- Found rosidl_adapter: 3.1.5 (/opt/ros/humble/share/rosidl_adapter/cmake)
[0.947s] -- Found rosidl_generator_cpp: 3.1.5 (/opt/ros/humble/share/rosidl_generator_cpp/cmake)
[0.990s] -- Using all available rosidl_typesupport_c: rosidl_typesupport_fastrtps_c;rosidl_typesupport_introspection_c
[1.052s] -- Using all available rosidl_typesupport_cpp: rosidl_typesupport_fastrtps_cpp;rosidl_typesupport_introspection_cpp
[1.273s] -- Found rmw_implementation_cmake: 6.1.2 (/opt/ros/humble/share/rmw_implementation_cmake/cmake)
[1.279s] -- Found rmw_fastrtps_cpp: 6.2.6 (/opt/ros/humble/share/rmw_fastrtps_cpp/cmake)
[2.256s] -- Using RMW implementation 'rmw_fastrtps_cpp' as default
[2.846s] -- Found geometry_msgs: 4.2.4 (/opt/ros/humble/share/geometry_msgs/cmake)
[3.009s] -- Found nav_msgs: 4.2.4 (/opt/ros/humble/share/nav_msgs/cmake)
[3.310s] -- Found action_msgs: 1.2.1 (/opt/ros/humble/share/action_msgs/cmake)
[3.544s] -- Found sensor_msgs: 4.2.4 (/opt/ros/humble/share/sensor_msgs/cmake)
[3.849s] -- Found robot_action: 0.0.0 (/home/hae/robot_ws/src/install/robot_action/share/robot_action/cmake)
[4.038s] -- Found rclcpp_action: 16.0.9 (/opt/ros/humble/share/rclcpp_action/cmake)
[4.140s] -- Found ament_lint_auto: 0.12.11 (/opt/ros/humble/share/ament_lint_auto/cmake)
[4.468s] -- Added test 'cppcheck' to perform static code analysis on C / C++ code
[4.469s] -- Configured cppcheck include dirs: 
[4.469s] -- Configured cppcheck exclude dirs and/or files: 
[4.475s] -- Added test 'lint_cmake' to check CMake code style
[4.484s] -- Added test 'uncrustify' to check C / C++ code style
[4.485s] -- Configured uncrustify additional arguments: 
[4.486s] -- Added test 'xmllint' to check XML markup files
[4.491s] -- Configuring done
[4.579s] -- Generating done
[4.591s] -- Build files have been written to: /home/hae/robot_ws/src/build/robot_go_pkg
[4.706s] [35m[1mConsolidate compiler generated dependencies of target cli_node[0m
[4.708s] [35m[1mConsolidate compiler generated dependencies of target server_node[0m
[4.811s] [ 16%] [32mBuilding CXX object CMakeFiles/server_node.dir/src/main.cpp.o[0m
[4.819s] [ 50%] Built target cli_node
[4.837s] [ 66%] [32mBuilding CXX object CMakeFiles/server_node.dir/src/scan.cpp.o[0m
[4.874s] [ 83%] [32mBuilding CXX object CMakeFiles/server_node.dir/src/actionsever.cpp.o[0m
[6.532s] [01m[K/home/hae/robot_ws/src/robot_go_pkg/src/main.cpp:2:10:[m[K [01;31m[Kfatal error: [m[Kactionsever.hpp: No such file or directory
[6.532s]     2 | #include [01;31m[K"actionsever.hpp"[m[K
[6.533s]       |          [01;31m[K^~~~~~~~~~~~~~~~~[m[K
[6.533s] compilation terminated.
[6.544s] gmake[2]: *** [CMakeFiles/server_node.dir/build.make:76: CMakeFiles/server_node.dir/src/main.cpp.o] Error 1
[6.546s] gmake[2]: *** Waiting for unfinished jobs....
[16.895s] [01m[K/home/hae/robot_ws/src/robot_go_pkg/src/actionsever.cpp:[m[K In member function â€˜[01m[Krclcpp_action::GoalResponse MoveActionServer::handle_goal(const GoalUUID&, std::shared_ptr<const robot_action::action::Move_Goal_<std::allocator<void> > >)[m[Kâ€™:
[16.895s] [01m[K/home/hae/robot_ws/src/robot_go_pkg/src/actionsever.cpp:25:76:[m[K [01;35m[Kwarning: [m[Kunused parameter â€˜[01m[Kuuid[m[Kâ€™ [[01;35m[K]8;;https://gcc.gnu.org/onlinedocs/gcc/Warning-Options.html#index-Wunused-parameter-Wunused-parameter]8;;[m[K]
[16.897s]    25 |     rclcpp_action::GoalResponse handle_goal([01;35m[Kconst rclcpp_action::GoalUUID &uuid[m[K, std::shared_ptr<const Move::Goal> goal)
[16.898s]       |                                             [01;35m[K~~~~~~~~~~~~~~~~~~~~~~~~~~~~~~~^~~~[m[K
[16.898s] [01m[K/home/hae/robot_ws/src/robot_go_pkg/src/actionsever.cpp:[m[K In member function â€˜[01m[Krclcpp_action::CancelResponse MoveActionServer::handle_cancel(std::shared_ptr<rclcpp_action::ServerGoalHandle<robot_action::action::Move> >)[m[Kâ€™:
[16.899s] [01m[K/home/hae/robot_ws/src/robot_go_pkg/src/actionsever.cpp:31:87:[m[K [01;35m[Kwarning: [m[Kunused parameter â€˜[01m[Kgoal_handle[m[Kâ€™ [[01;35m[K]8;;https://gcc.gnu.org/onlinedocs/gcc/Warning-Options.html#index-Wunused-parameter-Wunused-parameter]8;;[m[K]
[16.900s]    31 |     rclcpp_action::CancelResponse handle_cancel([01;35m[Kconst std::shared_ptr<GoalHandleMove> goal_handle[m[K)
[16.900s]       |                                                 [01;35m[K~~~~~~~~~~~~~~~~~~~~~~~~~~~~~~~~~~~~~~^~~~~~~~~~~[m[K
[25.267s] gmake[1]: *** [CMakeFiles/Makefile2:139: CMakeFiles/server_node.dir/all] Error 2
[25.267s] gmake: *** [Makefile:146: all] Error 2
[25.274s] Invoked command in '/home/hae/robot_ws/src/build/robot_go_pkg' returned '2': AMENT_PREFIX_PATH=/home/hae/robot_ws/src/install/robot_action:${AMENT_PREFIX_PATH} CMAKE_PREFIX_PATH=/home/hae/robot_ws/src/install/robot_action:/opt/ros/humble LD_LIBRARY_PATH=/home/hae/robot_ws/src/install/robot_action/lib:${LD_LIBRARY_PATH} PYTHONPATH=/home/hae/robot_ws/src/install/robot_action/local/lib/python3.10/dist-packages:${PYTHONPATH} /usr/bin/cmake --build /home/hae/robot_ws/src/build/robot_go_pkg -- -j4 -l4
