[0.057s] Invoking command in '/home/hae/robot_ws/src/build/robot_go_pkg': CMAKE_PREFIX_PATH=${CMAKE_PREFIX_PATH}:/opt/ros/humble /usr/bin/cmake --build /home/hae/robot_ws/src/build/robot_go_pkg -- -j4 -l4
[0.159s] -- Found ament_cmake: 1.3.9 (/opt/ros/humble/share/ament_cmake/cmake)
[0.682s] -- Override CMake install command with custom implementation using symlinks instead of copying resources
[0.715s] -- Found rclcpp: 16.0.9 (/opt/ros/humble/share/rclcpp/cmake)
[0.886s] -- Found rosidl_generator_c: 3.1.5 (/opt/ros/humble/share/rosidl_generator_c/cmake)
[0.896s] -- Found rosidl_adapter: 3.1.5 (/opt/ros/humble/share/rosidl_adapter/cmake)
[0.920s] -- Found rosidl_generator_cpp: 3.1.5 (/opt/ros/humble/share/rosidl_generator_cpp/cmake)
[0.966s] -- Using all available rosidl_typesupport_c: rosidl_typesupport_fastrtps_c;rosidl_typesupport_introspection_c
[1.028s] -- Using all available rosidl_typesupport_cpp: rosidl_typesupport_fastrtps_cpp;rosidl_typesupport_introspection_cpp
[1.252s] -- Found rmw_implementation_cmake: 6.1.2 (/opt/ros/humble/share/rmw_implementation_cmake/cmake)
[1.258s] -- Found rmw_fastrtps_cpp: 6.2.6 (/opt/ros/humble/share/rmw_fastrtps_cpp/cmake)
[2.234s] -- Using RMW implementation 'rmw_fastrtps_cpp' as default
[2.823s] -- Found geometry_msgs: 4.2.4 (/opt/ros/humble/share/geometry_msgs/cmake)
[2.983s] -- Found nav_msgs: 4.2.4 (/opt/ros/humble/share/nav_msgs/cmake)
[3.287s] -- Found action_msgs: 1.2.1 (/opt/ros/humble/share/action_msgs/cmake)
[3.508s] -- Found sensor_msgs: 4.2.4 (/opt/ros/humble/share/sensor_msgs/cmake)
[3.811s] -- Found ament_lint_auto: 0.12.11 (/opt/ros/humble/share/ament_lint_auto/cmake)
[4.130s] -- Added test 'cppcheck' to perform static code analysis on C / C++ code
[4.131s] -- Configured cppcheck include dirs: 
[4.132s] -- Configured cppcheck exclude dirs and/or files: 
[4.135s] -- Added test 'lint_cmake' to check CMake code style
[4.142s] -- Added test 'uncrustify' to check C / C++ code style
[4.143s] -- Configured uncrustify additional arguments: 
[4.144s] -- Added test 'xmllint' to check XML markup files
[4.150s] -- Configuring done
[4.214s] -- Generating done
[4.224s] -- Build files have been written to: /home/hae/robot_ws/src/build/robot_go_pkg
[4.336s] [35m[1mConsolidate compiler generated dependencies of target go[0m
[4.430s] [ 33%] [32mBuilding CXX object CMakeFiles/go.dir/src/test.cpp.o[0m
[4.433s] [ 66%] [32mBuilding CXX object CMakeFiles/go.dir/src/scan.cpp.o[0m
[5.908s] [01m[K/home/hae/robot_ws/src/robot_go_pkg/src/scan.cpp:2:10:[m[K [01;31m[Kfatal error: [m[Ksensor_msgs/msg/laser_scan.hpp: No such file or directory
[5.910s]     2 | #include [01;31m[K<sensor_msgs/msg/laser_scan.hpp>[m[K
[5.911s]       |          [01;31m[K^~~~~~~~~~~~~~~~~~~~~~~~~~~~~~~~[m[K
[5.911s] compilation terminated.
[5.918s] gmake[2]: *** [CMakeFiles/go.dir/build.make:90: CMakeFiles/go.dir/src/scan.cpp.o] Error 1
[5.919s] gmake[2]: *** Waiting for unfinished jobs....
[14.159s] [01m[K/home/hae/robot_ws/src/robot_go_pkg/src/test.cpp:43:1:[m[K [01;31m[Kerror: [m[Kexpected unqualified-id before â€˜[01m[Kpublic[m[Kâ€™
[14.159s]    43 | [01;31m[Kpublic[m[K:
[14.160s]       | [01;31m[K^~~~~~[m[K
[14.160s] [01m[K/home/hae/robot_ws/src/robot_go_pkg/src/test.cpp:44:84:[m[K [01;31m[Kerror: [m[Kexpected unqualified-id before â€˜[01m[K,[m[Kâ€™ token
[14.161s]    44 |   OdomDistanceCalculator() : Node("odom_distance_calculator"), total_distance_{0.0}[01;31m[K,[m[K initialized_{false}
[14.161s]       |                                                                                    [01;31m[K^[m[K
[14.162s] [01m[K/home/hae/robot_ws/src/robot_go_pkg/src/test.cpp:44:98:[m[K [01;31m[Kerror: [m[Kexpected constructor, destructor, or type conversion before â€˜[01m[K{[m[Kâ€™ token
[14.162s]    44 |   OdomDistanceCalculator() : Node("odom_distance_calculator"), total_distance_{0.0}, initialized_[01;31m[K{[m[Kfalse}
[14.163s]       |                                                                                                  [01;31m[K^[m[K
[14.163s] [01m[K/home/hae/robot_ws/src/robot_go_pkg/src/test.cpp:45:3:[m[K [01;31m[Kerror: [m[Kexpected unqualified-id before â€˜[01m[K{[m[Kâ€™ token
[14.164s]    45 |   [01;31m[K{[m[K
[14.164s]       |   [01;31m[K^[m[K
[15.867s] In file included from [01m[K/usr/include/aarch64-linux-gnu/c++/11/bits/c++allocator.h:33[m[K,
[15.868s]                  from [01m[K/usr/include/c++/11/bits/allocator.h:46[m[K,
[15.869s]                  from [01m[K/usr/include/c++/11/memory:64[m[K,
[15.869s]                  from [01m[K/opt/ros/humble/include/rclcpp/rclcpp/rclcpp.hpp:153[m[K,
[15.870s]                  from [01m[K/home/hae/robot_ws/src/robot_go_pkg/src/test.cpp:1[m[K:
[15.870s] /usr/include/c++/11/ext/new_allocator.h: In instantiation of â€˜[01m[Kvoid __gnu_cxx::new_allocator<_Tp>::construct(_Up*, _Args&& ...) [with _Up = OdomDistanceCalculator; _Args = {}; _Tp = OdomDistanceCalculator][m[Kâ€™:
[15.871s] [01m[K/usr/include/c++/11/bits/alloc_traits.h:516:17:[m[K   required from â€˜[01m[Kstatic void std::allocator_traits<std::allocator<_Tp1> >::construct(std::allocator_traits<std::allocator<_Tp1> >::allocator_type&, _Up*, _Args&& ...) [with _Up = OdomDistanceCalculator; _Args = {}; _Tp = OdomDistanceCalculator; std::allocator_traits<std::allocator<_Tp1> >::allocator_type = std::allocator<OdomDistanceCalculator>][m[Kâ€™
[15.871s] [01m[K/usr/include/c++/11/bits/shared_ptr_base.h:519:39:[m[K   required from â€˜[01m[Kstd::_Sp_counted_ptr_inplace<_Tp, _Alloc, _Lp>::_Sp_counted_ptr_inplace(_Alloc, _Args&& ...) [with _Args = {}; _Tp = OdomDistanceCalculator; _Alloc = std::allocator<OdomDistanceCalculator>; __gnu_cxx::_Lock_policy _Lp = __gnu_cxx::_S_atomic][m[Kâ€™
[15.872s] [01m[K/usr/include/c++/11/bits/shared_ptr_base.h:650:16:[m[K   required from â€˜[01m[Kstd::__shared_count<_Lp>::__shared_count(_Tp*&, std::_Sp_alloc_shared_tag<_Alloc>, _Args&& ...) [with _Tp = OdomDistanceCalculator; _Alloc = std::allocator<OdomDistanceCalculator>; _Args = {}; __gnu_cxx::_Lock_policy _Lp = __gnu_cxx::_S_atomic][m[Kâ€™
[15.872s] [01m[K/usr/include/c++/11/bits/shared_ptr_base.h:1342:14:[m[K   required from â€˜[01m[Kstd::__shared_ptr<_Tp, _Lp>::__shared_ptr(std::_Sp_alloc_shared_tag<_Tp>, _Args&& ...) [with _Alloc = std::allocator<OdomDistanceCalculator>; _Args = {}; _Tp = OdomDistanceCalculator; __gnu_cxx::_Lock_policy _Lp = __gnu_cxx::_S_atomic][m[Kâ€™
[15.873s] [01m[K/usr/include/c++/11/bits/shared_ptr.h:409:59:[m[K   required from â€˜[01m[Kstd::shared_ptr<_Tp>::shared_ptr(std::_Sp_alloc_shared_tag<_Tp>, _Args&& ...) [with _Alloc = std::allocator<OdomDistanceCalculator>; _Args = {}; _Tp = OdomDistanceCalculator][m[Kâ€™
[15.873s] [01m[K/usr/include/c++/11/bits/shared_ptr.h:862:14:[m[K   required from â€˜[01m[Kstd::shared_ptr<_Tp> std::allocate_shared(const _Alloc&, _Args&& ...) [with _Tp = OdomDistanceCalculator; _Alloc = std::allocator<OdomDistanceCalculator>; _Args = {}][m[Kâ€™
[15.874s] [01m[K/usr/include/c++/11/bits/shared_ptr.h:878:39:[m[K   required from â€˜[01m[Kstd::shared_ptr<_Tp> std::make_shared(_Args&& ...) [with _Tp = OdomDistanceCalculator; _Args = {}][m[Kâ€™
[15.874s] [01m[K/home/hae/robot_ws/src/robot_go_pkg/src/test.cpp:82:56:[m[K   required from here
[15.875s] [01m[K/usr/include/c++/11/ext/new_allocator.h:162:11:[m[K [01;31m[Kerror: [m[Kuse of deleted function â€˜[01m[KOdomDistanceCalculator::OdomDistanceCalculator()[m[Kâ€™
[15.875s]   162 |         { [01;31m[K::new((void *)__p) _Up(std::forward<_Args>(__args)...)[m[K; }
[15.876s]       |           [01;31m[K^~~~~~~~~~~~~~~~~~~~~~~~~~~~~~~~~~~~~~~~~~~~~~~~~~~~~~[m[K
[15.876s] [01m[K/home/hae/robot_ws/src/robot_go_pkg/src/test.cpp:7:7:[m[K [01;36m[Knote: [m[Kâ€˜[01m[KOdomDistanceCalculator::OdomDistanceCalculator()[m[Kâ€™ is implicitly deleted because the default definition would be ill-formed:
[15.877s]     7 | class [01;36m[KOdomDistanceCalculator[m[K : public rclcpp::Node
[15.877s]       |       [01;36m[K^~~~~~~~~~~~~~~~~~~~~~[m[K
[15.878s] [01m[K/home/hae/robot_ws/src/robot_go_pkg/src/test.cpp:7:7:[m[K [01;31m[Kerror: [m[Kno matching function for call to â€˜[01m[Krclcpp::Node::Node()[m[Kâ€™
[15.878s] In file included from [01m[K/opt/ros/humble/include/rclcpp/rclcpp/executors/single_threaded_executor.hpp:28[m[K,
[15.879s]                  from [01m[K/opt/ros/humble/include/rclcpp/rclcpp/executors.hpp:22[m[K,
[15.879s]                  from [01m[K/opt/ros/humble/include/rclcpp/rclcpp/rclcpp.hpp:155[m[K,
[15.880s]                  from [01m[K/home/hae/robot_ws/src/robot_go_pkg/src/test.cpp:1[m[K:
[15.880s] [01m[K/opt/ros/humble/include/rclcpp/rclcpp/node.hpp:1294:3:[m[K [01;36m[Knote: [m[Kcandidate: â€˜[01m[Krclcpp::Node::Node(const rclcpp::Node&, const string&)[m[Kâ€™
[15.881s]  1294 |   [01;36m[KNode[m[K(
[15.882s]       |   [01;36m[K^~~~[m[K
[15.882s] [01m[K/opt/ros/humble/include/rclcpp/rclcpp/node.hpp:1294:3:[m[K [01;36m[Knote: [m[K  candidate expects 2 arguments, 0 provided
[15.883s] [01m[K/opt/ros/humble/include/rclcpp/rclcpp/node.hpp:101:12:[m[K [01;36m[Knote: [m[Kcandidate: â€˜[01m[Krclcpp::Node::Node(const string&, const string&, const rclcpp::NodeOptions&)[m[Kâ€™
[15.884s]   101 |   explicit [01;36m[KNode[m[K(
[15.884s]       |            [01;36m[K^~~~[m[K
[15.885s] [01m[K/opt/ros/humble/include/rclcpp/rclcpp/node.hpp:101:12:[m[K [01;36m[Knote: [m[K  candidate expects 3 arguments, 0 provided
[15.885s] [01m[K/opt/ros/humble/include/rclcpp/rclcpp/node.hpp:89:12:[m[K [01;36m[Knote: [m[Kcandidate: â€˜[01m[Krclcpp::Node::Node(const string&, const rclcpp::NodeOptions&)[m[Kâ€™
[15.886s]    89 |   explicit [01;36m[KNode[m[K(
[15.886s]       |            [01;36m[K^~~~[m[K
[15.887s] [01m[K/opt/ros/humble/include/rclcpp/rclcpp/node.hpp:89:12:[m[K [01;36m[Knote: [m[K  candidate expects 2 arguments, 0 provided
[17.018s] gmake[2]: *** [CMakeFiles/go.dir/build.make:76: CMakeFiles/go.dir/src/test.cpp.o] Error 1
[17.019s] gmake[1]: *** [CMakeFiles/Makefile2:137: CMakeFiles/go.dir/all] Error 2
[17.020s] gmake: *** [Makefile:146: all] Error 2
[17.026s] Invoked command in '/home/hae/robot_ws/src/build/robot_go_pkg' returned '2': CMAKE_PREFIX_PATH=${CMAKE_PREFIX_PATH}:/opt/ros/humble /usr/bin/cmake --build /home/hae/robot_ws/src/build/robot_go_pkg -- -j4 -l4
