-- Found ament_cmake: 1.3.9 (/opt/ros/humble/share/ament_cmake/cmake)
-- Override CMake install command with custom implementation using symlinks instead of copying resources
-- Found rclcpp: 16.0.9 (/opt/ros/humble/share/rclcpp/cmake)
-- Found rosidl_generator_c: 3.1.5 (/opt/ros/humble/share/rosidl_generator_c/cmake)
-- Found rosidl_adapter: 3.1.5 (/opt/ros/humble/share/rosidl_adapter/cmake)
-- Found rosidl_generator_cpp: 3.1.5 (/opt/ros/humble/share/rosidl_generator_cpp/cmake)
-- Using all available rosidl_typesupport_c: rosidl_typesupport_fastrtps_c;rosidl_typesupport_introspection_c
-- Using all available rosidl_typesupport_cpp: rosidl_typesupport_fastrtps_cpp;rosidl_typesupport_introspection_cpp
-- Found rmw_implementation_cmake: 6.1.2 (/opt/ros/humble/share/rmw_implementation_cmake/cmake)
-- Found rmw_fastrtps_cpp: 6.2.6 (/opt/ros/humble/share/rmw_fastrtps_cpp/cmake)
-- Using RMW implementation 'rmw_fastrtps_cpp' as default
-- Found geometry_msgs: 4.2.4 (/opt/ros/humble/share/geometry_msgs/cmake)
-- Found nav_msgs: 4.2.4 (/opt/ros/humble/share/nav_msgs/cmake)
-- Found action_msgs: 1.2.1 (/opt/ros/humble/share/action_msgs/cmake)
-- Found sensor_msgs: 4.2.4 (/opt/ros/humble/share/sensor_msgs/cmake)
-- Found robot_action: 0.0.0 (/home/hae/robot_ws/src/install/robot_action/share/robot_action/cmake)
-- Found rclcpp_action: 16.0.9 (/opt/ros/humble/share/rclcpp_action/cmake)
-- Found ament_lint_auto: 0.12.11 (/opt/ros/humble/share/ament_lint_auto/cmake)
-- Added test 'cppcheck' to perform static code analysis on C / C++ code
-- Configured cppcheck include dirs: 
-- Configured cppcheck exclude dirs and/or files: 
-- Added test 'lint_cmake' to check CMake code style
-- Added test 'uncrustify' to check C / C++ code style
-- Configured uncrustify additional arguments: 
-- Added test 'xmllint' to check XML markup files
-- Configuring done
-- Generating done
-- Build files have been written to: /home/hae/robot_ws/src/build/test_pkg
[ 25%] [32mBuilding CXX object CMakeFiles/got_node.dir/src/go_topic.cpp.o[0m
[ 50%] [32mBuilding CXX object CMakeFiles/odom_node.dir/src/odom_ex.cpp.o[0m
[01m[K/home/hae/robot_ws/src/test_pkg/src/go_topic.cpp:1:10:[m[K [01;31m[Kfatal error: [m[K /rclcpp.hpp: No such file or directory
    1 | #include [01;31m[K" /rclcpp.hpp"[m[K
      |          [01;31m[K^~~~~~~~~~~~~~[m[K
compilation terminated.
gmake[2]: *** [CMakeFiles/got_node.dir/build.make:76: CMakeFiles/got_node.dir/src/go_topic.cpp.o] Error 1
gmake[1]: *** [CMakeFiles/Makefile2:139: CMakeFiles/got_node.dir/all] Error 2
gmake[1]: *** Waiting for unfinished jobs....
[01m[K/home/hae/robot_ws/src/test_pkg/src/odom_ex.cpp:43:1:[m[K [01;31m[Kerror: [m[Kexpected unqualified-id before â€˜[01m[Kpublic[m[Kâ€™
   43 | [01;31m[Kpublic[m[K:
      | [01;31m[K^~~~~~[m[K
[01m[K/home/hae/robot_ws/src/test_pkg/src/odom_ex.cpp:44:84:[m[K [01;31m[Kerror: [m[Kexpected unqualified-id before â€˜[01m[K,[m[Kâ€™ token
   44 |   OdomDistanceCalculator() : Node("odom_distance_calculator"), total_distance_{0.0}[01;31m[K,[m[K initialized_{false}
      |                                                                                    [01;31m[K^[m[K
[01m[K/home/hae/robot_ws/src/test_pkg/src/odom_ex.cpp:44:98:[m[K [01;31m[Kerror: [m[Kexpected constructor, destructor, or type conversion before â€˜[01m[K{[m[Kâ€™ token
   44 |   OdomDistanceCalculator() : Node("odom_distance_calculator"), total_distance_{0.0}, initialized_[01;31m[K{[m[Kfalse}
      |                                                                                                  [01;31m[K^[m[K
[01m[K/home/hae/robot_ws/src/test_pkg/src/odom_ex.cpp:45:3:[m[K [01;31m[Kerror: [m[Kexpected unqualified-id before â€˜[01m[K{[m[Kâ€™ token
   45 |   [01;31m[K{[m[K
      |   [01;31m[K^[m[K
In file included from [01m[K/usr/include/aarch64-linux-gnu/c++/11/bits/c++allocator.h:33[m[K,
                 from [01m[K/usr/include/c++/11/bits/allocator.h:46[m[K,
                 from [01m[K/usr/include/c++/11/memory:64[m[K,
                 from [01m[K/opt/ros/humble/include/rclcpp/rclcpp/rclcpp.hpp:153[m[K,
                 from [01m[K/home/hae/robot_ws/src/test_pkg/src/odom_ex.cpp:1[m[K:
/usr/include/c++/11/ext/new_allocator.h: In instantiation of â€˜[01m[Kvoid __gnu_cxx::new_allocator<_Tp>::construct(_Up*, _Args&& ...) [with _Up = OdomDistanceCalculator; _Args = {}; _Tp = OdomDistanceCalculator][m[Kâ€™:
[01m[K/usr/include/c++/11/bits/alloc_traits.h:516:17:[m[K   required from â€˜[01m[Kstatic void std::allocator_traits<std::allocator<_Tp1> >::construct(std::allocator_traits<std::allocator<_Tp1> >::allocator_type&, _Up*, _Args&& ...) [with _Up = OdomDistanceCalculator; _Args = {}; _Tp = OdomDistanceCalculator; std::allocator_traits<std::allocator<_Tp1> >::allocator_type = std::allocator<OdomDistanceCalculator>][m[Kâ€™
[01m[K/usr/include/c++/11/bits/shared_ptr_base.h:519:39:[m[K   required from â€˜[01m[Kstd::_Sp_counted_ptr_inplace<_Tp, _Alloc, _Lp>::_Sp_counted_ptr_inplace(_Alloc, _Args&& ...) [with _Args = {}; _Tp = OdomDistanceCalculator; _Alloc = std::allocator<OdomDistanceCalculator>; __gnu_cxx::_Lock_policy _Lp = __gnu_cxx::_S_atomic][m[Kâ€™
[01m[K/usr/include/c++/11/bits/shared_ptr_base.h:650:16:[m[K   required from â€˜[01m[Kstd::__shared_count<_Lp>::__shared_count(_Tp*&, std::_Sp_alloc_shared_tag<_Alloc>, _Args&& ...) [with _Tp = OdomDistanceCalculator; _Alloc = std::allocator<OdomDistanceCalculator>; _Args = {}; __gnu_cxx::_Lock_policy _Lp = __gnu_cxx::_S_atomic][m[Kâ€™
[01m[K/usr/include/c++/11/bits/shared_ptr_base.h:1342:14:[m[K   required from â€˜[01m[Kstd::__shared_ptr<_Tp, _Lp>::__shared_ptr(std::_Sp_alloc_shared_tag<_Tp>, _Args&& ...) [with _Alloc = std::allocator<OdomDistanceCalculator>; _Args = {}; _Tp = OdomDistanceCalculator; __gnu_cxx::_Lock_policy _Lp = __gnu_cxx::_S_atomic][m[Kâ€™
[01m[K/usr/include/c++/11/bits/shared_ptr.h:409:59:[m[K   required from â€˜[01m[Kstd::shared_ptr<_Tp>::shared_ptr(std::_Sp_alloc_shared_tag<_Tp>, _Args&& ...) [with _Alloc = std::allocator<OdomDistanceCalculator>; _Args = {}; _Tp = OdomDistanceCalculator][m[Kâ€™
[01m[K/usr/include/c++/11/bits/shared_ptr.h:862:14:[m[K   required from â€˜[01m[Kstd::shared_ptr<_Tp> std::allocate_shared(const _Alloc&, _Args&& ...) [with _Tp = OdomDistanceCalculator; _Alloc = std::allocator<OdomDistanceCalculator>; _Args = {}][m[Kâ€™
[01m[K/usr/include/c++/11/bits/shared_ptr.h:878:39:[m[K   required from â€˜[01m[Kstd::shared_ptr<_Tp> std::make_shared(_Args&& ...) [with _Tp = OdomDistanceCalculator; _Args = {}][m[Kâ€™
[01m[K/home/hae/robot_ws/src/test_pkg/src/odom_ex.cpp:82:56:[m[K   required from here
[01m[K/usr/include/c++/11/ext/new_allocator.h:162:11:[m[K [01;31m[Kerror: [m[Kuse of deleted function â€˜[01m[KOdomDistanceCalculator::OdomDistanceCalculator()[m[Kâ€™
  162 |         { [01;31m[K::new((void *)__p) _Up(std::forward<_Args>(__args)...)[m[K; }
      |           [01;31m[K^~~~~~~~~~~~~~~~~~~~~~~~~~~~~~~~~~~~~~~~~~~~~~~~~~~~~~[m[K
[01m[K/home/hae/robot_ws/src/test_pkg/src/odom_ex.cpp:7:7:[m[K [01;36m[Knote: [m[Kâ€˜[01m[KOdomDistanceCalculator::OdomDistanceCalculator()[m[Kâ€™ is implicitly deleted because the default definition would be ill-formed:
    7 | class [01;36m[KOdomDistanceCalculator[m[K : public rclcpp::Node
      |       [01;36m[K^~~~~~~~~~~~~~~~~~~~~~[m[K
[01m[K/home/hae/robot_ws/src/test_pkg/src/odom_ex.cpp:7:7:[m[K [01;31m[Kerror: [m[Kno matching function for call to â€˜[01m[Krclcpp::Node::Node()[m[Kâ€™
In file included from [01m[K/opt/ros/humble/include/rclcpp/rclcpp/executors/single_threaded_executor.hpp:28[m[K,
                 from [01m[K/opt/ros/humble/include/rclcpp/rclcpp/executors.hpp:22[m[K,
                 from [01m[K/opt/ros/humble/include/rclcpp/rclcpp/rclcpp.hpp:155[m[K,
                 from [01m[K/home/hae/robot_ws/src/test_pkg/src/odom_ex.cpp:1[m[K:
[01m[K/opt/ros/humble/include/rclcpp/rclcpp/node.hpp:1294:3:[m[K [01;36m[Knote: [m[Kcandidate: â€˜[01m[Krclcpp::Node::Node(const rclcpp::Node&, const string&)[m[Kâ€™
 1294 |   [01;36m[KNode[m[K(
      |   [01;36m[K^~~~[m[K
[01m[K/opt/ros/humble/include/rclcpp/rclcpp/node.hpp:1294:3:[m[K [01;36m[Knote: [m[K  candidate expects 2 arguments, 0 provided
[01m[K/opt/ros/humble/include/rclcpp/rclcpp/node.hpp:101:12:[m[K [01;36m[Knote: [m[Kcandidate: â€˜[01m[Krclcpp::Node::Node(const string&, const string&, const rclcpp::NodeOptions&)[m[Kâ€™
  101 |   explicit [01;36m[KNode[m[K(
      |            [01;36m[K^~~~[m[K
[01m[K/opt/ros/humble/include/rclcpp/rclcpp/node.hpp:101:12:[m[K [01;36m[Knote: [m[K  candidate expects 3 arguments, 0 provided
[01m[K/opt/ros/humble/include/rclcpp/rclcpp/node.hpp:89:12:[m[K [01;36m[Knote: [m[Kcandidate: â€˜[01m[Krclcpp::Node::Node(const string&, const rclcpp::NodeOptions&)[m[Kâ€™
   89 |   explicit [01;36m[KNode[m[K(
      |            [01;36m[K^~~~[m[K
[01m[K/opt/ros/humble/include/rclcpp/rclcpp/node.hpp:89:12:[m[K [01;36m[Knote: [m[K  candidate expects 2 arguments, 0 provided
gmake[2]: *** [CMakeFiles/odom_node.dir/build.make:76: CMakeFiles/odom_node.dir/src/odom_ex.cpp.o] Error 1
gmake[1]: *** [CMakeFiles/Makefile2:165: CMakeFiles/odom_node.dir/all] Error 2
gmake: *** [Makefile:146: all] Error 2
