[0.095s] Invoking command in '/home/hae/robot_ws/src/build/robot_go_pkg': CMAKE_PREFIX_PATH=/home/hae/robot_ws/src/install/robot_action:/home/hae/robot_ws/src/install/test_pkg:/home/hae/robot_ws/src/install/robot_move_pkg:/home/hae/robot_ws/src/install/robot_go_pkg:/home/hae/robot_ws/src/install/robot_cleaner_pkg:/home/hae/robot_ws/src/install/action_test:/opt/ros/humble /usr/bin/cmake --build /home/hae/robot_ws/src/build/robot_go_pkg -- -j4 -l4
[0.344s] [35m[1mConsolidate compiler generated dependencies of target go_node[0m
[0.391s] [ 25%] Built target test_node
[0.430s] [ 50%] Built target cli_node
[0.436s] [ 75%] Built target scan_node
[0.479s] [ 87%] [32mBuilding CXX object CMakeFiles/go_node.dir/src/go.cpp.o[0m
[14.291s] [01m[K/home/hae/robot_ws/src/robot_go_pkg/src/go.cpp:[m[K In member function ‚Äò[01m[Krclcpp_action::GoalResponse TurtlebotController::handle_goal(const GoalUUID&, std::shared_ptr<const robot_action::action::Move_Goal_<std::allocator<void> > >)[m[K‚Äô:
[14.291s] [01m[K/home/hae/robot_ws/src/robot_go_pkg/src/go.cpp:74:31:[m[K [01;31m[Kerror: [m[Kno matching function for call to ‚Äò[01m[KTurtlebotController::initialize_sensor_data()[m[K‚Äô
[14.292s]    74 |         [01;31m[Kinitialize_sensor_data()[m[K; // ÏÑºÏÑú Îç∞Ïù¥ÌÑ∞ Ï¥àÍ∏∞Ìôî Ìï®Ïàò Ìò∏Ï∂ú
[14.293s]       |         [01;31m[K~~~~~~~~~~~~~~~~~~~~~~^~[m[K
[14.293s] [01m[K/home/hae/robot_ws/src/robot_go_pkg/src/go.cpp:100:10:[m[K [01;36m[Knote: [m[Kcandidate: ‚Äò[01m[Kvoid TurtlebotController::initialize_sensor_data(geometry_msgs::msg::Vector3_<std::allocator<void> >::SharedPtr)[m[K‚Äô
[14.294s]   100 |     void [01;36m[Kinitialize_sensor_data[m[K(const geometry_msgs::msg::Vector3::SharedPtr msg)
[14.294s]       |          [01;36m[K^~~~~~~~~~~~~~~~~~~~~~[m[K
[14.295s] [01m[K/home/hae/robot_ws/src/robot_go_pkg/src/go.cpp:100:10:[m[K [01;36m[Knote: [m[K  candidate expects 1 argument, 0 provided
[14.314s] [01m[K/home/hae/robot_ws/src/robot_go_pkg/src/go.cpp:[m[K In constructor ‚Äò[01m[KTurtlebotController::TurtlebotController()[m[K‚Äô:
[14.315s] [01m[K/home/hae/robot_ws/src/robot_go_pkg/src/go.cpp:25:10:[m[K [01;35m[Kwarning: [m[K‚Äò[01m[KTurtlebotController::obstacle_detected_[m[K‚Äô will be initialized after [[01;35m[K]8;;https://gcc.gnu.org/onlinedocs/gcc/Warning-Options.html#index-Wreorder-Wreorder]8;;[m[K]
[14.315s]    25 |     bool [01;35m[Kobstacle_detected_[m[K;                    // Ïû•Ïï†Î¨º Í∞êÏßÄ Ïó¨Î∂Ä
[14.316s]       |          [01;35m[K^~~~~~~~~~~~~~~~~~[m[K
[14.317s] [01m[K/home/hae/robot_ws/src/robot_go_pkg/src/go.cpp:21:12:[m[K [01;35m[Kwarning: [m[K  ‚Äò[01m[Kdouble TurtlebotController::total_distance_[m[K‚Äô [[01;35m[K]8;;https://gcc.gnu.org/onlinedocs/gcc/Warning-Options.html#index-Wreorder-Wreorder]8;;[m[K]
[14.317s]    21 |     double [01;35m[Ktotal_distance_[m[K;                    // Ï¥ù Ïù¥Îèô Í±∞Î¶¨
[14.318s]       |            [01;35m[K^~~~~~~~~~~~~~~[m[K
[14.318s] [01m[K/home/hae/robot_ws/src/robot_go_pkg/src/go.cpp:140:5:[m[K [01;35m[Kwarning: [m[K  when initialized here [[01;35m[K]8;;https://gcc.gnu.org/onlinedocs/gcc/Warning-Options.html#index-Wreorder-Wreorder]8;;[m[K]
[14.319s]   140 |     [01;35m[KTurtlebotController[m[K()
[14.326s]       |     [01;35m[K^~~~~~~~~~~~~~~~~~~[m[K
[24.442s] gmake[2]: *** [CMakeFiles/go_node.dir/build.make:76: CMakeFiles/go_node.dir/src/go.cpp.o] Error 1
[24.443s] gmake[1]: *** [CMakeFiles/Makefile2:195: CMakeFiles/go_node.dir/all] Error 2
[24.444s] gmake: *** [Makefile:146: all] Error 2
[24.450s] Invoked command in '/home/hae/robot_ws/src/build/robot_go_pkg' returned '2': CMAKE_PREFIX_PATH=/home/hae/robot_ws/src/install/robot_action:/home/hae/robot_ws/src/install/test_pkg:/home/hae/robot_ws/src/install/robot_move_pkg:/home/hae/robot_ws/src/install/robot_go_pkg:/home/hae/robot_ws/src/install/robot_cleaner_pkg:/home/hae/robot_ws/src/install/action_test:/opt/ros/humble /usr/bin/cmake --build /home/hae/robot_ws/src/build/robot_go_pkg -- -j4 -l4
