[0.075s] Invoking command in '/home/hae/robot_ws/src/build/robot_go_pkg': CMAKE_PREFIX_PATH=/home/hae/robot_ws/src/install/robot_action:/home/hae/robot_ws/src/install/test_pkg:/home/hae/robot_ws/src/install/robot_move_pkg:/home/hae/robot_ws/src/install/robot_go_pkg:/home/hae/robot_ws/src/install/robot_cleaner_pkg:/home/hae/robot_ws/src/install/action_test:/opt/ros/humble /usr/bin/cmake --build /home/hae/robot_ws/src/build/robot_go_pkg -- -j4 -l4
[0.299s] [35m[1mConsolidate compiler generated dependencies of target cli_node[0m
[0.382s] [ 25%] Built target scan_node
[0.418s] [ 50%] Built target test_node
[0.449s] [ 75%] Built target go_node
[0.454s] [ 87%] [32mBuilding CXX object CMakeFiles/cli_node.dir/src/cli.cpp.o[0m
[12.881s] [01m[K/home/hae/robot_ws/src/robot_go_pkg/src/cli.cpp:[m[K In member function â€˜[01m[Kvoid MoveActionClient::process_user_input()[m[Kâ€™:
[12.882s] [01m[K/home/hae/robot_ws/src/robot_go_pkg/src/cli.cpp:37:68:[m[K [01;31m[Kerror: [m[Kâ€˜[01m[Kstd::shared_future<rclcpp_action::ClientGoalHandle<ActionT>::WrappedResult> rclcpp_action::ClientGoalHandle<ActionT>::async_get_result() [with ActionT = robot_action::action::Move][m[Kâ€™ is private within this context
[12.882s]    37 |                 auto result_future = [01;31m[Kgoal_handle_->async_get_result()[m[K;
[12.883s]       |                                      [01;31m[K~~~~~~~~~~~~~~~~~~~~~~~~~~~~~~^~[m[K
[12.883s] In file included from [01m[K/opt/ros/humble/include/rclcpp_action/rclcpp_action/client_goal_handle.hpp:170[m[K,
[12.883s]                  from [01m[K/opt/ros/humble/include/rclcpp_action/rclcpp_action/client.hpp:43[m[K,
[12.884s]                  from [01m[K/opt/ros/humble/include/rclcpp_action/rclcpp_action/rclcpp_action.hpp:36[m[K,
[12.884s]                  from [01m[K/home/hae/robot_ws/src/robot_go_pkg/src/cli.cpp:2[m[K:
[12.885s] [01m[K/opt/ros/humble/include/rclcpp_action/rclcpp_action/client_goal_handle_impl.hpp:60:1:[m[K [01;36m[Knote: [m[Kdeclared private here
[12.885s]    60 | [01;36m[KClientGoalHandle<ActionT>[m[K::async_get_result()
[12.885s]       | [01;36m[K^~~~~~~~~~~~~~~~~~~~~~~~~[m[K
[15.561s] gmake[2]: *** [CMakeFiles/cli_node.dir/build.make:76: CMakeFiles/cli_node.dir/src/cli.cpp.o] Error 1
[15.563s] gmake[1]: *** [CMakeFiles/Makefile2:221: CMakeFiles/cli_node.dir/all] Error 2
[15.564s] gmake: *** [Makefile:146: all] Error 2
[15.570s] Invoked command in '/home/hae/robot_ws/src/build/robot_go_pkg' returned '2': CMAKE_PREFIX_PATH=/home/hae/robot_ws/src/install/robot_action:/home/hae/robot_ws/src/install/test_pkg:/home/hae/robot_ws/src/install/robot_move_pkg:/home/hae/robot_ws/src/install/robot_go_pkg:/home/hae/robot_ws/src/install/robot_cleaner_pkg:/home/hae/robot_ws/src/install/action_test:/opt/ros/humble /usr/bin/cmake --build /home/hae/robot_ws/src/build/robot_go_pkg -- -j4 -l4
