[01m[K/home/hae/robot_ws/src/robot_grid_pkg/src/grid.cpp:[m[K In member function ‘[01m[Kvoid TurtlebotController::move_robot()[m[K’:
[01m[K/home/hae/robot_ws/src/robot_grid_pkg/src/grid.cpp:103:38:[m[K [01;35m[Kwarning: [m[Kcomparison of integer expressions of different signedness: ‘[01m[Kstd::vector<std::vector<int> >::size_type[m[K’ {aka ‘[01m[Klong unsigned int[m[K’} and ‘[01m[Kint[m[K’ [[01;35m[K]8;;https://gcc.gnu.org/onlinedocs/gcc/Warning-Options.html#index-Wsign-compare-Wsign-compare]8;;[m[K]
  103 |         for(int i=2;[01;35m[KsetPoint.size()-1>i[m[K;i++ ){
      |                     [01;35m[K~~~~~~~~~~~~~~~~~^~[m[K
[01m[K/home/hae/robot_ws/src/robot_grid_pkg/src/grid.cpp:[m[K In member function ‘[01m[Kvoid TurtlebotController::go_straight(int, double)[m[K’:
[01m[K/home/hae/robot_ws/src/robot_grid_pkg/src/grid.cpp:135:58:[m[K [01;31m[Kerror: [m[Kinvalid operands of types ‘[01m[Kdouble[m[K’ and ‘[01m[K<unresolved overloaded function type>[m[K’ to binary ‘[01m[Koperator<<[m[K’
  135 |         cout << "이동해야할 거리= %2f ",[01;31m[Ktarget_distance  << endl[m[K;
      |                                         [01;31m[K~~~~~~~~~~~~~~~~~^~~~~~~[m[K
[01m[K/home/hae/robot_ws/src/robot_grid_pkg/src/grid.cpp:[m[K In member function ‘[01m[Kbool TurtlebotController::is_turn(const TurtlebotController::Point&, const TurtlebotController::Point&, const TurtlebotController::Point&)[m[K’:
[01m[K/home/hae/robot_ws/src/robot_grid_pkg/src/grid.cpp:221:50:[m[K [01;35m[Kwarning: [m[Kunused parameter ‘[01m[Kcurrent[m[K’ [[01;35m[K]8;;https://gcc.gnu.org/onlinedocs/gcc/Warning-Options.html#index-Wunused-parameter-Wunused-parameter]8;;[m[K]
  221 |     bool is_turn(const Point& prev, [01;35m[Kconst Point& current[m[K, const Point& next) {
      |                                     [01;35m[K~~~~~~~~~~~~~^~~~~~~[m[K
gmake[2]: *** [CMakeFiles/grid_node.dir/build.make:76: CMakeFiles/grid_node.dir/src/grid.cpp.o] Error 1
gmake[1]: *** [CMakeFiles/Makefile2:137: CMakeFiles/grid_node.dir/all] Error 2
gmake: *** [Makefile:146: all] Error 2
