[01m[K/home/hae/robot_ws/src/robot_go_pkg/src/scan.cpp:2:10:[m[K [01;31m[Kfatal error: [m[Ksensor_msgs/msg/laser_scan.hpp: No such file or directory
    2 | #include [01;31m[K<sensor_msgs/msg/laser_scan.hpp>[m[K
      |          [01;31m[K^~~~~~~~~~~~~~~~~~~~~~~~~~~~~~~~[m[K
compilation terminated.
gmake[2]: *** [CMakeFiles/go.dir/build.make:90: CMakeFiles/go.dir/src/scan.cpp.o] Error 1
gmake[2]: *** Waiting for unfinished jobs....
gmake[1]: *** [CMakeFiles/Makefile2:137: CMakeFiles/go.dir/all] Error 2
gmake: *** [Makefile:146: all] Error 2
