[35m[1mConsolidate compiler generated dependencies of target go_node[0m
[ 25%] Built target test_node
[ 50%] Built target scan_node
[ 75%] Built target cli_node
[ 87%] [32mBuilding CXX object CMakeFiles/go_node.dir/src/go.cpp.o[0m
[01m[K/home/hae/robot_ws/src/robot_go_pkg/src/go.cpp:[m[K In member function â€˜[01m[Krclcpp_action::GoalResponse MoveActionServer::handle_goal(const GoalUUID&, std::shared_ptr<const robot_action::action::Move_Goal_<std::allocator<void> > >)[m[Kâ€™:
[01m[K/home/hae/robot_ws/src/robot_go_pkg/src/go.cpp:74:41:[m[K [01;31m[Kerror: [m[Kâ€˜[01m[KAccepted[m[Kâ€™ is not a member of â€˜[01m[Krclcpp_action::GoalResponse[m[Kâ€™
   74 |     return rclcpp_action::GoalResponse::[01;31m[KAccepted[m[K;
      |                                         [01;31m[K^~~~~~~~[m[K
[01m[K/home/hae/robot_ws/src/robot_go_pkg/src/go.cpp:[m[K In member function â€˜[01m[Krclcpp_action::CancelResponse MoveActionServer::handle_cancel(std::shared_ptr<rclcpp_action::ServerGoalHandle<robot_action::action::Move> >)[m[Kâ€™:
[01m[K/home/hae/robot_ws/src/robot_go_pkg/src/go.cpp:81:43:[m[K [01;31m[Kerror: [m[Kâ€˜[01m[KAccepted[m[Kâ€™ is not a member of â€˜[01m[Krclcpp_action::CancelResponse[m[Kâ€™
   81 |     return rclcpp_action::CancelResponse::[01;31m[KAccepted[m[K;
      |                                           [01;31m[K^~~~~~~~[m[K
gmake[2]: *** [CMakeFiles/go_node.dir/build.make:76: CMakeFiles/go_node.dir/src/go.cpp.o] Error 1
gmake[1]: *** [CMakeFiles/Makefile2:195: CMakeFiles/go_node.dir/all] Error 2
gmake: *** [Makefile:146: all] Error 2
