[0.000000] (-) TimerEvent: {}
[0.001653] (-) JobUnselected: {'identifier': 'action_test'}
[0.002244] (-) JobUnselected: {'identifier': 'robot_cleaner_pkg'}
[0.002915] (-) JobUnselected: {'identifier': 'robot_go_pkg'}
[0.003137] (-) JobUnselected: {'identifier': 'robot_move_pkg'}
[0.003396] (robot_action) JobQueued: {'identifier': 'robot_action', 'dependencies': OrderedDict()}
[0.003697] (robot_action) JobStarted: {'identifier': 'robot_action'}
[0.043788] (robot_action) JobProgress: {'identifier': 'robot_action', 'progress': 'cmake'}
[0.047836] (robot_action) JobProgress: {'identifier': 'robot_action', 'progress': 'build'}
[0.051425] (robot_action) Command: {'cmd': ['/usr/bin/cmake', '--build', '/home/hae/robot_ws/src/build/robot_action', '--', '-j4', '-l4'], 'cwd': '/home/hae/robot_ws/src/build/robot_action', 'env': OrderedDict([('LESSOPEN', '| /usr/bin/lesspipe %s'), ('USER', 'hae'), ('SSH_CLIENT', '192.168.1.2 53864 22'), ('XDG_SESSION_TYPE', 'tty'), ('GIT_ASKPASS', '/home/hae/.vscode-server/cli/servers/Stable-f1e16e1e6214d7c44d078b1f0607b2388f29d729/server/extensions/git/dist/askpass.sh'), ('SHLVL', '1'), ('LD_LIBRARY_PATH', '/home/hae/robot_ws/src/install/robot_action/lib:/opt/ros/humble/opt/rviz_ogre_vendor/lib:/opt/ros/humble/lib/aarch64-linux-gnu:/opt/ros/humble/lib'), ('BROWSER', '/home/hae/.vscode-server/cli/servers/Stable-f1e16e1e6214d7c44d078b1f0607b2388f29d729/server/bin/helpers/browser.sh'), ('MOTD_SHOWN', 'pam'), ('HOME', '/home/hae'), ('OLDPWD', '/home/hae/robot_ws'), ('TERM_PROGRAM_VERSION', '1.91.1'), ('VSCODE_IPC_HOOK_CLI', '/run/user/1000/vscode-ipc-eba6bf07-47c3-4dbf-a22a-00c9c883d220.sock'), ('ROS_PYTHON_VERSION', '3'), ('VSCODE_GIT_ASKPASS_MAIN', '/home/hae/.vscode-server/cli/servers/Stable-f1e16e1e6214d7c44d078b1f0607b2388f29d729/server/extensions/git/dist/askpass-main.js'), ('VSCODE_GIT_ASKPASS_NODE', '/home/hae/.vscode-server/cli/servers/Stable-f1e16e1e6214d7c44d078b1f0607b2388f29d729/server/node'), ('SSL_CERT_FILE', '/usr/lib/ssl/certs/ca-certificates.crt'), ('DBUS_SESSION_BUS_ADDRESS', 'unix:path=/run/user/1000/bus'), ('COLORTERM', 'truecolor'), ('COLCON_PREFIX_PATH', '/home/hae/robot_ws/src/install'), ('ROS_DISTRO', 'humble'), ('LOGNAME', 'hae'), ('_', '/usr/bin/colcon'), ('ROS_VERSION', '2'), ('XDG_SESSION_CLASS', 'user'), ('TERM', 'xterm-256color'), ('XDG_SESSION_ID', '6'), ('ROS_LOCALHOST_ONLY', '0'), ('PATH', '/home/hae/.vscode-server/cli/servers/Stable-f1e16e1e6214d7c44d078b1f0607b2388f29d729/server/bin/remote-cli:/opt/ros/humble/bin:/usr/local/sbin:/usr/local/bin:/usr/sbin:/usr/bin:/sbin:/bin:/usr/games:/usr/local/games:/snap/bin'), ('XDG_RUNTIME_DIR', '/run/user/1000'), ('SSL_CERT_DIR', '/usr/lib/ssl/certs'), ('LANG', 'en_US.UTF-8'), ('LS_COLORS', 'rs=0:di=01;34:ln=01;36:mh=00:pi=40;33:so=01;35:do=01;35:bd=40;33;01:cd=40;33;01:or=40;31;01:mi=00:su=37;41:sg=30;43:ca=30;41:tw=30;42:ow=34;42:st=37;44:ex=01;32:*.tar=01;31:*.tgz=01;31:*.arc=01;31:*.arj=01;31:*.taz=01;31:*.lha=01;31:*.lz4=01;31:*.lzh=01;31:*.lzma=01;31:*.tlz=01;31:*.txz=01;31:*.tzo=01;31:*.t7z=01;31:*.zip=01;31:*.z=01;31:*.dz=01;31:*.gz=01;31:*.lrz=01;31:*.lz=01;31:*.lzo=01;31:*.xz=01;31:*.zst=01;31:*.tzst=01;31:*.bz2=01;31:*.bz=01;31:*.tbz=01;31:*.tbz2=01;31:*.tz=01;31:*.deb=01;31:*.rpm=01;31:*.jar=01;31:*.war=01;31:*.ear=01;31:*.sar=01;31:*.rar=01;31:*.alz=01;31:*.ace=01;31:*.zoo=01;31:*.cpio=01;31:*.7z=01;31:*.rz=01;31:*.cab=01;31:*.wim=01;31:*.swm=01;31:*.dwm=01;31:*.esd=01;31:*.jpg=01;35:*.jpeg=01;35:*.mjpg=01;35:*.mjpeg=01;35:*.gif=01;35:*.bmp=01;35:*.pbm=01;35:*.pgm=01;35:*.ppm=01;35:*.tga=01;35:*.xbm=01;35:*.xpm=01;35:*.tif=01;35:*.tiff=01;35:*.png=01;35:*.svg=01;35:*.svgz=01;35:*.mng=01;35:*.pcx=01;35:*.mov=01;35:*.mpg=01;35:*.mpeg=01;35:*.m2v=01;35:*.mkv=01;35:*.webm=01;35:*.webp=01;35:*.ogm=01;35:*.mp4=01;35:*.m4v=01;35:*.mp4v=01;35:*.vob=01;35:*.qt=01;35:*.nuv=01;35:*.wmv=01;35:*.asf=01;35:*.rm=01;35:*.rmvb=01;35:*.flc=01;35:*.avi=01;35:*.fli=01;35:*.flv=01;35:*.gl=01;35:*.dl=01;35:*.xcf=01;35:*.xwd=01;35:*.yuv=01;35:*.cgm=01;35:*.emf=01;35:*.ogv=01;35:*.ogx=01;35:*.aac=00;36:*.au=00;36:*.flac=00;36:*.m4a=00;36:*.mid=00;36:*.midi=00;36:*.mka=00;36:*.mp3=00;36:*.mpc=00;36:*.ogg=00;36:*.ra=00;36:*.wav=00;36:*.oga=00;36:*.opus=00;36:*.spx=00;36:*.xspf=00;36:'), ('VSCODE_GIT_IPC_HANDLE', '/run/user/1000/vscode-git-340b3690c6.sock'), ('TERM_PROGRAM', 'vscode'), ('ROS_DOMAIN_ID', '31'), ('AMENT_PREFIX_PATH', '/home/hae/robot_ws/src/install/robot_move_pkg:/home/hae/robot_ws/src/install/robot_go_pkg:/home/hae/robot_ws/src/install/robot_cleaner_pkg:/home/hae/robot_ws/src/install/action_test:/home/hae/robot_ws/src/install/robot_action:/opt/ros/humble'), ('SHELL', '/bin/bash'), ('LESSCLOSE', '/usr/bin/lesspipe %s %s'), ('VSCODE_GIT_ASKPASS_EXTRA_ARGS', ''), ('PWD', '/home/hae/robot_ws/src/build/robot_action'), ('LC_ALL', 'en_US.UTF-8'), ('SSH_CONNECTION', '192.168.1.2 53864 192.168.1.3 22'), ('XDG_DATA_DIRS', '/usr/share/gnome:/usr/local/share:/usr/share:/var/lib/snapd/desktop'), ('PYTHONPATH', '/home/hae/robot_ws/src/install/robot_action/local/lib/python3.10/dist-packages:/opt/ros/humble/lib/python3.10/site-packages:/opt/ros/humble/local/lib/python3.10/dist-packages'), ('COLCON', '1'), ('CMAKE_PREFIX_PATH', '/home/hae/robot_ws/src/install/robot_move_pkg:/home/hae/robot_ws/src/install/robot_go_pkg:/home/hae/robot_ws/src/install/robot_cleaner_pkg:/home/hae/robot_ws/src/install/action_test:/home/hae/robot_ws/src/install/robot_action:/opt/ros/humble')]), 'shell': False}
[0.098936] (-) TimerEvent: {}
[0.170924] (robot_action) StdoutLine: {'line': b'-- Found ament_cmake: 1.3.9 (/opt/ros/humble/share/ament_cmake/cmake)\n'}
[0.199164] (-) TimerEvent: {}
[0.300043] (-) TimerEvent: {}
[0.400929] (-) TimerEvent: {}
[0.502282] (-) TimerEvent: {}
[0.603577] (-) TimerEvent: {}
[0.704428] (-) TimerEvent: {}
[0.712842] (robot_action) StdoutLine: {'line': b'-- Override CMake install command with custom implementation using symlinks instead of copying resources\n'}
[0.744194] (robot_action) StdoutLine: {'line': b'-- Found rosidl_default_generators: 1.2.0 (/opt/ros/humble/share/rosidl_default_generators/cmake)\n'}
[0.753017] (robot_action) StdoutLine: {'line': b'-- Using all available rosidl_typesupport_c: rosidl_typesupport_fastrtps_c;rosidl_typesupport_introspection_c\n'}
[0.764489] (robot_action) StdoutLine: {'line': b'-- Found rosidl_adapter: 3.1.5 (/opt/ros/humble/share/rosidl_adapter/cmake)\n'}
[0.804587] (-) TimerEvent: {}
[0.905306] (-) TimerEvent: {}
[0.941982] (robot_action) StdoutLine: {'line': b'-- Using all available rosidl_typesupport_cpp: rosidl_typesupport_fastrtps_cpp;rosidl_typesupport_introspection_cpp\n'}
[1.005514] (-) TimerEvent: {}
[1.106224] (-) TimerEvent: {}
[1.207065] (-) TimerEvent: {}
[1.308361] (-) TimerEvent: {}
[1.409290] (-) TimerEvent: {}
[1.510024] (-) TimerEvent: {}
[1.610781] (-) TimerEvent: {}
[1.711545] (-) TimerEvent: {}
[1.812314] (-) TimerEvent: {}
[1.913089] (-) TimerEvent: {}
[2.013906] (-) TimerEvent: {}
[2.114673] (-) TimerEvent: {}
[2.215493] (-) TimerEvent: {}
[2.316525] (-) TimerEvent: {}
[2.417244] (-) TimerEvent: {}
[2.518080] (-) TimerEvent: {}
[2.529350] (robot_action) StdoutLine: {'line': b'-- Found ament_cmake_ros: 0.10.0 (/opt/ros/humble/share/ament_cmake_ros/cmake)\n'}
[2.618236] (-) TimerEvent: {}
[2.719184] (-) TimerEvent: {}
[2.820214] (-) TimerEvent: {}
[2.920995] (-) TimerEvent: {}
[3.021760] (-) TimerEvent: {}
[3.122630] (-) TimerEvent: {}
[3.223340] (-) TimerEvent: {}
[3.324160] (-) TimerEvent: {}
[3.400569] (robot_action) StdoutLine: {'line': b'-- Using all available rosidl_typesupport_c: rosidl_typesupport_fastrtps_c;rosidl_typesupport_introspection_c\n'}
[3.424347] (-) TimerEvent: {}
[3.525028] (-) TimerEvent: {}
[3.625752] (-) TimerEvent: {}
[3.726619] (-) TimerEvent: {}
[3.827365] (-) TimerEvent: {}
[3.928102] (-) TimerEvent: {}
[4.029033] (-) TimerEvent: {}
[4.130100] (-) TimerEvent: {}
[4.231224] (-) TimerEvent: {}
[4.331989] (-) TimerEvent: {}
[4.432848] (-) TimerEvent: {}
[4.535336] (-) TimerEvent: {}
[4.547141] (robot_action) StdoutLine: {'line': b'-- Using all available rosidl_typesupport_cpp: rosidl_typesupport_fastrtps_cpp;rosidl_typesupport_introspection_cpp\n'}
[4.635759] (-) TimerEvent: {}
[4.657617] (robot_action) StdoutLine: {'line': b'-- Found python_cmake_module: 0.10.0 (/opt/ros/humble/share/python_cmake_module/cmake)\n'}
[4.735872] (-) TimerEvent: {}
[4.764361] (robot_action) StdoutLine: {'line': b'-- Using PYTHON_EXECUTABLE: /usr/bin/python3\n'}
[4.765116] (robot_action) StdoutLine: {'line': b'-- Using PYTHON_INCLUDE_DIRS: /usr/include/python3.10\n'}
[4.765544] (robot_action) StdoutLine: {'line': b'-- Using PYTHON_LIBRARIES: /usr/lib/aarch64-linux-gnu/libpython3.10.so\n'}
[4.836061] (-) TimerEvent: {}
[4.851726] (robot_action) StdoutLine: {'line': b'-- Found ament_lint_auto: 0.12.11 (/opt/ros/humble/share/ament_lint_auto/cmake)\n'}
[4.916826] (robot_action) StdoutLine: {'line': b"-- Added test 'flake8' to check Python code syntax and style conventions\n"}
[4.922296] (robot_action) StdoutLine: {'line': b"-- Added test 'lint_cmake' to check CMake code style\n"}
[4.925878] (robot_action) StdoutLine: {'line': b"-- Added test 'pep257' to check Python code against some of the docstring style conventions in PEP 257\n"}
[4.936215] (-) TimerEvent: {}
[4.948102] (robot_action) StdoutLine: {'line': b"-- Added test 'xmllint' to check XML markup files\n"}
[4.961868] (robot_action) StdoutLine: {'line': b'-- Configuring done\n'}
[5.036401] (-) TimerEvent: {}
[5.137182] (-) TimerEvent: {}
[5.165492] (robot_action) StdoutLine: {'line': b'-- Generating done\n'}
[5.191582] (robot_action) StdoutLine: {'line': b'-- Build files have been written to: /home/hae/robot_ws/src/build/robot_action\n'}
[5.237438] (-) TimerEvent: {}
[5.309063] (robot_action) StdoutLine: {'line': b'[  2%] \x1b[34m\x1b[1mGenerating C code for ROS interfaces\x1b[0m\n'}
[5.337679] (-) TimerEvent: {}
[5.358682] (robot_action) StdoutLine: {'line': b'[  5%] \x1b[34m\x1b[1mGenerating C++ code for ROS interfaces\x1b[0m\n'}
[5.400347] (robot_action) StdoutLine: {'line': b'[  5%] Built target ament_cmake_python_symlink_robot_action\n'}
[5.437900] (-) TimerEvent: {}
[5.538825] (-) TimerEvent: {}
[5.639672] (-) TimerEvent: {}
[5.740663] (-) TimerEvent: {}
[5.841574] (-) TimerEvent: {}
[5.942540] (-) TimerEvent: {}
[6.043354] (-) TimerEvent: {}
[6.144149] (-) TimerEvent: {}
[6.244929] (-) TimerEvent: {}
[6.345647] (-) TimerEvent: {}
[6.446394] (-) TimerEvent: {}
[6.547128] (-) TimerEvent: {}
[6.647866] (-) TimerEvent: {}
[6.748632] (-) TimerEvent: {}
[6.849431] (-) TimerEvent: {}
[6.870026] (robot_action) StdoutLine: {'line': b'running egg_info\n'}
[6.874164] (robot_action) StdoutLine: {'line': b'writing robot_action.egg-info/PKG-INFO\n'}
[6.879046] (robot_action) StdoutLine: {'line': b'writing dependency_links to robot_action.egg-info/dependency_links.txt\n'}
[6.879857] (robot_action) StdoutLine: {'line': b'writing top-level names to robot_action.egg-info/top_level.txt\n'}
[6.888466] (robot_action) StdoutLine: {'line': b"reading manifest file 'robot_action.egg-info/SOURCES.txt'\n"}
[6.891534] (robot_action) StdoutLine: {'line': b"writing manifest file 'robot_action.egg-info/SOURCES.txt'\n"}
[6.949739] (-) TimerEvent: {}
[7.040437] (robot_action) StdoutLine: {'line': b'[  5%] Built target ament_cmake_python_build_robot_action_egg\n'}
[7.049916] (-) TimerEvent: {}
[7.152516] (-) TimerEvent: {}
[7.254270] (-) TimerEvent: {}
[7.355117] (-) TimerEvent: {}
[7.455869] (-) TimerEvent: {}
[7.556554] (-) TimerEvent: {}
[7.657288] (-) TimerEvent: {}
[7.758080] (-) TimerEvent: {}
[7.859004] (-) TimerEvent: {}
[7.959688] (-) TimerEvent: {}
[8.060377] (-) TimerEvent: {}
[8.161360] (-) TimerEvent: {}
[8.262116] (-) TimerEvent: {}
[8.363324] (-) TimerEvent: {}
[8.464784] (-) TimerEvent: {}
[8.476376] (robot_action) StdoutLine: {'line': b'\x1b[35m\x1b[1mConsolidate compiler generated dependencies of target robot_action__rosidl_generator_c\x1b[0m\n'}
[8.565126] (-) TimerEvent: {}
[8.569690] (robot_action) StdoutLine: {'line': b'[  7%] \x1b[32mBuilding C object CMakeFiles/robot_action__rosidl_generator_c.dir/rosidl_generator_c/robot_action/action/detail/move__functions.c.o\x1b[0m\n'}
[8.573465] (robot_action) StdoutLine: {'line': b'[ 10%] \x1b[32mBuilding C object CMakeFiles/robot_action__rosidl_generator_c.dir/rosidl_generator_c/robot_action/action/detail/test__functions.c.o\x1b[0m\n'}
[8.596458] (robot_action) StdoutLine: {'line': b'[ 10%] Built target robot_action__cpp\n'}
[8.645518] (robot_action) StdoutLine: {'line': b'[ 12%] \x1b[34m\x1b[1mGenerating C++ type support dispatch for ROS interfaces\x1b[0m\n'}
[8.650490] (robot_action) StdoutLine: {'line': b'[ 15%] \x1b[34m\x1b[1mGenerating C++ type support for eProsima Fast-RTPS\x1b[0m\n'}
[8.665457] (-) TimerEvent: {}
[8.687911] (robot_action) StderrLine: {'line': b'In file included from \x1b[01m\x1b[K/home/hae/robot_ws/src/build/robot_action/rosidl_generator_c/robot_action/action/detail/move__functions.h:19\x1b[m\x1b[K,\n'}
[8.690862] (robot_action) StderrLine: {'line': b'                 from \x1b[01m\x1b[K/home/hae/robot_ws/src/build/robot_action/rosidl_generator_c/robot_action/action/detail/move__functions.c:4\x1b[m\x1b[K:\n'}
[8.693998] (robot_action) StderrLine: {'line': b'\x1b[01m\x1b[K/home/hae/robot_ws/src/build/robot_action/rosidl_generator_c/robot_action/action/detail/move__struct.h:22:10:\x1b[m\x1b[K \x1b[01;31m\x1b[Kfatal error: \x1b[m\x1b[Krobot_action/msg/detail/goal__struct.h: No such file or directory\n'}
[8.697145] (robot_action) StderrLine: {'line': b'   22 | #include \x1b[01;31m\x1b[K"robot_action/msg/detail/goal__struct.h"\x1b[m\x1b[K\n'}
[8.700243] (robot_action) StderrLine: {'line': b'      |          \x1b[01;31m\x1b[K^~~~~~~~~~~~~~~~~~~~~~~~~~~~~~~~~~~~~~~~\x1b[m\x1b[K\n'}
[8.704451] (robot_action) StderrLine: {'line': b'compilation terminated.\n'}
[8.712964] (robot_action) StderrLine: {'line': b'gmake[2]: *** [CMakeFiles/robot_action__rosidl_generator_c.dir/build.make:128: CMakeFiles/robot_action__rosidl_generator_c.dir/rosidl_generator_c/robot_action/action/detail/move__functions.c.o] Error 1\n'}
[8.715913] (robot_action) StderrLine: {'line': b'gmake[2]: *** Waiting for unfinished jobs....\n'}
[8.765727] (-) TimerEvent: {}
[8.776968] (robot_action) StdoutLine: {'line': b'[ 17%] \x1b[34m\x1b[1mGenerating C++ introspection for ROS interfaces\x1b[0m\n'}
[8.866034] (-) TimerEvent: {}
[8.968265] (-) TimerEvent: {}
[9.070438] (-) TimerEvent: {}
[9.172963] (-) TimerEvent: {}
[9.275967] (-) TimerEvent: {}
[9.364824] (robot_action) StderrLine: {'line': b'gmake[1]: *** [CMakeFiles/Makefile2:213: CMakeFiles/robot_action__rosidl_generator_c.dir/all] Error 2\n'}
[9.367231] (robot_action) StderrLine: {'line': b'gmake[1]: *** Waiting for unfinished jobs....\n'}
[9.376151] (-) TimerEvent: {}
[9.477397] (-) TimerEvent: {}
[9.578675] (-) TimerEvent: {}
[9.679448] (-) TimerEvent: {}
[9.780204] (-) TimerEvent: {}
[9.880940] (-) TimerEvent: {}
[9.981720] (-) TimerEvent: {}
[10.086532] (-) TimerEvent: {}
[10.188172] (-) TimerEvent: {}
[10.288886] (-) TimerEvent: {}
[10.389590] (-) TimerEvent: {}
[10.490347] (-) TimerEvent: {}
[10.591629] (-) TimerEvent: {}
[10.593574] (robot_action) StdoutLine: {'line': b'\x1b[35m\x1b[1mConsolidate compiler generated dependencies of target robot_action__rosidl_typesupport_cpp\x1b[0m\n'}
[10.668921] (robot_action) StdoutLine: {'line': b'[ 20%] \x1b[32mBuilding CXX object CMakeFiles/robot_action__rosidl_typesupport_cpp.dir/rosidl_typesupport_cpp/robot_action/action/move__type_support.cpp.o\x1b[0m\n'}
[10.670318] (robot_action) StdoutLine: {'line': b'[ 23%] \x1b[32mBuilding CXX object CMakeFiles/robot_action__rosidl_typesupport_cpp.dir/rosidl_typesupport_cpp/robot_action/action/test__type_support.cpp.o\x1b[0m\n'}
[10.691845] (-) TimerEvent: {}
[10.793569] (-) TimerEvent: {}
[10.894930] (-) TimerEvent: {}
[10.996312] (-) TimerEvent: {}
[11.071214] (robot_action) StderrLine: {'line': b'In file included from \x1b[01m\x1b[K/home/hae/robot_ws/src/build/robot_action/rosidl_typesupport_cpp/robot_action/action/move__type_support.cpp:7\x1b[m\x1b[K:\n'}
[11.073097] (robot_action) StderrLine: {'line': b'\x1b[01m\x1b[K/home/hae/robot_ws/src/build/robot_action/rosidl_generator_cpp/robot_action/action/detail/move__struct.hpp:20:10:\x1b[m\x1b[K \x1b[01;31m\x1b[Kfatal error: \x1b[m\x1b[Krobot_action/msg/detail/goal__struct.hpp: No such file or directory\n'}
[11.074539] (robot_action) StderrLine: {'line': b'   20 | #include \x1b[01;31m\x1b[K"robot_action/msg/detail/goal__struct.hpp"\x1b[m\x1b[K\n'}
[11.076439] (robot_action) StderrLine: {'line': b'      |          \x1b[01;31m\x1b[K^~~~~~~~~~~~~~~~~~~~~~~~~~~~~~~~~~~~~~~~~~\x1b[m\x1b[K\n'}
[11.079176] (robot_action) StderrLine: {'line': b'compilation terminated.\n'}
[11.089305] (robot_action) StderrLine: {'line': b'gmake[2]: *** [CMakeFiles/robot_action__rosidl_typesupport_cpp.dir/build.make:97: CMakeFiles/robot_action__rosidl_typesupport_cpp.dir/rosidl_typesupport_cpp/robot_action/action/move__type_support.cpp.o] Error 1\n'}
[11.090236] (robot_action) StderrLine: {'line': b'gmake[2]: *** Waiting for unfinished jobs....\n'}
[11.096486] (-) TimerEvent: {}
[11.198038] (-) TimerEvent: {}
[11.214955] (robot_action) StdoutLine: {'line': b'\x1b[35m\x1b[1mConsolidate compiler generated dependencies of target robot_action__rosidl_typesupport_introspection_cpp\x1b[0m\n'}
[11.297293] (robot_action) StdoutLine: {'line': b'[ 25%] \x1b[32mBuilding CXX object CMakeFiles/robot_action__rosidl_typesupport_introspection_cpp.dir/rosidl_typesupport_introspection_cpp/robot_action/action/detail/move__type_support.cpp.o\x1b[0m\n'}
[11.305933] (-) TimerEvent: {}
[11.312208] (robot_action) StdoutLine: {'line': b'[ 28%] \x1b[32mBuilding CXX object CMakeFiles/robot_action__rosidl_typesupport_introspection_cpp.dir/rosidl_typesupport_introspection_cpp/robot_action/action/detail/test__type_support.cpp.o\x1b[0m\n'}
[11.406275] (-) TimerEvent: {}
[11.507683] (-) TimerEvent: {}
[11.609106] (-) TimerEvent: {}
[11.710792] (-) TimerEvent: {}
[11.751194] (robot_action) StderrLine: {'line': b'In file included from \x1b[01m\x1b[K/home/hae/robot_ws/src/build/robot_action/rosidl_typesupport_introspection_cpp/robot_action/action/detail/move__type_support.cpp:12\x1b[m\x1b[K:\n'}
[11.754369] (robot_action) StderrLine: {'line': b'\x1b[01m\x1b[K/home/hae/robot_ws/src/build/robot_action/rosidl_generator_cpp/robot_action/action/detail/move__struct.hpp:20:10:\x1b[m\x1b[K \x1b[01;31m\x1b[Kfatal error: \x1b[m\x1b[Krobot_action/msg/detail/goal__struct.hpp: No such file or directory\n'}
[11.757338] (robot_action) StderrLine: {'line': b'   20 | #include \x1b[01;31m\x1b[K"robot_action/msg/detail/goal__struct.hpp"\x1b[m\x1b[K\n'}
[11.760586] (robot_action) StderrLine: {'line': b'      |          \x1b[01;31m\x1b[K^~~~~~~~~~~~~~~~~~~~~~~~~~~~~~~~~~~~~~~~~~\x1b[m\x1b[K\n'}
[11.763626] (robot_action) StderrLine: {'line': b'compilation terminated.\n'}
[11.766747] (robot_action) StderrLine: {'line': b'gmake[2]: *** [CMakeFiles/robot_action__rosidl_typesupport_introspection_cpp.dir/build.make:105: CMakeFiles/robot_action__rosidl_typesupport_introspection_cpp.dir/rosidl_typesupport_introspection_cpp/robot_action/action/detail/move__type_support.cpp.o] Error 1\n'}
[11.769633] (robot_action) StderrLine: {'line': b'gmake[2]: *** Waiting for unfinished jobs....\n'}
[11.811275] (-) TimerEvent: {}
[11.852880] (robot_action) StdoutLine: {'line': b'\x1b[35m\x1b[1mConsolidate compiler generated dependencies of target robot_action__rosidl_typesupport_fastrtps_cpp\x1b[0m\n'}
[11.911499] (-) TimerEvent: {}
[11.944100] (robot_action) StdoutLine: {'line': b'[ 30%] \x1b[32mBuilding CXX object CMakeFiles/robot_action__rosidl_typesupport_fastrtps_cpp.dir/rosidl_typesupport_fastrtps_cpp/robot_action/action/detail/dds_fastrtps/move__type_support.cpp.o\x1b[0m\n'}
[11.964266] (robot_action) StdoutLine: {'line': b'[ 33%] \x1b[32mBuilding CXX object CMakeFiles/robot_action__rosidl_typesupport_fastrtps_cpp.dir/rosidl_typesupport_fastrtps_cpp/robot_action/action/detail/dds_fastrtps/test__type_support.cpp.o\x1b[0m\n'}
[12.011779] (-) TimerEvent: {}
[12.113571] (-) TimerEvent: {}
[12.215578] (-) TimerEvent: {}
[12.317101] (-) TimerEvent: {}
[12.373472] (robot_action) StderrLine: {'line': b'In file included from \x1b[01m\x1b[K/home/hae/robot_ws/src/build/robot_action/rosidl_typesupport_fastrtps_cpp/robot_action/action/detail/move__rosidl_typesupport_fastrtps_cpp.hpp:11\x1b[m\x1b[K,\n'}
[12.377415] (robot_action) StderrLine: {'line': b'                 from \x1b[01m\x1b[K/home/hae/robot_ws/src/build/robot_action/rosidl_typesupport_fastrtps_cpp/robot_action/action/detail/dds_fastrtps/move__type_support.cpp:4\x1b[m\x1b[K:\n'}
[12.382508] (robot_action) StderrLine: {'line': b'\x1b[01m\x1b[K/home/hae/robot_ws/src/build/robot_action/rosidl_generator_cpp/robot_action/action/detail/move__struct.hpp:20:10:\x1b[m\x1b[K \x1b[01;31m\x1b[Kfatal error: \x1b[m\x1b[Krobot_action/msg/detail/goal__struct.hpp: No such file or directory\n'}
[12.386220] (robot_action) StderrLine: {'line': b'   20 | #include \x1b[01;31m\x1b[K"robot_action/msg/detail/goal__struct.hpp"\x1b[m\x1b[K\n'}
[12.389630] (robot_action) StderrLine: {'line': b'      |          \x1b[01;31m\x1b[K^~~~~~~~~~~~~~~~~~~~~~~~~~~~~~~~~~~~~~~~~~\x1b[m\x1b[K\n'}
[12.393310] (robot_action) StderrLine: {'line': b'compilation terminated.\n'}
[12.396866] (robot_action) StderrLine: {'line': b'gmake[2]: *** [CMakeFiles/robot_action__rosidl_typesupport_fastrtps_cpp.dir/build.make:105: CMakeFiles/robot_action__rosidl_typesupport_fastrtps_cpp.dir/rosidl_typesupport_fastrtps_cpp/robot_action/action/detail/dds_fastrtps/move__type_support.cpp.o] Error 1\n'}
[12.400555] (robot_action) StderrLine: {'line': b'gmake[2]: *** Waiting for unfinished jobs....\n'}
[12.417290] (-) TimerEvent: {}
[12.519646] (-) TimerEvent: {}
[12.622729] (-) TimerEvent: {}
[12.724018] (-) TimerEvent: {}
[12.825338] (-) TimerEvent: {}
[12.926829] (-) TimerEvent: {}
[13.028057] (-) TimerEvent: {}
[13.129572] (-) TimerEvent: {}
[13.232099] (-) TimerEvent: {}
[13.333465] (-) TimerEvent: {}
[13.435390] (-) TimerEvent: {}
[13.466721] (robot_action) StderrLine: {'line': b'gmake[1]: *** [CMakeFiles/Makefile2:395: CMakeFiles/robot_action__rosidl_typesupport_cpp.dir/all] Error 2\n'}
[13.535602] (-) TimerEvent: {}
[13.637091] (-) TimerEvent: {}
[13.738094] (-) TimerEvent: {}
[13.839312] (-) TimerEvent: {}
[13.940462] (-) TimerEvent: {}
[14.041521] (-) TimerEvent: {}
[14.142456] (-) TimerEvent: {}
[14.243935] (-) TimerEvent: {}
[14.344960] (-) TimerEvent: {}
[14.445979] (-) TimerEvent: {}
[14.546919] (-) TimerEvent: {}
[14.647833] (-) TimerEvent: {}
[14.699611] (robot_action) StderrLine: {'line': b'gmake[1]: *** [CMakeFiles/Makefile2:369: CMakeFiles/robot_action__rosidl_typesupport_introspection_cpp.dir/all] Error 2\n'}
[14.748035] (-) TimerEvent: {}
[14.849042] (-) TimerEvent: {}
[14.949904] (-) TimerEvent: {}
[14.956623] (robot_action) StderrLine: {'line': b'gmake[1]: *** [CMakeFiles/Makefile2:343: CMakeFiles/robot_action__rosidl_typesupport_fastrtps_cpp.dir/all] Error 2\n'}
[14.957916] (robot_action) StderrLine: {'line': b'gmake: *** [Makefile:146: all] Error 2\n'}
[14.963740] (robot_action) CommandEnded: {'returncode': 2}
[15.050075] (-) TimerEvent: {}
[15.151041] (-) TimerEvent: {}
[15.251906] (-) TimerEvent: {}
[15.352592] (-) TimerEvent: {}
[15.453511] (-) TimerEvent: {}
[15.482629] (robot_action) JobEnded: {'identifier': 'robot_action', 'rc': 2}
[15.494375] (-) EventReactorShutdown: {}
