[0.056s] Invoking command in '/home/hae/robot_ws/src/build/robot_go_pkg': CMAKE_PREFIX_PATH=${CMAKE_PREFIX_PATH}:/opt/ros/humble /usr/bin/cmake --build /home/hae/robot_ws/src/build/robot_go_pkg -- -j4 -l4
[0.159s] -- Found ament_cmake: 1.3.9 (/opt/ros/humble/share/ament_cmake/cmake)
[0.684s] -- Override CMake install command with custom implementation using symlinks instead of copying resources
[0.715s] -- Found rclcpp: 16.0.9 (/opt/ros/humble/share/rclcpp/cmake)
[0.885s] -- Found rosidl_generator_c: 3.1.5 (/opt/ros/humble/share/rosidl_generator_c/cmake)
[0.896s] -- Found rosidl_adapter: 3.1.5 (/opt/ros/humble/share/rosidl_adapter/cmake)
[0.920s] -- Found rosidl_generator_cpp: 3.1.5 (/opt/ros/humble/share/rosidl_generator_cpp/cmake)
[0.965s] -- Using all available rosidl_typesupport_c: rosidl_typesupport_fastrtps_c;rosidl_typesupport_introspection_c
[1.027s] -- Using all available rosidl_typesupport_cpp: rosidl_typesupport_fastrtps_cpp;rosidl_typesupport_introspection_cpp
[1.252s] -- Found rmw_implementation_cmake: 6.1.2 (/opt/ros/humble/share/rmw_implementation_cmake/cmake)
[1.258s] -- Found rmw_fastrtps_cpp: 6.2.6 (/opt/ros/humble/share/rmw_fastrtps_cpp/cmake)
[2.241s] -- Using RMW implementation 'rmw_fastrtps_cpp' as default
[2.826s] -- Found geometry_msgs: 4.2.4 (/opt/ros/humble/share/geometry_msgs/cmake)
[2.986s] -- Found nav_msgs: 4.2.4 (/opt/ros/humble/share/nav_msgs/cmake)
[3.290s] -- Found action_msgs: 1.2.1 (/opt/ros/humble/share/action_msgs/cmake)
[3.513s] -- Found sensor_msgs: 4.2.4 (/opt/ros/humble/share/sensor_msgs/cmake)
[3.816s] -- Found ament_lint_auto: 0.12.11 (/opt/ros/humble/share/ament_lint_auto/cmake)
[4.152s] -- Added test 'cppcheck' to perform static code analysis on C / C++ code
[4.152s] -- Configured cppcheck include dirs: 
[4.153s] -- Configured cppcheck exclude dirs and/or files: 
[4.156s] -- Added test 'lint_cmake' to check CMake code style
[4.164s] -- Added test 'uncrustify' to check C / C++ code style
[4.165s] -- Configured uncrustify additional arguments: 
[4.167s] -- Added test 'xmllint' to check XML markup files
[4.172s] -- Configuring done
[4.258s] -- Generating done
[4.268s] -- Build files have been written to: /home/hae/robot_ws/src/build/robot_go_pkg
[4.379s] [35m[1mConsolidate compiler generated dependencies of target test_node[0m
[4.381s] [35m[1mConsolidate compiler generated dependencies of target scan_node[0m
[4.450s] [ 16%] [32mBuilding CXX object CMakeFiles/go_node.dir/src/go.cpp.o[0m
[4.501s] [01m[K/home/hae/robot_ws/src/robot_go_pkg/src/go.cpp:1:10:[m[K [01;31m[Kfatal error: [m[Krclcpp/rclcpp.hpp: No such file or directory
[4.502s]     1 | #include [01;31m[K"rclcpp/rclcpp.hpp"[m[K
[4.503s]       |          [01;31m[K^~~~~~~~~~~~~~~~~~~[m[K
[4.503s] compilation terminated.
[4.512s] gmake[2]: *** [CMakeFiles/go_node.dir/build.make:76: CMakeFiles/go_node.dir/src/go.cpp.o] Error 1
[4.512s] gmake[1]: *** [CMakeFiles/Makefile2:193: CMakeFiles/go_node.dir/all] Error 2
[4.513s] gmake[1]: *** Waiting for unfinished jobs....
[4.527s] [ 50%] Built target scan_node
[4.535s] [ 83%] Built target test_node
[4.539s] gmake: *** [Makefile:146: all] Error 2
[4.545s] Invoked command in '/home/hae/robot_ws/src/build/robot_go_pkg' returned '2': CMAKE_PREFIX_PATH=${CMAKE_PREFIX_PATH}:/opt/ros/humble /usr/bin/cmake --build /home/hae/robot_ws/src/build/robot_go_pkg -- -j4 -l4
