-- Found ament_cmake: 1.3.9 (/opt/ros/humble/share/ament_cmake/cmake)
-- Override CMake install command with custom implementation using symlinks instead of copying resources
-- Found rclcpp: 16.0.9 (/opt/ros/humble/share/rclcpp/cmake)
-- Found rosidl_generator_c: 3.1.5 (/opt/ros/humble/share/rosidl_generator_c/cmake)
-- Found rosidl_adapter: 3.1.5 (/opt/ros/humble/share/rosidl_adapter/cmake)
-- Found rosidl_generator_cpp: 3.1.5 (/opt/ros/humble/share/rosidl_generator_cpp/cmake)
-- Using all available rosidl_typesupport_c: rosidl_typesupport_fastrtps_c;rosidl_typesupport_introspection_c
-- Using all available rosidl_typesupport_cpp: rosidl_typesupport_fastrtps_cpp;rosidl_typesupport_introspection_cpp
-- Found rmw_implementation_cmake: 6.1.2 (/opt/ros/humble/share/rmw_implementation_cmake/cmake)
-- Found rmw_fastrtps_cpp: 6.2.6 (/opt/ros/humble/share/rmw_fastrtps_cpp/cmake)
-- Using RMW implementation 'rmw_fastrtps_cpp' as default
-- Found geometry_msgs: 4.2.4 (/opt/ros/humble/share/geometry_msgs/cmake)
-- Found nav_msgs: 4.2.4 (/opt/ros/humble/share/nav_msgs/cmake)
-- Found action_msgs: 1.2.1 (/opt/ros/humble/share/action_msgs/cmake)
-- Found sensor_msgs: 4.2.4 (/opt/ros/humble/share/sensor_msgs/cmake)
-- Found robot_action: 0.0.0 (/home/hae/robot_ws/src/install/robot_action/share/robot_action/cmake)
-- Found rclcpp_action: 16.0.9 (/opt/ros/humble/share/rclcpp_action/cmake)
-- Found ament_lint_auto: 0.12.11 (/opt/ros/humble/share/ament_lint_auto/cmake)
-- Added test 'cppcheck' to perform static code analysis on C / C++ code
-- Configured cppcheck include dirs: 
-- Configured cppcheck exclude dirs and/or files: 
-- Added test 'lint_cmake' to check CMake code style
-- Added test 'uncrustify' to check C / C++ code style
-- Configured uncrustify additional arguments: 
-- Added test 'xmllint' to check XML markup files
-- Configuring done
-- Generating done
-- Build files have been written to: /home/hae/robot_ws/src/build/robot_go_pkg
[35m[1mConsolidate compiler generated dependencies of target go_node[0m
[ 50%] [32mBuilding CXX object CMakeFiles/go_node.dir/src/go.cpp.o[0m
[01m[K/home/hae/robot_ws/src/robot_go_pkg/src/go.cpp:23:26:[m[K [01;31m[Kerror: [m[Kâ€˜[01m[Knav_msgs[m[Kâ€™ was not declared in this scope
   23 |     rclcpp::Subscription<[01;31m[Knav_msgs[m[K::msg::Odometry>::SharedPtr subscription_;
      |                          [01;31m[K^~~~~~~~[m[K
[01m[K/home/hae/robot_ws/src/robot_go_pkg/src/go.cpp:23:49:[m[K [01;31m[Kerror: [m[Ktemplate argument 1 is invalid
   23 |     rclcpp::Subscription<nav_msgs::msg::Odometry[01;31m[K>[m[K::SharedPtr subscription_;
      |                                                 [01;31m[K^[m[K
[01m[K/home/hae/robot_ws/src/robot_go_pkg/src/go.cpp:23:49:[m[K [01;31m[Kerror: [m[Ktemplate argument 3 is invalid
[01m[K/home/hae/robot_ws/src/robot_go_pkg/src/go.cpp:23:49:[m[K [01;31m[Kerror: [m[Ktemplate argument 4 is invalid
[01m[K/home/hae/robot_ws/src/robot_go_pkg/src/go.cpp:23:49:[m[K [01;31m[Kerror: [m[Ktemplate argument 5 is invalid
[01m[K/home/hae/robot_ws/src/robot_go_pkg/src/go.cpp:23:52:[m[K [01;31m[Kerror: [m[Kexpected â€˜[01m[K;[m[Kâ€™ at end of member declaration
   23 |     rclcpp::Subscription<nav_msgs::msg::Odometry>::[01;31m[KSharedPtr[m[K subscription_;
      |                                                    [01;31m[K^~~~~~~~~[m[K
      |                                                             [32m[K;[m[K
[01m[K/home/hae/robot_ws/src/robot_go_pkg/src/go.cpp:23:62:[m[K [01;31m[Kerror: [m[Kâ€˜[01m[Ksubscription_[m[Kâ€™ does not name a type; did you mean â€˜[01m[Krmw_subscription_t[m[Kâ€™?
   23 |     rclcpp::Subscription<nav_msgs::msg::Odometry>::SharedPtr [01;31m[Ksubscription_[m[K;
      |                                                              [01;31m[K^~~~~~~~~~~~~[m[K
      |                                                              [32m[Krmw_subscription_t[m[K
[01m[K/home/hae/robot_ws/src/robot_go_pkg/src/go.cpp:29:28:[m[K [01;31m[Kerror: [m[Kâ€˜[01m[Knav_msgs[m[Kâ€™ does not name a type
   29 |     void handle_odom(const [01;31m[Knav_msgs[m[K::msg::Odometry::SharedPtr msg)
      |                            [01;31m[K^~~~~~~~[m[K
[01m[K/home/hae/robot_ws/src/robot_go_pkg/src/go.cpp:29:41:[m[K [01;31m[Kerror: [m[Kexpected unqualified-id before â€˜[01m[K::[m[Kâ€™ token
   29 |     void handle_odom(const nav_msgs::msg[01;31m[K::[m[KOdometry::SharedPtr msg)
      |                                         [01;31m[K^~[m[K
[01m[K/home/hae/robot_ws/src/robot_go_pkg/src/go.cpp:29:41:[m[K [01;31m[Kerror: [m[Kexpected â€˜[01m[K)[m[Kâ€™ before â€˜[01m[K::[m[Kâ€™ token
   29 |     void handle_odom[34m[K([m[Kconst nav_msgs::msg[01;31m[K:[m[K[32m[K:[m[KOdometry::SharedPtr msg)
      |                     [34m[K~[m[K                   [01;31m[K^[m[K[32m[K~[m[K
      |                                         [32m[K)[m[K
[01m[K/home/hae/robot_ws/src/robot_go_pkg/src/go.cpp:29:38:[m[K [01;31m[Kerror: [m[Kexpected â€˜[01m[K;[m[Kâ€™ at end of member declaration
   29 |     void handle_odom(const nav_msgs::[01;31m[Kmsg[m[K::Odometry::SharedPtr msg)
      |                                      [01;31m[K^~~[m[K
      |                                         [32m[K;[m[K
[01m[K/home/hae/robot_ws/src/robot_go_pkg/src/go.cpp:29:43:[m[K [01;31m[Kerror: [m[Kâ€˜[01m[KOdometry[m[Kâ€™ in namespace â€˜[01m[K::[m[Kâ€™ does not name a type
   29 |     void handle_odom(const nav_msgs::msg::[01;31m[KOdometry[m[K::SharedPtr msg)
      |                                           [01;31m[K^~~~~~~~[m[K
[01m[K/home/hae/robot_ws/src/robot_go_pkg/src/go.cpp:[m[K In constructor â€˜[01m[KTurtlebotController::TurtlebotController()[m[Kâ€™:
[01m[K/home/hae/robot_ws/src/robot_go_pkg/src/go.cpp:66:9:[m[K [01;31m[Kerror: [m[Kâ€˜[01m[Ksubscription_[m[Kâ€™ was not declared in this scope; did you mean â€˜[01m[Krmw_subscription_t[m[Kâ€™?
   66 |         [01;31m[Ksubscription_[m[K = this->create_subscription<nav_msgs::msg::Odometry>(
      |         [01;31m[K^~~~~~~~~~~~~[m[K
      |         [32m[Krmw_subscription_t[m[K
[01m[K/home/hae/robot_ws/src/robot_go_pkg/src/go.cpp:66:51:[m[K [01;31m[Kerror: [m[Kâ€˜[01m[Knav_msgs[m[Kâ€™ was not declared in this scope
   66 |         subscription_ = this->create_subscription<[01;31m[Knav_msgs[m[K::msg::Odometry>(
      |                                                   [01;31m[K^~~~~~~~[m[K
[01m[K/home/hae/robot_ws/src/robot_go_pkg/src/go.cpp:66:31:[m[K [01;31m[Kerror: [m[Kparse error in template argument list
   66 |         subscription_ = this->[01;31m[Kcreate_subscription<nav_msgs::msg::Odometry>[m[K(
      |                               [01;31m[K^~~~~~~~~~~~~~~~~~~~~~~~~~~~~~~~~~~~~~~~~~~~[m[K
[01m[K/home/hae/robot_ws/src/robot_go_pkg/src/go.cpp:69:24:[m[K [01;31m[Kerror: [m[Kâ€˜[01m[Knav_msgs[m[Kâ€™ does not name a type
   69 |           [this](const [01;31m[Knav_msgs[m[K::msg::Odometry::SharedPtr msg) {
      |                        [01;31m[K^~~~~~~~[m[K
[01m[K/home/hae/robot_ws/src/robot_go_pkg/src/go.cpp:[m[K In lambda function:
[01m[K/home/hae/robot_ws/src/robot_go_pkg/src/go.cpp:72:10:[m[K [01;31m[Kerror: [m[Kexpected â€˜[01m[K{[m[Kâ€™ before â€˜[01m[K;[m[Kâ€™ token
   72 |         )[01;31m[K;[m[K
      |          [01;31m[K^[m[K
[01m[K/home/hae/robot_ws/src/robot_go_pkg/src/go.cpp:[m[K In constructor â€˜[01m[KTurtlebotController::TurtlebotController()[m[Kâ€™:
[01m[K/home/hae/robot_ws/src/robot_go_pkg/src/go.cpp:72:10:[m[K [01;31m[Kerror: [m[Kexpected â€˜[01m[K)[m[Kâ€™ before â€˜[01m[K;[m[Kâ€™ token
[01m[K/home/hae/robot_ws/src/robot_go_pkg/src/go.cpp:66:75:[m[K [01;36m[Knote: [m[Kto match this â€˜[01m[K([m[Kâ€™
   66 |         subscription_ = this->create_subscription<nav_msgs::msg::Odometry>[01;36m[K([m[K
      |                                                                           [01;36m[K^[m[K
gmake[2]: *** [CMakeFiles/go_node.dir/build.make:76: CMakeFiles/go_node.dir/src/go.cpp.o] Error 1
gmake[1]: *** [CMakeFiles/Makefile2:137: CMakeFiles/go_node.dir/all] Error 2
gmake: *** [Makefile:146: all] Error 2
