[0.065s] Invoking command in '/home/hae/robot_ws/src/build/robot_go_pkg': AMENT_PREFIX_PATH=/home/hae/robot_ws/src/install/robot_action:${AMENT_PREFIX_PATH} CMAKE_PREFIX_PATH=/home/hae/robot_ws/src/install/robot_action:/opt/ros/humble LD_LIBRARY_PATH=/home/hae/robot_ws/src/install/robot_action/lib:${LD_LIBRARY_PATH} PYTHONPATH=/home/hae/robot_ws/src/install/robot_action/local/lib/python3.10/dist-packages:${PYTHONPATH} /usr/bin/cmake --build /home/hae/robot_ws/src/build/robot_go_pkg -- -j4 -l4
[0.171s] -- Found ament_cmake: 1.3.9 (/opt/ros/humble/share/ament_cmake/cmake)
[0.708s] -- Override CMake install command with custom implementation using symlinks instead of copying resources
[0.741s] -- Found rclcpp: 16.0.9 (/opt/ros/humble/share/rclcpp/cmake)
[0.912s] -- Found rosidl_generator_c: 3.1.5 (/opt/ros/humble/share/rosidl_generator_c/cmake)
[0.922s] -- Found rosidl_adapter: 3.1.5 (/opt/ros/humble/share/rosidl_adapter/cmake)
[0.946s] -- Found rosidl_generator_cpp: 3.1.5 (/opt/ros/humble/share/rosidl_generator_cpp/cmake)
[0.989s] -- Using all available rosidl_typesupport_c: rosidl_typesupport_fastrtps_c;rosidl_typesupport_introspection_c
[1.054s] -- Using all available rosidl_typesupport_cpp: rosidl_typesupport_fastrtps_cpp;rosidl_typesupport_introspection_cpp
[1.278s] -- Found rmw_implementation_cmake: 6.1.2 (/opt/ros/humble/share/rmw_implementation_cmake/cmake)
[1.284s] -- Found rmw_fastrtps_cpp: 6.2.6 (/opt/ros/humble/share/rmw_fastrtps_cpp/cmake)
[2.257s] -- Using RMW implementation 'rmw_fastrtps_cpp' as default
[2.846s] -- Found geometry_msgs: 4.2.4 (/opt/ros/humble/share/geometry_msgs/cmake)
[3.006s] -- Found nav_msgs: 4.2.4 (/opt/ros/humble/share/nav_msgs/cmake)
[3.310s] -- Found action_msgs: 1.2.1 (/opt/ros/humble/share/action_msgs/cmake)
[3.533s] -- Found sensor_msgs: 4.2.4 (/opt/ros/humble/share/sensor_msgs/cmake)
[3.839s] -- Found robot_action: 0.0.0 (/home/hae/robot_ws/src/install/robot_action/share/robot_action/cmake)
[4.031s] -- Found rclcpp_action: 16.0.9 (/opt/ros/humble/share/rclcpp_action/cmake)
[4.134s] -- Found ament_lint_auto: 0.12.11 (/opt/ros/humble/share/ament_lint_auto/cmake)
[4.457s] -- Added test 'cppcheck' to perform static code analysis on C / C++ code
[4.458s] -- Configured cppcheck include dirs: 
[4.458s] -- Configured cppcheck exclude dirs and/or files: 
[4.463s] -- Added test 'lint_cmake' to check CMake code style
[4.471s] -- Added test 'uncrustify' to check C / C++ code style
[4.472s] -- Configured uncrustify additional arguments: 
[4.473s] -- Added test 'xmllint' to check XML markup files
[4.478s] -- Configuring done
[4.548s] -- Generating done
[4.557s] -- Build files have been written to: /home/hae/robot_ws/src/build/robot_go_pkg
[4.670s] [35m[1mConsolidate compiler generated dependencies of target go_node[0m
[4.764s] [ 50%] [32mBuilding CXX object CMakeFiles/go_node.dir/src/go.cpp.o[0m
[14.629s] [01m[K/home/hae/robot_ws/src/robot_go_pkg/src/go.cpp:23:26:[m[K [01;31m[Kerror: [m[Kâ€˜[01m[Knav_msgs[m[Kâ€™ was not declared in this scope
[14.630s]    23 |     rclcpp::Subscription<[01;31m[Knav_msgs[m[K::msg::Odometry>::SharedPtr subscription_;
[14.630s]       |                          [01;31m[K^~~~~~~~[m[K
[14.631s] [01m[K/home/hae/robot_ws/src/robot_go_pkg/src/go.cpp:23:49:[m[K [01;31m[Kerror: [m[Ktemplate argument 1 is invalid
[14.631s]    23 |     rclcpp::Subscription<nav_msgs::msg::Odometry[01;31m[K>[m[K::SharedPtr subscription_;
[14.632s]       |                                                 [01;31m[K^[m[K
[14.632s] [01m[K/home/hae/robot_ws/src/robot_go_pkg/src/go.cpp:23:49:[m[K [01;31m[Kerror: [m[Ktemplate argument 3 is invalid
[14.633s] [01m[K/home/hae/robot_ws/src/robot_go_pkg/src/go.cpp:23:49:[m[K [01;31m[Kerror: [m[Ktemplate argument 4 is invalid
[14.633s] [01m[K/home/hae/robot_ws/src/robot_go_pkg/src/go.cpp:23:49:[m[K [01;31m[Kerror: [m[Ktemplate argument 5 is invalid
[14.633s] [01m[K/home/hae/robot_ws/src/robot_go_pkg/src/go.cpp:23:52:[m[K [01;31m[Kerror: [m[Kexpected â€˜[01m[K;[m[Kâ€™ at end of member declaration
[14.634s]    23 |     rclcpp::Subscription<nav_msgs::msg::Odometry>::[01;31m[KSharedPtr[m[K subscription_;
[14.634s]       |                                                    [01;31m[K^~~~~~~~~[m[K
[14.635s]       |                                                             [32m[K;[m[K
[14.637s] [01m[K/home/hae/robot_ws/src/robot_go_pkg/src/go.cpp:23:62:[m[K [01;31m[Kerror: [m[Kâ€˜[01m[Ksubscription_[m[Kâ€™ does not name a type; did you mean â€˜[01m[Krmw_subscription_t[m[Kâ€™?
[14.638s]    23 |     rclcpp::Subscription<nav_msgs::msg::Odometry>::SharedPtr [01;31m[Ksubscription_[m[K;
[14.638s]       |                                                              [01;31m[K^~~~~~~~~~~~~[m[K
[14.639s]       |                                                              [32m[Krmw_subscription_t[m[K
[14.643s] [01m[K/home/hae/robot_ws/src/robot_go_pkg/src/go.cpp:29:28:[m[K [01;31m[Kerror: [m[Kâ€˜[01m[Knav_msgs[m[Kâ€™ does not name a type
[14.644s]    29 |     void handle_odom(const [01;31m[Knav_msgs[m[K::msg::Odometry::SharedPtr msg)
[14.644s]       |                            [01;31m[K^~~~~~~~[m[K
[14.645s] [01m[K/home/hae/robot_ws/src/robot_go_pkg/src/go.cpp:29:41:[m[K [01;31m[Kerror: [m[Kexpected unqualified-id before â€˜[01m[K::[m[Kâ€™ token
[14.645s]    29 |     void handle_odom(const nav_msgs::msg[01;31m[K::[m[KOdometry::SharedPtr msg)
[14.646s]       |                                         [01;31m[K^~[m[K
[14.646s] [01m[K/home/hae/robot_ws/src/robot_go_pkg/src/go.cpp:29:41:[m[K [01;31m[Kerror: [m[Kexpected â€˜[01m[K)[m[Kâ€™ before â€˜[01m[K::[m[Kâ€™ token
[14.647s]    29 |     void handle_odom[34m[K([m[Kconst nav_msgs::msg[01;31m[K:[m[K[32m[K:[m[KOdometry::SharedPtr msg)
[14.648s]       |                     [34m[K~[m[K                   [01;31m[K^[m[K[32m[K~[m[K
[14.648s]       |                                         [32m[K)[m[K
[14.649s] [01m[K/home/hae/robot_ws/src/robot_go_pkg/src/go.cpp:29:38:[m[K [01;31m[Kerror: [m[Kexpected â€˜[01m[K;[m[Kâ€™ at end of member declaration
[14.649s]    29 |     void handle_odom(const nav_msgs::[01;31m[Kmsg[m[K::Odometry::SharedPtr msg)
[14.650s]       |                                      [01;31m[K^~~[m[K
[14.650s]       |                                         [32m[K;[m[K
[14.654s] [01m[K/home/hae/robot_ws/src/robot_go_pkg/src/go.cpp:29:43:[m[K [01;31m[Kerror: [m[Kâ€˜[01m[KOdometry[m[Kâ€™ in namespace â€˜[01m[K::[m[Kâ€™ does not name a type
[14.655s]    29 |     void handle_odom(const nav_msgs::msg::[01;31m[KOdometry[m[K::SharedPtr msg)
[14.655s]       |                                           [01;31m[K^~~~~~~~[m[K
[14.713s] [01m[K/home/hae/robot_ws/src/robot_go_pkg/src/go.cpp:[m[K In constructor â€˜[01m[KTurtlebotController::TurtlebotController()[m[Kâ€™:
[14.714s] [01m[K/home/hae/robot_ws/src/robot_go_pkg/src/go.cpp:66:9:[m[K [01;31m[Kerror: [m[Kâ€˜[01m[Ksubscription_[m[Kâ€™ was not declared in this scope; did you mean â€˜[01m[Krmw_subscription_t[m[Kâ€™?
[14.714s]    66 |         [01;31m[Ksubscription_[m[K = this->create_subscription<nav_msgs::msg::Odometry>(
[14.715s]       |         [01;31m[K^~~~~~~~~~~~~[m[K
[14.715s]       |         [32m[Krmw_subscription_t[m[K
[14.735s] [01m[K/home/hae/robot_ws/src/robot_go_pkg/src/go.cpp:66:51:[m[K [01;31m[Kerror: [m[Kâ€˜[01m[Knav_msgs[m[Kâ€™ was not declared in this scope
[14.735s]    66 |         subscription_ = this->create_subscription<[01;31m[Knav_msgs[m[K::msg::Odometry>(
[14.736s]       |                                                   [01;31m[K^~~~~~~~[m[K
[14.736s] [01m[K/home/hae/robot_ws/src/robot_go_pkg/src/go.cpp:66:31:[m[K [01;31m[Kerror: [m[Kparse error in template argument list
[14.737s]    66 |         subscription_ = this->[01;31m[Kcreate_subscription<nav_msgs::msg::Odometry>[m[K(
[14.737s]       |                               [01;31m[K^~~~~~~~~~~~~~~~~~~~~~~~~~~~~~~~~~~~~~~~~~~~[m[K
[14.741s] [01m[K/home/hae/robot_ws/src/robot_go_pkg/src/go.cpp:69:24:[m[K [01;31m[Kerror: [m[Kâ€˜[01m[Knav_msgs[m[Kâ€™ does not name a type
[14.742s]    69 |           [this](const [01;31m[Knav_msgs[m[K::msg::Odometry::SharedPtr msg) {
[14.742s]       |                        [01;31m[K^~~~~~~~[m[K
[14.742s] [01m[K/home/hae/robot_ws/src/robot_go_pkg/src/go.cpp:[m[K In lambda function:
[14.743s] [01m[K/home/hae/robot_ws/src/robot_go_pkg/src/go.cpp:72:10:[m[K [01;31m[Kerror: [m[Kexpected â€˜[01m[K{[m[Kâ€™ before â€˜[01m[K;[m[Kâ€™ token
[14.743s]    72 |         )[01;31m[K;[m[K
[14.744s]       |          [01;31m[K^[m[K
[14.744s] [01m[K/home/hae/robot_ws/src/robot_go_pkg/src/go.cpp:[m[K In constructor â€˜[01m[KTurtlebotController::TurtlebotController()[m[Kâ€™:
[14.745s] [01m[K/home/hae/robot_ws/src/robot_go_pkg/src/go.cpp:72:10:[m[K [01;31m[Kerror: [m[Kexpected â€˜[01m[K)[m[Kâ€™ before â€˜[01m[K;[m[Kâ€™ token
[14.745s] [01m[K/home/hae/robot_ws/src/robot_go_pkg/src/go.cpp:66:75:[m[K [01;36m[Knote: [m[Kto match this â€˜[01m[K([m[Kâ€™
[14.745s]    66 |         subscription_ = this->create_subscription<nav_msgs::msg::Odometry>[01;36m[K([m[K
[14.746s]       |                                                                           [01;36m[K^[m[K
[23.570s] gmake[2]: *** [CMakeFiles/go_node.dir/build.make:76: CMakeFiles/go_node.dir/src/go.cpp.o] Error 1
[23.571s] gmake[1]: *** [CMakeFiles/Makefile2:137: CMakeFiles/go_node.dir/all] Error 2
[23.572s] gmake: *** [Makefile:146: all] Error 2
[23.579s] Invoked command in '/home/hae/robot_ws/src/build/robot_go_pkg' returned '2': AMENT_PREFIX_PATH=/home/hae/robot_ws/src/install/robot_action:${AMENT_PREFIX_PATH} CMAKE_PREFIX_PATH=/home/hae/robot_ws/src/install/robot_action:/opt/ros/humble LD_LIBRARY_PATH=/home/hae/robot_ws/src/install/robot_action/lib:${LD_LIBRARY_PATH} PYTHONPATH=/home/hae/robot_ws/src/install/robot_action/local/lib/python3.10/dist-packages:${PYTHONPATH} /usr/bin/cmake --build /home/hae/robot_ws/src/build/robot_go_pkg -- -j4 -l4
