[35m[1mConsolidate compiler generated dependencies of target go[0m
[ 50%] [32mBuilding CXX object CMakeFiles/go.dir/src/test.cpp.o[0m
[01m[K/home/hae/robot_ws/src/robot_go_pkg/src/test.cpp:[m[K In constructor â€˜[01m[KOdomDistanceCalculator::OdomDistanceCalculator()[m[Kâ€™:
[01m[K/home/hae/robot_ws/src/robot_go_pkg/src/test.cpp:30:5:[m[K [01;31m[Kerror: [m[Kâ€˜[01m[Kcurrent_position_[m[Kâ€™ was not declared in this scope; did you mean â€˜[01m[Klast_position_[m[Kâ€™?
   30 |     [01;31m[Kcurrent_position_[m[K.x = 0.0;
      |     [01;31m[K^~~~~~~~~~~~~~~~~[m[K
      |     [32m[Klast_position_[m[K
gmake[2]: *** [CMakeFiles/go.dir/build.make:76: CMakeFiles/go.dir/src/test.cpp.o] Error 1
gmake[1]: *** [CMakeFiles/Makefile2:137: CMakeFiles/go.dir/all] Error 2
gmake: *** [Makefile:146: all] Error 2
