[0.053s] Invoking command in '/home/hae/robot_ws/src/build/robot_go_pkg': CMAKE_PREFIX_PATH=${CMAKE_PREFIX_PATH}:/opt/ros/humble /usr/bin/cmake --build /home/hae/robot_ws/src/build/robot_go_pkg -- -j4 -l4
[0.221s] [35m[1mConsolidate compiler generated dependencies of target go[0m
[0.315s] [ 50%] [32mBuilding CXX object CMakeFiles/go.dir/src/test.cpp.o[0m
[10.027s] [01m[K/home/hae/robot_ws/src/robot_go_pkg/src/test.cpp:[m[K In constructor â€˜[01m[KOdomDistanceCalculator::OdomDistanceCalculator()[m[Kâ€™:
[10.027s] [01m[K/home/hae/robot_ws/src/robot_go_pkg/src/test.cpp:9:64:[m[K [01;31m[Kerror: [m[Kno matching function for call to â€˜[01m[Kgeometry_msgs::msg::Point_<std::allocator<void> >::Point_(<brace-enclosed initializer list>)[m[Kâ€™
[10.028s]     9 |   OdomDistanceCalculator() : Node("odom_distance_calculator"), [01;31m[Klast_position_{0.0, 0.0, 0.0}[m[K, total_distance_{0.0}
[10.028s]       |                                                                [01;31m[K^~~~~~~~~~~~~~~~~~~~~~~~~~~~~[m[K
[10.029s] In file included from [01m[K/opt/ros/humble/include/geometry_msgs/geometry_msgs/msg/detail/pose__struct.hpp:20[m[K,
[10.029s]                  from [01m[K/opt/ros/humble/include/geometry_msgs/geometry_msgs/msg/detail/pose_with_covariance__struct.hpp:20[m[K,
[10.030s]                  from [01m[K/opt/ros/humble/include/nav_msgs/nav_msgs/msg/detail/odometry__struct.hpp:22[m[K,
[10.030s]                  from [01m[K/opt/ros/humble/include/nav_msgs/nav_msgs/msg/odometry.hpp:7[m[K,
[10.031s]                  from [01m[K/home/hae/robot_ws/src/robot_go_pkg/src/test.cpp:2[m[K:
[10.032s] [01m[K/opt/ros/humble/include/geometry_msgs/geometry_msgs/msg/detail/point__struct.hpp:47:12:[m[K [01;36m[Knote: [m[Kcandidate: â€˜[01m[Kgeometry_msgs::msg::Point_<ContainerAllocator>::Point_(const ContainerAllocator&, rosidl_runtime_cpp::MessageInitialization) [with ContainerAllocator = std::allocator<void>][m[Kâ€™
[10.032s]    47 |   explicit [01;36m[KPoint_[m[K(const ContainerAllocator & _alloc, rosidl_runtime_cpp::MessageInitialization _init = rosidl_runtime_cpp::MessageInitialization::ALL)
[10.032s]       |            [01;36m[K^~~~~~[m[K
[10.033s] [01m[K/opt/ros/humble/include/geometry_msgs/geometry_msgs/msg/detail/point__struct.hpp:47:12:[m[K [01;36m[Knote: [m[K  candidate expects 2 arguments, 3 provided
[10.033s] [01m[K/opt/ros/humble/include/geometry_msgs/geometry_msgs/msg/detail/point__struct.hpp:36:12:[m[K [01;36m[Knote: [m[Kcandidate: â€˜[01m[Kgeometry_msgs::msg::Point_<ContainerAllocator>::Point_(rosidl_runtime_cpp::MessageInitialization) [with ContainerAllocator = std::allocator<void>][m[Kâ€™
[10.034s]    36 |   explicit [01;36m[KPoint_[m[K(rosidl_runtime_cpp::MessageInitialization _init = rosidl_runtime_cpp::MessageInitialization::ALL)
[10.034s]       |            [01;36m[K^~~~~~[m[K
[10.035s] [01m[K/opt/ros/humble/include/geometry_msgs/geometry_msgs/msg/detail/point__struct.hpp:36:12:[m[K [01;36m[Knote: [m[K  candidate expects 1 argument, 3 provided
[10.035s] [01m[K/opt/ros/humble/include/geometry_msgs/geometry_msgs/msg/detail/point__struct.hpp:32:8:[m[K [01;36m[Knote: [m[Kcandidate: â€˜[01m[Kconstexpr geometry_msgs::msg::Point_<std::allocator<void> >::Point_(const geometry_msgs::msg::Point_<std::allocator<void> >&)[m[Kâ€™
[10.035s]    32 | struct [01;36m[KPoint_[m[K
[10.036s]       |        [01;36m[K^~~~~~[m[K
[10.037s] [01m[K/opt/ros/humble/include/geometry_msgs/geometry_msgs/msg/detail/point__struct.hpp:32:8:[m[K [01;36m[Knote: [m[K  candidate expects 1 argument, 3 provided
[10.037s] [01m[K/opt/ros/humble/include/geometry_msgs/geometry_msgs/msg/detail/point__struct.hpp:32:8:[m[K [01;36m[Knote: [m[Kcandidate: â€˜[01m[Kconstexpr geometry_msgs::msg::Point_<std::allocator<void> >::Point_(geometry_msgs::msg::Point_<std::allocator<void> >&&)[m[Kâ€™
[10.038s] [01m[K/opt/ros/humble/include/geometry_msgs/geometry_msgs/msg/detail/point__struct.hpp:32:8:[m[K [01;36m[Knote: [m[K  candidate expects 1 argument, 3 provided
[10.053s] [01m[K/home/hae/robot_ws/src/robot_go_pkg/src/test.cpp:21:37:[m[K [01;31m[Kerror: [m[Kno matching function for call to â€˜[01m[KOdomDistanceCalculator::create_wall_timer(int, OdomDistanceCalculator::OdomDistanceCalculator()::<lambda()>)[m[Kâ€™
[10.054s]    21 |     timer_ = [01;31m[Kthis->create_wall_timer([m[K
[10.054s]       |              [01;31m[K~~~~~~~~~~~~~~~~~~~~~~~^[m[K
[10.057s]    22 | [01;31m[K      1, // 1ì´ˆë§ˆë‹¤ í˜¸ì¶œ[m[K
[10.058s]       |       [01;31m[K~~~~~~~~~~~~~~~~~~[m[K             
[10.058s]    23 | [01;31m[K      [this]() {[m[K
[10.059s]       |       [01;31m[K~~~~~~~~~~[m[K                     
[10.059s]    24 | [01;31m[K        RCLCPP_INFO(this->get_logger(), "Total Distance: %.2f meters", total_distance_);[m[K
[10.060s]       |         [01;31m[K~~~~~~~~~~~~~~~~~~~~~~~~~~~~~~~~~~~~~~~~~~~~~~~~~~~~~~~~~~~~~~~~~~~~~~~~~~~~~~~~[m[K
[10.060s]    25 | [01;31m[K      }[m[K
[10.061s]       |       [01;31m[K~[m[K                              
[10.061s]    26 | [01;31m[K    )[m[K;
[10.061s]       |     [01;31m[K~[m[K                                
[10.062s] In file included from [01m[K/opt/ros/humble/include/rclcpp/rclcpp/executors/single_threaded_executor.hpp:28[m[K,
[10.062s]                  from [01m[K/opt/ros/humble/include/rclcpp/rclcpp/executors.hpp:22[m[K,
[10.063s]                  from [01m[K/opt/ros/humble/include/rclcpp/rclcpp/rclcpp.hpp:155[m[K,
[10.063s]                  from [01m[K/home/hae/robot_ws/src/robot_go_pkg/src/test.cpp:1[m[K:
[10.064s] [01m[K/opt/ros/humble/include/rclcpp/rclcpp/node.hpp:238:3:[m[K [01;36m[Knote: [m[Kcandidate: â€˜[01m[Ktemplate<class DurationRepT, class DurationT, class CallbackT> typename rclcpp::WallTimer<CallbackT>::SharedPtr rclcpp::Node::create_wall_timer(std::chrono::duration<_Rep1, _Period1>, CallbackT, rclcpp::CallbackGroup::SharedPtr)[m[Kâ€™
[10.064s]   238 |   [01;36m[Kcreate_wall_timer[m[K(
[10.064s]       |   [01;36m[K^~~~~~~~~~~~~~~~~[m[K
[10.065s] [01m[K/opt/ros/humble/include/rclcpp/rclcpp/node.hpp:238:3:[m[K [01;36m[Knote: [m[K  template argument deduction/substitution failed:
[10.066s] [01m[K/home/hae/robot_ws/src/robot_go_pkg/src/test.cpp:21:37:[m[K [01;36m[Knote: [m[K  mismatched types â€˜[01m[Kstd::chrono::duration<_Rep1, _Period1>[m[Kâ€™ and â€˜[01m[Kint[m[Kâ€™
[10.067s]    21 |     timer_ = [01;36m[Kthis->create_wall_timer([m[K
[10.067s]       |              [01;36m[K~~~~~~~~~~~~~~~~~~~~~~~^[m[K
[10.068s]    22 | [01;36m[K      1, // 1ì´ˆë§ˆë‹¤ í˜¸ì¶œ[m[K
[10.068s]       |       [01;36m[K~~~~~~~~~~~~~~~~~~[m[K             
[10.069s]    23 | [01;36m[K      [this]() {[m[K
[10.069s]       |       [01;36m[K~~~~~~~~~~[m[K                     
[10.069s]    24 | [01;36m[K        RCLCPP_INFO(this->get_logger(), "Total Distance: %.2f meters", total_distance_);[m[K
[10.070s]       |         [01;36m[K~~~~~~~~~~~~~~~~~~~~~~~~~~~~~~~~~~~~~~~~~~~~~~~~~~~~~~~~~~~~~~~~~~~~~~~~~~~~~~~~[m[K
[10.070s]    25 | [01;36m[K      }[m[K
[10.071s]       |       [01;36m[K~[m[K                              
[10.071s]    26 | [01;36m[K    )[m[K;
[10.072s]       |     [01;36m[K~[m[K                                
[13.841s] gmake[2]: *** [CMakeFiles/go.dir/build.make:76: CMakeFiles/go.dir/src/test.cpp.o] Interrupt
[13.843s] gmake[1]: *** [CMakeFiles/Makefile2:137: CMakeFiles/go.dir/all] Interrupt
[13.845s] gmake: *** [Makefile:146: all] Interrupt
[13.907s] Invoked command in '/home/hae/robot_ws/src/build/robot_go_pkg' returned '-2': CMAKE_PREFIX_PATH=${CMAKE_PREFIX_PATH}:/opt/ros/humble /usr/bin/cmake --build /home/hae/robot_ws/src/build/robot_go_pkg -- -j4 -l4
