[01m[K/home/hae/robot_ws/src/test_pkg/src/go_topic.cpp:[m[K In constructor â€˜[01m[KTurtlebotController::TurtlebotController()[m[Kâ€™:
[01m[K/home/hae/robot_ws/src/test_pkg/src/go_topic.cpp:68:5:[m[K [01;31m[Kerror: [m[Kexpected â€˜[01m[K)[m[Kâ€™ before â€˜[01m[Ktimer_[m[Kâ€™
   68 |     [01;31m[Ktimer_[m[K = this->create_wall_timer(
      |     [01;31m[K^~~~~~[m[K
[01m[K/home/hae/robot_ws/src/test_pkg/src/go_topic.cpp:63:75:[m[K [01;36m[Knote: [m[Kto match this â€˜[01m[K([m[Kâ€™
   63 |         subscription_ = this->create_subscription<nav_msgs::msg::Odometry>[01;36m[K([m[K"/odom", 10,
      |                                                                           [01;36m[K^[m[K
[01m[K/home/hae/robot_ws/src/test_pkg/src/go_topic.cpp:74:5:[m[K [01;31m[Kerror: [m[Kexpected primary-expression before â€˜[01m[K)[m[Kâ€™ token
   74 |     [01;31m[K)[m[K;
      |     [01;31m[K^[m[K
gmake[2]: *** [CMakeFiles/got_node.dir/build.make:76: CMakeFiles/got_node.dir/src/go_topic.cpp.o] Error 1
gmake[1]: *** [CMakeFiles/Makefile2:137: CMakeFiles/got_node.dir/all] Error 2
gmake: *** [Makefile:146: all] Error 2
