[0.076s] Invoking command in '/home/hae/robot_ws/src/build/test_pkg': CMAKE_PREFIX_PATH=/home/hae/robot_ws/src/install/robot_action:/home/hae/robot_ws/src/install/test_pkg:/home/hae/robot_ws/src/install/robot_move_pkg:/home/hae/robot_ws/src/install/robot_go_pkg:/home/hae/robot_ws/src/install/robot_cleaner_pkg:/home/hae/robot_ws/src/install/action_test:/opt/ros/humble /usr/bin/cmake --build /home/hae/robot_ws/src/build/test_pkg -- -j4 -l4
[0.267s] [35m[1mConsolidate compiler generated dependencies of target got_node[0m
[0.364s] [ 50%] [32mBuilding CXX object CMakeFiles/got_node.dir/src/go_topic.cpp.o[0m
[11.828s] [01m[K/home/hae/robot_ws/src/test_pkg/src/go_topic.cpp:[m[K In constructor â€˜[01m[KTurtlebotController::TurtlebotController()[m[Kâ€™:
[11.828s] [01m[K/home/hae/robot_ws/src/test_pkg/src/go_topic.cpp:68:5:[m[K [01;31m[Kerror: [m[Kexpected â€˜[01m[K)[m[Kâ€™ before â€˜[01m[Ktimer_[m[Kâ€™
[11.829s]    68 |     [01;31m[Ktimer_[m[K = this->create_wall_timer(
[11.830s]       |     [01;31m[K^~~~~~[m[K
[11.830s] [01m[K/home/hae/robot_ws/src/test_pkg/src/go_topic.cpp:63:75:[m[K [01;36m[Knote: [m[Kto match this â€˜[01m[K([m[Kâ€™
[11.831s]    63 |         subscription_ = this->create_subscription<nav_msgs::msg::Odometry>[01;36m[K([m[K"/odom", 10,
[11.832s]       |                                                                           [01;36m[K^[m[K
[11.832s] [01m[K/home/hae/robot_ws/src/test_pkg/src/go_topic.cpp:74:5:[m[K [01;31m[Kerror: [m[Kexpected primary-expression before â€˜[01m[K)[m[Kâ€™ token
[11.833s]    74 |     [01;31m[K)[m[K;
[11.834s]       |     [01;31m[K^[m[K
[20.695s] gmake[2]: *** [CMakeFiles/got_node.dir/build.make:76: CMakeFiles/got_node.dir/src/go_topic.cpp.o] Error 1
[20.696s] gmake[1]: *** [CMakeFiles/Makefile2:137: CMakeFiles/got_node.dir/all] Error 2
[20.697s] gmake: *** [Makefile:146: all] Error 2
[20.704s] Invoked command in '/home/hae/robot_ws/src/build/test_pkg' returned '2': CMAKE_PREFIX_PATH=/home/hae/robot_ws/src/install/robot_action:/home/hae/robot_ws/src/install/test_pkg:/home/hae/robot_ws/src/install/robot_move_pkg:/home/hae/robot_ws/src/install/robot_go_pkg:/home/hae/robot_ws/src/install/robot_cleaner_pkg:/home/hae/robot_ws/src/install/action_test:/opt/ros/humble /usr/bin/cmake --build /home/hae/robot_ws/src/build/test_pkg -- -j4 -l4
