[0.049s] Invoking command in '/home/hae/robot_ws/src/build/robot_action': CMAKE_PREFIX_PATH=/opt/ros/humble /usr/bin/cmake --build /home/hae/robot_ws/src/build/robot_action -- -j4 -l4
[0.144s] -- Found ament_cmake: 1.3.9 (/opt/ros/humble/share/ament_cmake/cmake)
[0.664s] -- Override CMake install command with custom implementation using symlinks instead of copying resources
[0.697s] -- Found rosidl_default_generators: 1.2.0 (/opt/ros/humble/share/rosidl_default_generators/cmake)
[0.704s] -- Using all available rosidl_typesupport_c: rosidl_typesupport_fastrtps_c;rosidl_typesupport_introspection_c
[0.715s] -- Found rosidl_adapter: 3.1.5 (/opt/ros/humble/share/rosidl_adapter/cmake)
[0.889s] -- Using all available rosidl_typesupport_cpp: rosidl_typesupport_fastrtps_cpp;rosidl_typesupport_introspection_cpp
[2.436s] -- Found ament_cmake_ros: 0.10.0 (/opt/ros/humble/share/ament_cmake_ros/cmake)
[3.256s] -- Using all available rosidl_typesupport_c: rosidl_typesupport_fastrtps_c;rosidl_typesupport_introspection_c
[4.340s] -- Using all available rosidl_typesupport_cpp: rosidl_typesupport_fastrtps_cpp;rosidl_typesupport_introspection_cpp
[4.440s] -- Found python_cmake_module: 0.10.0 (/opt/ros/humble/share/python_cmake_module/cmake)
[4.544s] -- Using PYTHON_EXECUTABLE: /usr/bin/python3
[4.544s] -- Using PYTHON_INCLUDE_DIRS: /usr/include/python3.10
[4.545s] -- Using PYTHON_LIBRARIES: /usr/lib/aarch64-linux-gnu/libpython3.10.so
[4.619s] -- Found ament_lint_auto: 0.12.11 (/opt/ros/humble/share/ament_lint_auto/cmake)
[4.686s] -- Added test 'flake8' to check Python code syntax and style conventions
[4.691s] -- Added test 'lint_cmake' to check CMake code style
[4.695s] -- Added test 'pep257' to check Python code against some of the docstring style conventions in PEP 257
[4.717s] -- Added test 'xmllint' to check XML markup files
[4.731s] -- Configuring done
[4.933s] -- Generating done
[4.952s] -- Build files have been written to: /home/hae/robot_ws/src/build/robot_action
[5.065s] [  2%] [34m[1mGenerating C code for ROS interfaces[0m
[5.107s] [  5%] [34m[1mGenerating C++ code for ROS interfaces[0m
[5.154s] [  5%] Built target ament_cmake_python_symlink_robot_action
[6.532s] running egg_info
[6.536s] writing robot_action.egg-info/PKG-INFO
[6.537s] writing dependency_links to robot_action.egg-info/dependency_links.txt
[6.538s] writing top-level names to robot_action.egg-info/top_level.txt
[6.550s] reading manifest file 'robot_action.egg-info/SOURCES.txt'
[6.553s] writing manifest file 'robot_action.egg-info/SOURCES.txt'
[6.700s] [  5%] Built target ament_cmake_python_build_robot_action_egg
[8.164s] [  5%] Built target robot_action__cpp
[8.208s] [  7%] [34m[1mGenerating C++ type support dispatch for ROS interfaces[0m
[8.212s] [ 10%] [34m[1mGenerating C++ type support for eProsima Fast-RTPS[0m
[8.213s] [ 12%] [34m[1mGenerating C++ introspection for ROS interfaces[0m
[8.240s] [35m[1mConsolidate compiler generated dependencies of target robot_action__rosidl_generator_c[0m
[8.352s] [ 15%] [32mBuilding C object CMakeFiles/robot_action__rosidl_generator_c.dir/rosidl_generator_c/robot_action/action/detail/move__functions.c.o[0m
[8.473s] In file included from [01m[K/home/hae/robot_ws/src/build/robot_action/rosidl_generator_c/robot_action/action/detail/move__functions.h:19[m[K,
[8.474s]                  from [01m[K/home/hae/robot_ws/src/build/robot_action/rosidl_generator_c/robot_action/action/detail/move__functions.c:4[m[K:
[8.475s] [01m[K/home/hae/robot_ws/src/build/robot_action/rosidl_generator_c/robot_action/action/detail/move__struct.h:22:10:[m[K [01;31m[Kfatal error: [m[Krobot_action/msg/detail/goal__struct.h: No such file or directory
[8.475s]    22 | #include [01;31m[K"robot_action/msg/detail/goal__struct.h"[m[K
[8.476s]       |          [01;31m[K^~~~~~~~~~~~~~~~~~~~~~~~~~~~~~~~~~~~~~~~[m[K
[8.477s] compilation terminated.
[8.490s] gmake[2]: *** [CMakeFiles/robot_action__rosidl_generator_c.dir/build.make:128: CMakeFiles/robot_action__rosidl_generator_c.dir/rosidl_generator_c/robot_action/action/detail/move__functions.c.o] Error 1
[8.494s] gmake[1]: *** [CMakeFiles/Makefile2:213: CMakeFiles/robot_action__rosidl_generator_c.dir/all] Error 2
[8.497s] gmake[1]: *** Waiting for unfinished jobs....
[10.023s] [35m[1mConsolidate compiler generated dependencies of target robot_action__rosidl_typesupport_cpp[0m
[10.080s] [ 17%] [32mBuilding CXX object CMakeFiles/robot_action__rosidl_typesupport_cpp.dir/rosidl_typesupport_cpp/robot_action/action/move__type_support.cpp.o[0m
[10.083s] [ 20%] [32mBuilding CXX object CMakeFiles/robot_action__rosidl_typesupport_cpp.dir/rosidl_typesupport_cpp/robot_action/action/test__type_support.cpp.o[0m
[10.453s] In file included from [01m[K/home/hae/robot_ws/src/build/robot_action/rosidl_typesupport_cpp/robot_action/action/move__type_support.cpp:7[m[K:
[10.454s] [01m[K/home/hae/robot_ws/src/build/robot_action/rosidl_generator_cpp/robot_action/action/detail/move__struct.hpp:20:10:[m[K [01;31m[Kfatal error: [m[Krobot_action/msg/detail/goal__struct.hpp: No such file or directory
[10.455s]    20 | #include [01;31m[K"robot_action/msg/detail/goal__struct.hpp"[m[K
[10.455s]       |          [01;31m[K^~~~~~~~~~~~~~~~~~~~~~~~~~~~~~~~~~~~~~~~~~[m[K
[10.456s] compilation terminated.
[10.462s] gmake[2]: *** [CMakeFiles/robot_action__rosidl_typesupport_cpp.dir/build.make:97: CMakeFiles/robot_action__rosidl_typesupport_cpp.dir/rosidl_typesupport_cpp/robot_action/action/move__type_support.cpp.o] Error 1
[10.462s] gmake[2]: *** Waiting for unfinished jobs....
[10.523s] [35m[1mConsolidate compiler generated dependencies of target robot_action__rosidl_typesupport_introspection_cpp[0m
[10.591s] [ 23%] [32mBuilding CXX object CMakeFiles/robot_action__rosidl_typesupport_introspection_cpp.dir/rosidl_typesupport_introspection_cpp/robot_action/action/detail/move__type_support.cpp.o[0m
[10.594s] [ 25%] [32mBuilding CXX object CMakeFiles/robot_action__rosidl_typesupport_introspection_cpp.dir/rosidl_typesupport_introspection_cpp/robot_action/action/detail/test__type_support.cpp.o[0m
[11.039s] In file included from [01m[K/home/hae/robot_ws/src/build/robot_action/rosidl_typesupport_introspection_cpp/robot_action/action/detail/move__type_support.cpp:12[m[K:
[11.041s] [01m[K/home/hae/robot_ws/src/build/robot_action/rosidl_generator_cpp/robot_action/action/detail/move__struct.hpp:20:10:[m[K [01;31m[Kfatal error: [m[Krobot_action/msg/detail/goal__struct.hpp: No such file or directory
[11.042s]    20 | #include [01;31m[K"robot_action/msg/detail/goal__struct.hpp"[m[K
[11.042s]       |          [01;31m[K^~~~~~~~~~~~~~~~~~~~~~~~~~~~~~~~~~~~~~~~~~[m[K
[11.043s] compilation terminated.
[11.057s] gmake[2]: *** [CMakeFiles/robot_action__rosidl_typesupport_introspection_cpp.dir/build.make:105: CMakeFiles/robot_action__rosidl_typesupport_introspection_cpp.dir/rosidl_typesupport_introspection_cpp/robot_action/action/detail/move__type_support.cpp.o] Error 1
[11.059s] gmake[2]: *** Waiting for unfinished jobs....
[11.198s] [35m[1mConsolidate compiler generated dependencies of target robot_action__rosidl_typesupport_fastrtps_cpp[0m
[11.282s] [ 28%] [32mBuilding CXX object CMakeFiles/robot_action__rosidl_typesupport_fastrtps_cpp.dir/rosidl_typesupport_fastrtps_cpp/robot_action/action/detail/dds_fastrtps/move__type_support.cpp.o[0m
[11.284s] [ 30%] [32mBuilding CXX object CMakeFiles/robot_action__rosidl_typesupport_fastrtps_cpp.dir/rosidl_typesupport_fastrtps_cpp/robot_action/action/detail/dds_fastrtps/test__type_support.cpp.o[0m
[11.685s] In file included from [01m[K/home/hae/robot_ws/src/build/robot_action/rosidl_typesupport_fastrtps_cpp/robot_action/action/detail/move__rosidl_typesupport_fastrtps_cpp.hpp:11[m[K,
[11.688s]                  from [01m[K/home/hae/robot_ws/src/build/robot_action/rosidl_typesupport_fastrtps_cpp/robot_action/action/detail/dds_fastrtps/move__type_support.cpp:4[m[K:
[11.692s] [01m[K/home/hae/robot_ws/src/build/robot_action/rosidl_generator_cpp/robot_action/action/detail/move__struct.hpp:20:10:[m[K [01;31m[Kfatal error: [m[Krobot_action/msg/detail/goal__struct.hpp: No such file or directory
[11.696s]    20 | #include [01;31m[K"robot_action/msg/detail/goal__struct.hpp"[m[K
[11.699s]       |          [01;31m[K^~~~~~~~~~~~~~~~~~~~~~~~~~~~~~~~~~~~~~~~~~[m[K
[11.703s] compilation terminated.
[11.707s] gmake[2]: *** [CMakeFiles/robot_action__rosidl_typesupport_fastrtps_cpp.dir/build.make:105: CMakeFiles/robot_action__rosidl_typesupport_fastrtps_cpp.dir/rosidl_typesupport_fastrtps_cpp/robot_action/action/detail/dds_fastrtps/move__type_support.cpp.o] Error 1
[11.711s] gmake[2]: *** Waiting for unfinished jobs....
[12.765s] gmake[1]: *** [CMakeFiles/Makefile2:395: CMakeFiles/robot_action__rosidl_typesupport_cpp.dir/all] Error 2
[13.846s] gmake[1]: *** [CMakeFiles/Makefile2:369: CMakeFiles/robot_action__rosidl_typesupport_introspection_cpp.dir/all] Error 2
[14.214s] gmake[1]: *** [CMakeFiles/Makefile2:343: CMakeFiles/robot_action__rosidl_typesupport_fastrtps_cpp.dir/all] Error 2
[14.215s] gmake: *** [Makefile:146: all] Error 2
[14.221s] Invoked command in '/home/hae/robot_ws/src/build/robot_action' returned '2': CMAKE_PREFIX_PATH=/opt/ros/humble /usr/bin/cmake --build /home/hae/robot_ws/src/build/robot_action -- -j4 -l4
