In file included from [01m[K/home/hae/robot_ws/src/build/robot_action/rosidl_generator_c/robot_action/action/detail/move__functions.h:19[m[K,
                 from [01m[K/home/hae/robot_ws/src/build/robot_action/rosidl_generator_c/robot_action/action/detail/move__functions.c:4[m[K:
[01m[K/home/hae/robot_ws/src/build/robot_action/rosidl_generator_c/robot_action/action/detail/move__struct.h:22:10:[m[K [01;31m[Kfatal error: [m[Krobot_action/msg/detail/goal__struct.h: No such file or directory
   22 | #include [01;31m[K"robot_action/msg/detail/goal__struct.h"[m[K
      |          [01;31m[K^~~~~~~~~~~~~~~~~~~~~~~~~~~~~~~~~~~~~~~~[m[K
compilation terminated.
gmake[2]: *** [CMakeFiles/robot_action__rosidl_generator_c.dir/build.make:128: CMakeFiles/robot_action__rosidl_generator_c.dir/rosidl_generator_c/robot_action/action/detail/move__functions.c.o] Error 1
gmake[2]: *** Waiting for unfinished jobs....
gmake[1]: *** [CMakeFiles/Makefile2:213: CMakeFiles/robot_action__rosidl_generator_c.dir/all] Error 2
gmake[1]: *** Waiting for unfinished jobs....
In file included from [01m[K/home/hae/robot_ws/src/build/robot_action/rosidl_typesupport_cpp/robot_action/action/move__type_support.cpp:7[m[K:
[01m[K/home/hae/robot_ws/src/build/robot_action/rosidl_generator_cpp/robot_action/action/detail/move__struct.hpp:20:10:[m[K [01;31m[Kfatal error: [m[Krobot_action/msg/detail/goal__struct.hpp: No such file or directory
   20 | #include [01;31m[K"robot_action/msg/detail/goal__struct.hpp"[m[K
      |          [01;31m[K^~~~~~~~~~~~~~~~~~~~~~~~~~~~~~~~~~~~~~~~~~[m[K
compilation terminated.
gmake[2]: *** [CMakeFiles/robot_action__rosidl_typesupport_cpp.dir/build.make:97: CMakeFiles/robot_action__rosidl_typesupport_cpp.dir/rosidl_typesupport_cpp/robot_action/action/move__type_support.cpp.o] Error 1
gmake[2]: *** Waiting for unfinished jobs....
In file included from [01m[K/home/hae/robot_ws/src/build/robot_action/rosidl_typesupport_introspection_cpp/robot_action/action/detail/move__type_support.cpp:12[m[K:
[01m[K/home/hae/robot_ws/src/build/robot_action/rosidl_generator_cpp/robot_action/action/detail/move__struct.hpp:20:10:[m[K [01;31m[Kfatal error: [m[Krobot_action/msg/detail/goal__struct.hpp: No such file or directory
   20 | #include [01;31m[K"robot_action/msg/detail/goal__struct.hpp"[m[K
      |          [01;31m[K^~~~~~~~~~~~~~~~~~~~~~~~~~~~~~~~~~~~~~~~~~[m[K
compilation terminated.
gmake[2]: *** [CMakeFiles/robot_action__rosidl_typesupport_introspection_cpp.dir/build.make:105: CMakeFiles/robot_action__rosidl_typesupport_introspection_cpp.dir/rosidl_typesupport_introspection_cpp/robot_action/action/detail/move__type_support.cpp.o] Error 1
gmake[2]: *** Waiting for unfinished jobs....
In file included from [01m[K/home/hae/robot_ws/src/build/robot_action/rosidl_typesupport_fastrtps_cpp/robot_action/action/detail/move__rosidl_typesupport_fastrtps_cpp.hpp:11[m[K,
                 from [01m[K/home/hae/robot_ws/src/build/robot_action/rosidl_typesupport_fastrtps_cpp/robot_action/action/detail/dds_fastrtps/move__type_support.cpp:4[m[K:
[01m[K/home/hae/robot_ws/src/build/robot_action/rosidl_generator_cpp/robot_action/action/detail/move__struct.hpp:20:10:[m[K [01;31m[Kfatal error: [m[Krobot_action/msg/detail/goal__struct.hpp: No such file or directory
   20 | #include [01;31m[K"robot_action/msg/detail/goal__struct.hpp"[m[K
      |          [01;31m[K^~~~~~~~~~~~~~~~~~~~~~~~~~~~~~~~~~~~~~~~~~[m[K
compilation terminated.
gmake[2]: *** [CMakeFiles/robot_action__rosidl_typesupport_fastrtps_cpp.dir/build.make:105: CMakeFiles/robot_action__rosidl_typesupport_fastrtps_cpp.dir/rosidl_typesupport_fastrtps_cpp/robot_action/action/detail/dds_fastrtps/move__type_support.cpp.o] Error 1
gmake[2]: *** Waiting for unfinished jobs....
gmake[1]: *** [CMakeFiles/Makefile2:395: CMakeFiles/robot_action__rosidl_typesupport_cpp.dir/all] Error 2
gmake[1]: *** [CMakeFiles/Makefile2:369: CMakeFiles/robot_action__rosidl_typesupport_introspection_cpp.dir/all] Error 2
gmake[1]: *** [CMakeFiles/Makefile2:343: CMakeFiles/robot_action__rosidl_typesupport_fastrtps_cpp.dir/all] Error 2
gmake: *** [Makefile:146: all] Error 2
