[0.053s] Invoking command in '/home/hae/robot_ws/src/build/robot_action': CMAKE_PREFIX_PATH=${CMAKE_PREFIX_PATH}:/opt/ros/humble /usr/bin/cmake --build /home/hae/robot_ws/src/build/robot_action -- -j4 -l4
[0.168s] -- Found ament_cmake: 1.3.9 (/opt/ros/humble/share/ament_cmake/cmake)
[0.709s] -- Override CMake install command with custom implementation using symlinks instead of copying resources
[0.741s] -- Found rosidl_default_generators: 1.2.0 (/opt/ros/humble/share/rosidl_default_generators/cmake)
[0.750s] -- Using all available rosidl_typesupport_c: rosidl_typesupport_fastrtps_c;rosidl_typesupport_introspection_c
[0.761s] -- Found rosidl_adapter: 3.1.5 (/opt/ros/humble/share/rosidl_adapter/cmake)
[0.939s] -- Using all available rosidl_typesupport_cpp: rosidl_typesupport_fastrtps_cpp;rosidl_typesupport_introspection_cpp
[2.526s] -- Found ament_cmake_ros: 0.10.0 (/opt/ros/humble/share/ament_cmake_ros/cmake)
[3.397s] -- Using all available rosidl_typesupport_c: rosidl_typesupport_fastrtps_c;rosidl_typesupport_introspection_c
[4.544s] -- Using all available rosidl_typesupport_cpp: rosidl_typesupport_fastrtps_cpp;rosidl_typesupport_introspection_cpp
[4.654s] -- Found python_cmake_module: 0.10.0 (/opt/ros/humble/share/python_cmake_module/cmake)
[4.761s] -- Using PYTHON_EXECUTABLE: /usr/bin/python3
[4.762s] -- Using PYTHON_INCLUDE_DIRS: /usr/include/python3.10
[4.762s] -- Using PYTHON_LIBRARIES: /usr/lib/aarch64-linux-gnu/libpython3.10.so
[4.848s] -- Found ament_lint_auto: 0.12.11 (/opt/ros/humble/share/ament_lint_auto/cmake)
[4.913s] -- Added test 'flake8' to check Python code syntax and style conventions
[4.919s] -- Added test 'lint_cmake' to check CMake code style
[4.923s] -- Added test 'pep257' to check Python code against some of the docstring style conventions in PEP 257
[4.945s] -- Added test 'xmllint' to check XML markup files
[4.958s] -- Configuring done
[5.162s] -- Generating done
[5.188s] -- Build files have been written to: /home/hae/robot_ws/src/build/robot_action
[5.306s] [  2%] [34m[1mGenerating C code for ROS interfaces[0m
[5.355s] [  5%] [34m[1mGenerating C++ code for ROS interfaces[0m
[5.397s] [  5%] Built target ament_cmake_python_symlink_robot_action
[6.867s] running egg_info
[6.875s] writing robot_action.egg-info/PKG-INFO
[6.876s] writing dependency_links to robot_action.egg-info/dependency_links.txt
[6.876s] writing top-level names to robot_action.egg-info/top_level.txt
[6.885s] reading manifest file 'robot_action.egg-info/SOURCES.txt'
[6.888s] writing manifest file 'robot_action.egg-info/SOURCES.txt'
[7.039s] [  5%] Built target ament_cmake_python_build_robot_action_egg
[8.476s] [35m[1mConsolidate compiler generated dependencies of target robot_action__rosidl_generator_c[0m
[8.569s] [  7%] [32mBuilding C object CMakeFiles/robot_action__rosidl_generator_c.dir/rosidl_generator_c/robot_action/action/detail/move__functions.c.o[0m
[8.570s] [ 10%] [32mBuilding C object CMakeFiles/robot_action__rosidl_generator_c.dir/rosidl_generator_c/robot_action/action/detail/test__functions.c.o[0m
[8.593s] [ 10%] Built target robot_action__cpp
[8.644s] [ 12%] [34m[1mGenerating C++ type support dispatch for ROS interfaces[0m
[8.649s] [ 15%] [34m[1mGenerating C++ type support for eProsima Fast-RTPS[0m
[8.686s] In file included from [01m[K/home/hae/robot_ws/src/build/robot_action/rosidl_generator_c/robot_action/action/detail/move__functions.h:19[m[K,
[8.689s]                  from [01m[K/home/hae/robot_ws/src/build/robot_action/rosidl_generator_c/robot_action/action/detail/move__functions.c:4[m[K:
[8.693s] [01m[K/home/hae/robot_ws/src/build/robot_action/rosidl_generator_c/robot_action/action/detail/move__struct.h:22:10:[m[K [01;31m[Kfatal error: [m[Krobot_action/msg/detail/goal__struct.h: No such file or directory
[8.696s]    22 | #include [01;31m[K"robot_action/msg/detail/goal__struct.h"[m[K
[8.699s]       |          [01;31m[K^~~~~~~~~~~~~~~~~~~~~~~~~~~~~~~~~~~~~~~~[m[K
[8.702s] compilation terminated.
[8.711s] gmake[2]: *** [CMakeFiles/robot_action__rosidl_generator_c.dir/build.make:128: CMakeFiles/robot_action__rosidl_generator_c.dir/rosidl_generator_c/robot_action/action/detail/move__functions.c.o] Error 1
[8.715s] gmake[2]: *** Waiting for unfinished jobs....
[8.776s] [ 17%] [34m[1mGenerating C++ introspection for ROS interfaces[0m
[9.363s] gmake[1]: *** [CMakeFiles/Makefile2:213: CMakeFiles/robot_action__rosidl_generator_c.dir/all] Error 2
[9.365s] gmake[1]: *** Waiting for unfinished jobs....
[10.607s] [35m[1mConsolidate compiler generated dependencies of target robot_action__rosidl_typesupport_cpp[0m
[10.666s] [ 20%] [32mBuilding CXX object CMakeFiles/robot_action__rosidl_typesupport_cpp.dir/rosidl_typesupport_cpp/robot_action/action/move__type_support.cpp.o[0m
[10.667s] [ 23%] [32mBuilding CXX object CMakeFiles/robot_action__rosidl_typesupport_cpp.dir/rosidl_typesupport_cpp/robot_action/action/test__type_support.cpp.o[0m
[11.068s] In file included from [01m[K/home/hae/robot_ws/src/build/robot_action/rosidl_typesupport_cpp/robot_action/action/move__type_support.cpp:7[m[K:
[11.070s] [01m[K/home/hae/robot_ws/src/build/robot_action/rosidl_generator_cpp/robot_action/action/detail/move__struct.hpp:20:10:[m[K [01;31m[Kfatal error: [m[Krobot_action/msg/detail/goal__struct.hpp: No such file or directory
[11.072s]    20 | #include [01;31m[K"robot_action/msg/detail/goal__struct.hpp"[m[K
[11.074s]       |          [01;31m[K^~~~~~~~~~~~~~~~~~~~~~~~~~~~~~~~~~~~~~~~~~[m[K
[11.077s] compilation terminated.
[11.086s] gmake[2]: *** [CMakeFiles/robot_action__rosidl_typesupport_cpp.dir/build.make:97: CMakeFiles/robot_action__rosidl_typesupport_cpp.dir/rosidl_typesupport_cpp/robot_action/action/move__type_support.cpp.o] Error 1
[11.087s] gmake[2]: *** Waiting for unfinished jobs....
[11.212s] [35m[1mConsolidate compiler generated dependencies of target robot_action__rosidl_typesupport_introspection_cpp[0m
[11.302s] [ 25%] [32mBuilding CXX object CMakeFiles/robot_action__rosidl_typesupport_introspection_cpp.dir/rosidl_typesupport_introspection_cpp/robot_action/action/detail/move__type_support.cpp.o[0m
[11.311s] [ 28%] [32mBuilding CXX object CMakeFiles/robot_action__rosidl_typesupport_introspection_cpp.dir/rosidl_typesupport_introspection_cpp/robot_action/action/detail/test__type_support.cpp.o[0m
[11.750s] In file included from [01m[K/home/hae/robot_ws/src/build/robot_action/rosidl_typesupport_introspection_cpp/robot_action/action/detail/move__type_support.cpp:12[m[K:
[11.753s] [01m[K/home/hae/robot_ws/src/build/robot_action/rosidl_generator_cpp/robot_action/action/detail/move__struct.hpp:20:10:[m[K [01;31m[Kfatal error: [m[Krobot_action/msg/detail/goal__struct.hpp: No such file or directory
[11.756s]    20 | #include [01;31m[K"robot_action/msg/detail/goal__struct.hpp"[m[K
[11.759s]       |          [01;31m[K^~~~~~~~~~~~~~~~~~~~~~~~~~~~~~~~~~~~~~~~~~[m[K
[11.762s] compilation terminated.
[11.765s] gmake[2]: *** [CMakeFiles/robot_action__rosidl_typesupport_introspection_cpp.dir/build.make:105: CMakeFiles/robot_action__rosidl_typesupport_introspection_cpp.dir/rosidl_typesupport_introspection_cpp/robot_action/action/detail/move__type_support.cpp.o] Error 1
[11.768s] gmake[2]: *** Waiting for unfinished jobs....
[11.850s] [35m[1mConsolidate compiler generated dependencies of target robot_action__rosidl_typesupport_fastrtps_cpp[0m
[11.941s] [ 30%] [32mBuilding CXX object CMakeFiles/robot_action__rosidl_typesupport_fastrtps_cpp.dir/rosidl_typesupport_fastrtps_cpp/robot_action/action/detail/dds_fastrtps/move__type_support.cpp.o[0m
[11.963s] [ 33%] [32mBuilding CXX object CMakeFiles/robot_action__rosidl_typesupport_fastrtps_cpp.dir/rosidl_typesupport_fastrtps_cpp/robot_action/action/detail/dds_fastrtps/test__type_support.cpp.o[0m
[12.373s] In file included from [01m[K/home/hae/robot_ws/src/build/robot_action/rosidl_typesupport_fastrtps_cpp/robot_action/action/detail/move__rosidl_typesupport_fastrtps_cpp.hpp:11[m[K,
[12.378s]                  from [01m[K/home/hae/robot_ws/src/build/robot_action/rosidl_typesupport_fastrtps_cpp/robot_action/action/detail/dds_fastrtps/move__type_support.cpp:4[m[K:
[12.382s] [01m[K/home/hae/robot_ws/src/build/robot_action/rosidl_generator_cpp/robot_action/action/detail/move__struct.hpp:20:10:[m[K [01;31m[Kfatal error: [m[Krobot_action/msg/detail/goal__struct.hpp: No such file or directory
[12.385s]    20 | #include [01;31m[K"robot_action/msg/detail/goal__struct.hpp"[m[K
[12.389s]       |          [01;31m[K^~~~~~~~~~~~~~~~~~~~~~~~~~~~~~~~~~~~~~~~~~[m[K
[12.392s] compilation terminated.
[12.396s] gmake[2]: *** [CMakeFiles/robot_action__rosidl_typesupport_fastrtps_cpp.dir/build.make:105: CMakeFiles/robot_action__rosidl_typesupport_fastrtps_cpp.dir/rosidl_typesupport_fastrtps_cpp/robot_action/action/detail/dds_fastrtps/move__type_support.cpp.o] Error 1
[12.399s] gmake[2]: *** Waiting for unfinished jobs....
[13.466s] gmake[1]: *** [CMakeFiles/Makefile2:395: CMakeFiles/robot_action__rosidl_typesupport_cpp.dir/all] Error 2
[14.697s] gmake[1]: *** [CMakeFiles/Makefile2:369: CMakeFiles/robot_action__rosidl_typesupport_introspection_cpp.dir/all] Error 2
[14.954s] gmake[1]: *** [CMakeFiles/Makefile2:343: CMakeFiles/robot_action__rosidl_typesupport_fastrtps_cpp.dir/all] Error 2
[14.955s] gmake: *** [Makefile:146: all] Error 2
[14.961s] Invoked command in '/home/hae/robot_ws/src/build/robot_action' returned '2': CMAKE_PREFIX_PATH=${CMAKE_PREFIX_PATH}:/opt/ros/humble /usr/bin/cmake --build /home/hae/robot_ws/src/build/robot_action -- -j4 -l4
