[ 50%] Built target scan_node
[ 75%] [32mBuilding CXX object CMakeFiles/drive_node.dir/src/total_drive.cpp.o[0m
[01m[K/home/hae/robot_ws/src/robot_total_pkg/src/total_drive.cpp:[m[K In constructor ‚Äò[01m[KTurtlebotController::TurtlebotController()[m[K‚Äô:
[01m[K/home/hae/robot_ws/src/robot_total_pkg/src/total_drive.cpp:105:9:[m[K [01;31m[Kerror: [m[K‚Äò[01m[Kstop_service_[m[K‚Äô was not declared in this scope
  105 |         [01;31m[K    std::bind[m[K(&TurtlebotController::imuCallback, this, std::placeholders::_1));
      |         [01;31m[K^[m[K   [01;31m[K~~~~~~~~~[m[K
[01m[K/home/hae/robot_ws/src/robot_total_pkg/src/total_drive.cpp:105:46:[m[K [01;31m[Kerror: [m[K‚Äò[01m[Kstd_srvs[m[K‚Äô was not declared in this scope
  105 |             std::bind(&TurtlebotController::i[01;31m[KmuCallba[m[Kck, this, std::placeholders::_1));
      |                                              [01;31m[K^~~~~~~~[m[K
[01m[K/home/hae/robot_ws/src/robot_total_pkg/src/total_drive.cpp:105:31:[m[K [01;31m[Kerror: [m[Kparse error in template argument list
  105 |             std::bind(&Turtleb[01;31m[KotController::imuCallback, this, std[m[K::placeholders::_1));
      |                               [01;31m[K^~~~~~~~~~~~~~~~~~~~~~~~~~~~~~~~~~~~[m[K
[01m[K/home/hae/robot_ws/src/robot_total_pkg/src/total_drive.cpp:106:45:[m[K [01;31m[Kerror: [m[K‚Äò[01m[KstopServiceCallback[m[K‚Äô is not a member of ‚Äò[01m[KTurtlebotController[m[K‚Äô
  106 |         stop_service_ = this->create_service[01;31m[K<std_srvs::srv::Emp[m[Kty>("/stop_robot",
      |                                             [01;31m[K^~~~~~~~~~~~~~~~~~~[m[K
[01m[K/home/hae/robot_ws/src/robot_total_pkg/src/total_drive.cpp:[m[K In member function ‚Äò[01m[Kvoid TurtlebotController::move_robot()[m[K‚Äô:
[01m[K/home/hae/robot_ws/src/robot_total_pkg/src/total_drive.cpp:179:17:[m[K [01;31m[Kerror: [m[Kexpected ‚Äò[01m[K;[m[K‚Äô before ‚Äò[01m[Kcmd_publisher_[m[K‚Äô
  179 |                 [01;31m[K//message.angu[m[Klar.z = 0.0; // ÌöåÏ†Ñ ÏóÜÏùå
      |                 [01;31m[K^~~~~~~~~~~~~~[m[K
gmake[2]: *** [CMakeFiles/drive_node.dir/build.make:76: CMakeFiles/drive_node.dir/src/total_drive.cpp.o] Error 1
gmake[1]: *** [CMakeFiles/Makefile2:165: CMakeFiles/drive_node.dir/all] Error 2
gmake: *** [Makefile:146: all] Error 2
