[0.073s] Invoking command in '/home/hae/robot_ws/src/build/robot_go_pkg': CMAKE_PREFIX_PATH=/home/hae/robot_ws/src/install/robot_action:/home/hae/robot_ws/src/install/test_pkg:/home/hae/robot_ws/src/install/robot_move_pkg:/home/hae/robot_ws/src/install/robot_go_pkg:/home/hae/robot_ws/src/install/robot_cleaner_pkg:/home/hae/robot_ws/src/install/action_test:/opt/ros/humble /usr/bin/cmake --build /home/hae/robot_ws/src/build/robot_go_pkg -- -j4 -l4
[0.419s] [ 25%] Built target test_node
[0.420s] [ 50%] Built target scan_node
[0.446s] [ 62%] [32mBuilding CXX object CMakeFiles/go_node.dir/src/go.cpp.o[0m
[0.461s] [ 87%] Built target cli_node
[12.745s] [01m[K/home/hae/robot_ws/src/robot_go_pkg/src/go.cpp:[m[K In member function â€˜[01m[Kvoid MoveActionServer::odom_callback(nav_msgs::msg::Odometry_<std::allocator<void> >::SharedPtr)[m[Kâ€™:
[12.746s] [01m[K/home/hae/robot_ws/src/robot_go_pkg/src/go.cpp:67:45:[m[K [01;31m[Kerror: [m[Kâ€˜[01m[Kvoid rclcpp_action::ServerBase::publish_feedback(std::shared_ptr<void>)[m[Kâ€™ is protected within this context
[12.746s]    67 |             [01;31m[Kaction_server_->publish_feedback(feedback)[m[K;
[12.746s]       |             [01;31m[K~~~~~~~~~~~~~~~~~~~~~~~~~~~~~~~~^~~~~~~~~~[m[K
[12.747s] In file included from [01m[K/opt/ros/humble/include/rclcpp_action/rclcpp_action/create_server.hpp:29[m[K,
[12.747s]                  from [01m[K/opt/ros/humble/include/rclcpp_action/rclcpp_action/rclcpp_action.hpp:39[m[K,
[12.748s]                  from [01m[K/home/hae/robot_ws/src/robot_go_pkg/src/go.cpp:4[m[K:
[12.748s] [01m[K/opt/ros/humble/include/rclcpp_action/rclcpp_action/server.hpp:272:3:[m[K [01;36m[Knote: [m[Kdeclared protected here
[12.749s]   272 |   [01;36m[Kpublish_feedback[m[K(std::shared_ptr<void> feedback_msg);
[12.749s]       |   [01;36m[K^~~~~~~~~~~~~~~~[m[K
[12.756s] [01m[K/home/hae/robot_ws/src/robot_go_pkg/src/go.cpp:74:33:[m[K [01;31m[Kerror: [m[Kâ€˜[01m[Kusing element_type = class rclcpp_action::Server<robot_action::action::Move>[m[Kâ€™ {aka â€˜[01m[Kclass rclcpp_action::Server<robot_action::action::Move>[m[Kâ€™} has no member named â€˜[01m[Ksucceed[m[Kâ€™
[12.757s]    74 |                 action_server_->[01;31m[Ksucceed[m[K(result);
[12.757s]       |                                 [01;31m[K^~~~~~~[m[K
[26.388s] gmake[2]: *** [CMakeFiles/go_node.dir/build.make:76: CMakeFiles/go_node.dir/src/go.cpp.o] Error 1
[26.391s] gmake[1]: *** [CMakeFiles/Makefile2:195: CMakeFiles/go_node.dir/all] Error 2
[26.392s] gmake: *** [Makefile:146: all] Error 2
[26.404s] Invoked command in '/home/hae/robot_ws/src/build/robot_go_pkg' returned '2': CMAKE_PREFIX_PATH=/home/hae/robot_ws/src/install/robot_action:/home/hae/robot_ws/src/install/test_pkg:/home/hae/robot_ws/src/install/robot_move_pkg:/home/hae/robot_ws/src/install/robot_go_pkg:/home/hae/robot_ws/src/install/robot_cleaner_pkg:/home/hae/robot_ws/src/install/action_test:/opt/ros/humble /usr/bin/cmake --build /home/hae/robot_ws/src/build/robot_go_pkg -- -j4 -l4
