[ 11%] Built target robot_action_pkg__rosidl_generator_c
[ 15%] [32mBuilding CXX object CMakeFiles/action_client.dir/src/action_client.cpp.o[0m
[ 19%] [32mBuilding CXX object CMakeFiles/action_server.dir/src/action_server.cpp.o[0m
[ 23%] Built target robot_action_pkg__cpp
[ 26%] [34m[1mGenerating C type support for eProsima Fast-RTPS[0m
[ 30%] [34m[1mGenerating C introspection for ROS interfaces[0m
[01m[K/home/hae/robot_ws/src/robot_action_pkg/src/action_client.cpp:3:10:[m[K [01;31m[Kfatal error: [m[Krobot_action_pkg/action/move.hpp: No such file or directory
    3 | #include [01;31m[K<robot_action_pkg/action/move.hpp>[m[K
      |          [01;31m[K^~~~~~~~~~~~~~~~~~~~~~~~~~~~~~~~~~[m[K
compilation terminated.
gmake[2]: *** [CMakeFiles/action_client.dir/build.make:76: CMakeFiles/action_client.dir/src/action_client.cpp.o] Error 1
gmake[1]: *** [CMakeFiles/Makefile2:423: CMakeFiles/action_client.dir/all] Error 2
gmake[1]: *** Waiting for unfinished jobs....
[01m[K/home/hae/robot_ws/src/robot_action_pkg/src/action_server.cpp:3:10:[m[K [01;31m[Kfatal error: [m[Krobot_action_pkg/action/move.acton: No such file or directory
    3 | #include [01;31m[K<robot_action_pkg/action/move.acton>[m[K
      |          [01;31m[K^~~~~~~~~~~~~~~~~~~~~~~~~~~~~~~~~~~~[m[K
compilation terminated.
gmake[2]: *** [CMakeFiles/action_server.dir/build.make:76: CMakeFiles/action_server.dir/src/action_server.cpp.o] Error 1
gmake[1]: *** [CMakeFiles/Makefile2:397: CMakeFiles/action_server.dir/all] Error 2
[ 34%] [32mBuilding C object CMakeFiles/robot_action_pkg__rosidl_typesupport_introspection_c.dir/rosidl_typesupport_introspection_c/robot_action_pkg/action/detail/move__type_support.c.o[0m
[ 38%] [32mBuilding CXX object CMakeFiles/robot_action_pkg__rosidl_typesupport_fastrtps_c.dir/rosidl_typesupport_fastrtps_c/robot_action_pkg/action/detail/move__type_support_c.cpp.o[0m
[ 42%] [32m[1mLinking C shared library librobot_action_pkg__rosidl_typesupport_introspection_c.so[0m
[ 42%] Built target robot_action_pkg__rosidl_typesupport_introspection_c
[ 46%] [32m[1mLinking CXX shared library librobot_action_pkg__rosidl_typesupport_fastrtps_c.so[0m
[ 46%] Built target robot_action_pkg__rosidl_typesupport_fastrtps_c
gmake: *** [Makefile:146: all] Error 2
