[01m[K/home/hae/robot_ws/src/robot_go_pkg/src/test.cpp:[m[K In function â€˜[01m[Kint main(int, char**)[m[Kâ€™:
[01m[K/home/hae/robot_ws/src/robot_go_pkg/src/test.cpp:74:18:[m[K [01;31m[Kerror: [m[Kâ€˜[01m[KsignalHandler[m[Kâ€™ was not declared in this scope; did you mean â€˜[01m[Ksa_handler[m[Kâ€™?
   74 |   signal(SIGINT, [01;31m[KsignalHandler[m[K);
      |                  [01;31m[K^~~~~~~~~~~~~[m[K
      |                  [32m[Ksa_handler[m[K
gmake[2]: *** [CMakeFiles/test_node.dir/build.make:76: CMakeFiles/test_node.dir/src/test.cpp.o] Error 1
gmake[1]: *** [CMakeFiles/Makefile2:141: CMakeFiles/test_node.dir/all] Error 2
gmake[1]: *** Waiting for unfinished jobs....
gmake: *** [Makefile:146: all] Error 2
