[0.049s] Invoking command in '/home/hae/robot_ws/src/build/robot_go_pkg': CMAKE_PREFIX_PATH=${CMAKE_PREFIX_PATH}:/opt/ros/humble /usr/bin/cmake --build /home/hae/robot_ws/src/build/robot_go_pkg -- -j4 -l4
[0.158s] -- Found ament_cmake: 1.3.9 (/opt/ros/humble/share/ament_cmake/cmake)
[0.676s] -- Override CMake install command with custom implementation using symlinks instead of copying resources
[0.709s] -- Found rclcpp: 16.0.9 (/opt/ros/humble/share/rclcpp/cmake)
[0.884s] -- Found rosidl_generator_c: 3.1.5 (/opt/ros/humble/share/rosidl_generator_c/cmake)
[0.895s] -- Found rosidl_adapter: 3.1.5 (/opt/ros/humble/share/rosidl_adapter/cmake)
[0.919s] -- Found rosidl_generator_cpp: 3.1.5 (/opt/ros/humble/share/rosidl_generator_cpp/cmake)
[0.964s] -- Using all available rosidl_typesupport_c: rosidl_typesupport_fastrtps_c;rosidl_typesupport_introspection_c
[1.027s] -- Using all available rosidl_typesupport_cpp: rosidl_typesupport_fastrtps_cpp;rosidl_typesupport_introspection_cpp
[1.249s] -- Found rmw_implementation_cmake: 6.1.2 (/opt/ros/humble/share/rmw_implementation_cmake/cmake)
[1.255s] -- Found rmw_fastrtps_cpp: 6.2.6 (/opt/ros/humble/share/rmw_fastrtps_cpp/cmake)
[2.237s] -- Using RMW implementation 'rmw_fastrtps_cpp' as default
[2.824s] -- Found geometry_msgs: 4.2.4 (/opt/ros/humble/share/geometry_msgs/cmake)
[2.988s] -- Found nav_msgs: 4.2.4 (/opt/ros/humble/share/nav_msgs/cmake)
[3.292s] -- Found action_msgs: 1.2.1 (/opt/ros/humble/share/action_msgs/cmake)
[3.513s] -- Found sensor_msgs: 4.2.4 (/opt/ros/humble/share/sensor_msgs/cmake)
[3.817s] -- Found ament_lint_auto: 0.12.11 (/opt/ros/humble/share/ament_lint_auto/cmake)
[4.157s] -- Added test 'cppcheck' to perform static code analysis on C / C++ code
[4.158s] -- Configured cppcheck include dirs: 
[4.158s] -- Configured cppcheck exclude dirs and/or files: 
[4.162s] -- Added test 'lint_cmake' to check CMake code style
[4.170s] -- Added test 'uncrustify' to check C / C++ code style
[4.171s] -- Configured uncrustify additional arguments: 
[4.172s] -- Added test 'xmllint' to check XML markup files
[4.177s] -- Configuring done
[4.272s] -- Generating done
[4.282s] -- Build files have been written to: /home/hae/robot_ws/src/build/robot_go_pkg
[4.391s] [35m[1mConsolidate compiler generated dependencies of target test_node[0m
[4.393s] [35m[1mConsolidate compiler generated dependencies of target scan_node[0m
[4.465s] [ 16%] [32mBuilding CXX object CMakeFiles/go_node.dir/src/go.cpp.o[0m
[4.510s] [ 33%] [32mBuilding CXX object CMakeFiles/test_node.dir/src/test.cpp.o[0m
[4.534s] [ 66%] Built target scan_node
[15.738s] [01m[K/home/hae/robot_ws/src/robot_go_pkg/src/test.cpp:[m[K In function â€˜[01m[Kint main(int, char**)[m[Kâ€™:
[15.739s] [01m[K/home/hae/robot_ws/src/robot_go_pkg/src/test.cpp:74:18:[m[K [01;31m[Kerror: [m[Kâ€˜[01m[KsignalHandler[m[Kâ€™ was not declared in this scope; did you mean â€˜[01m[Ksa_handler[m[Kâ€™?
[15.739s]    74 |   signal(SIGINT, [01;31m[KsignalHandler[m[K);
[15.740s]       |                  [01;31m[K^~~~~~~~~~~~~[m[K
[15.741s]       |                  [32m[Ksa_handler[m[K
[25.074s] gmake[2]: *** [CMakeFiles/test_node.dir/build.make:76: CMakeFiles/test_node.dir/src/test.cpp.o] Error 1
[25.074s] gmake[1]: *** [CMakeFiles/Makefile2:141: CMakeFiles/test_node.dir/all] Error 2
[25.075s] gmake[1]: *** Waiting for unfinished jobs....
[39.444s] [ 83%] [32m[1mLinking CXX executable go_node[0m
[41.448s] [ 83%] Built target go_node
[41.453s] gmake: *** [Makefile:146: all] Error 2
[41.459s] Invoked command in '/home/hae/robot_ws/src/build/robot_go_pkg' returned '2': CMAKE_PREFIX_PATH=${CMAKE_PREFIX_PATH}:/opt/ros/humble /usr/bin/cmake --build /home/hae/robot_ws/src/build/robot_go_pkg -- -j4 -l4
