[  3%] Built target robot_action_pkg__cpp
[ 15%] Built target robot_action_pkg__rosidl_generator_c
[ 19%] [32mBuilding CXX object CMakeFiles/action_server.dir/src/action_server.cpp.o[0m
[ 23%] [32mBuilding CXX object CMakeFiles/action_client.dir/src/action_client.cpp.o[0m
[ 34%] Built target robot_action_pkg__rosidl_typesupport_cpp
[ 46%] Built target robot_action_pkg__rosidl_typesupport_fastrtps_cpp
[35m[1mConsolidate compiler generated dependencies of target robot_action_pkg__rosidl_typesupport_c[0m
[ 57%] Built target robot_action_pkg__rosidl_typesupport_introspection_c
[ 69%] Built target robot_action_pkg__rosidl_typesupport_c
[35m[1mConsolidate compiler generated dependencies of target robot_action_pkg__rosidl_typesupport_introspection_cpp[0m
[35m[1mConsolidate compiler generated dependencies of target robot_action_pkg__rosidl_typesupport_fastrtps_c[0m
[ 80%] Built target robot_action_pkg__rosidl_typesupport_introspection_cpp
[ 92%] Built target robot_action_pkg__rosidl_typesupport_fastrtps_c
[ 92%] Built target robot_action_pkg
[01m[K/home/hae/robot_ws/src/robot_action_pkg/src/action_client.cpp:3:10:[m[K [01;31m[Kfatal error: [m[Krobot_action_pkg/action/Move.action: No such file or directory
    3 | #include [01;31m[K<robot_action_pkg/action/Move.action>[m[K
      |          [01;31m[K^~~~~~~~~~~~~~~~~~~~~~~~~~~~~~~~~~~~~[m[K
compilation terminated.
gmake[2]: *** [CMakeFiles/action_client.dir/build.make:76: CMakeFiles/action_client.dir/src/action_client.cpp.o] Error 1
gmake[1]: *** [CMakeFiles/Makefile2:423: CMakeFiles/action_client.dir/all] Error 2
gmake[1]: *** Waiting for unfinished jobs....
[01m[K/home/hae/robot_ws/src/robot_action_pkg/src/action_server.cpp:3:10:[m[K [01;31m[Kfatal error: [m[Krobot_action_pkg/action/Move.acton: No such file or directory
    3 | #include [01;31m[K<robot_action_pkg/action/Move.acton>[m[K
      |          [01;31m[K^~~~~~~~~~~~~~~~~~~~~~~~~~~~~~~~~~~~[m[K
compilation terminated.
gmake[2]: *** [CMakeFiles/action_server.dir/build.make:76: CMakeFiles/action_server.dir/src/action_server.cpp.o] Error 1
gmake[1]: *** [CMakeFiles/Makefile2:397: CMakeFiles/action_server.dir/all] Error 2
gmake: *** [Makefile:146: all] Error 2
