[01m[K/home/hae/robot_ws/src/robot_go_pkg/src/go.cpp:[m[K In member function â€˜[01m[Kvoid TurtlebotController::handle_odom(nav_msgs::msg::Odometry_<std::allocator<void> >::SharedPtr)[m[Kâ€™:
[01m[K/home/hae/robot_ws/src/robot_go_pkg/src/go.cpp:91:17:[m[K [01;31m[Kerror: [m[Kexpected â€˜[01m[K;[m[Kâ€™ before â€˜[01m[Kcurrent_goal_handle_[m[Kâ€™
   91 |                 [01;31m[Kcurrent_goal_handle_[m[K.reset(); // ëª©í‘œ í•¸ë“¤ ë¦¬ì…‹
      |                 [01;31m[K^~~~~~~~~~~~~~~~~~~~[m[K
gmake[2]: *** [CMakeFiles/go_node.dir/build.make:76: CMakeFiles/go_node.dir/src/go.cpp.o] Error 1
gmake[1]: *** [CMakeFiles/Makefile2:195: CMakeFiles/go_node.dir/all] Error 2
gmake: *** [Makefile:146: all] Error 2
