[0.057s] Invoking command in '/home/hae/robot_ws/src/build/test_pkg': AMENT_PREFIX_PATH=/home/hae/robot_ws/src/install/robot_action:${AMENT_PREFIX_PATH} CMAKE_PREFIX_PATH=/home/hae/robot_ws/src/install/robot_action:/opt/ros/humble LD_LIBRARY_PATH=/home/hae/robot_ws/src/install/robot_action/lib:${LD_LIBRARY_PATH} PYTHONPATH=/home/hae/robot_ws/src/install/robot_action/local/lib/python3.10/dist-packages:${PYTHONPATH} /usr/bin/cmake --build /home/hae/robot_ws/src/build/test_pkg -- -j4 -l4
[0.256s] [35m[1mConsolidate compiler generated dependencies of target got_node[0m
[0.268s] [35m[1mConsolidate compiler generated dependencies of target odom_node[0m
[0.362s] [ 25%] [32mBuilding CXX object CMakeFiles/got_node.dir/src/go_topic.cpp.o[0m
[0.366s] [ 50%] [32mBuilding CXX object CMakeFiles/odom_node.dir/src/odom_ex.cpp.o[0m
[14.937s] [01m[K/home/hae/robot_ws/src/test_pkg/src/go_topic.cpp:20:26:[m[K [01;31m[Kerror: [m[Kâ€˜[01m[Knav_msgs[m[Kâ€™ was not declared in this scope
[14.938s]    20 |     rclcpp::Subscription<[01;31m[Knav_msgs[m[K::msg::Odometry>::SharedPtr subscription_;
[14.939s]       |                          [01;31m[K^~~~~~~~[m[K
[14.943s] [01m[K/home/hae/robot_ws/src/test_pkg/src/go_topic.cpp:20:49:[m[K [01;31m[Kerror: [m[Ktemplate argument 1 is invalid
[14.943s]    20 |     rclcpp::Subscription<nav_msgs::msg::Odometry[01;31m[K>[m[K::SharedPtr subscription_;
[14.944s]       |                                                 [01;31m[K^[m[K
[14.945s] [01m[K/home/hae/robot_ws/src/test_pkg/src/go_topic.cpp:20:49:[m[K [01;31m[Kerror: [m[Ktemplate argument 3 is invalid
[14.946s] [01m[K/home/hae/robot_ws/src/test_pkg/src/go_topic.cpp:20:49:[m[K [01;31m[Kerror: [m[Ktemplate argument 4 is invalid
[14.947s] [01m[K/home/hae/robot_ws/src/test_pkg/src/go_topic.cpp:20:49:[m[K [01;31m[Kerror: [m[Ktemplate argument 5 is invalid
[14.954s] [01m[K/home/hae/robot_ws/src/test_pkg/src/go_topic.cpp:20:52:[m[K [01;31m[Kerror: [m[Kexpected â€˜[01m[K;[m[Kâ€™ at end of member declaration
[14.955s]    20 |     rclcpp::Subscription<nav_msgs::msg::Odometry>::[01;31m[KSharedPtr[m[K subscription_;
[14.959s]       |                                                    [01;31m[K^~~~~~~~~[m[K
[14.962s]       |                                                             [32m[K;[m[K
[14.966s] [01m[K/home/hae/robot_ws/src/test_pkg/src/go_topic.cpp:20:62:[m[K [01;31m[Kerror: [m[Kâ€˜[01m[Ksubscription_[m[Kâ€™ does not name a type; did you mean â€˜[01m[Krmw_subscription_t[m[Kâ€™?
[14.970s]    20 |     rclcpp::Subscription<nav_msgs::msg::Odometry>::SharedPtr [01;31m[Ksubscription_[m[K;
[14.975s]       |                                                              [01;31m[K^~~~~~~~~~~~~[m[K
[14.978s]       |                                                              [32m[Krmw_subscription_t[m[K
[14.983s] [01m[K/home/hae/robot_ws/src/test_pkg/src/go_topic.cpp:22:25:[m[K [01;31m[Kerror: [m[Kâ€˜[01m[KPoint[m[Kâ€™ in namespace â€˜[01m[Kgeometry_msgs::msg[m[Kâ€™ does not name a type
[14.986s]    22 |     geometry_msgs::msg::[01;31m[KPoint[m[K last_position_;
[14.990s]       |                         [01;31m[K^~~~~[m[K
[14.993s] [01m[K/home/hae/robot_ws/src/test_pkg/src/go_topic.cpp:26:28:[m[K [01;31m[Kerror: [m[Kâ€˜[01m[Knav_msgs[m[Kâ€™ does not name a type
[14.996s]    26 |     void handle_odom(const [01;31m[Knav_msgs[m[K::msg::Odometry::SharedPtr msg)
[14.999s]       |                            [01;31m[K^~~~~~~~[m[K
[15.003s] [01m[K/home/hae/robot_ws/src/test_pkg/src/go_topic.cpp:26:41:[m[K [01;31m[Kerror: [m[Kexpected unqualified-id before â€˜[01m[K::[m[Kâ€™ token
[15.007s]    26 |     void handle_odom(const nav_msgs::msg[01;31m[K::[m[KOdometry::SharedPtr msg)
[15.010s]       |                                         [01;31m[K^~[m[K
[15.014s] [01m[K/home/hae/robot_ws/src/test_pkg/src/go_topic.cpp:26:41:[m[K [01;31m[Kerror: [m[Kexpected â€˜[01m[K)[m[Kâ€™ before â€˜[01m[K::[m[Kâ€™ token
[15.017s]    26 |     void handle_odom[34m[K([m[Kconst nav_msgs::msg[01;31m[K:[m[K[32m[K:[m[KOdometry::SharedPtr msg)
[15.021s]       |                     [34m[K~[m[K                   [01;31m[K^[m[K[32m[K~[m[K
[15.024s]       |                                         [32m[K)[m[K
[15.028s] [01m[K/home/hae/robot_ws/src/test_pkg/src/go_topic.cpp:26:38:[m[K [01;31m[Kerror: [m[Kexpected â€˜[01m[K;[m[Kâ€™ at end of member declaration
[15.029s]    26 |     void handle_odom(const nav_msgs::[01;31m[Kmsg[m[K::Odometry::SharedPtr msg)
[15.030s]       |                                      [01;31m[K^~~[m[K
[15.031s]       |                                         [32m[K;[m[K
[15.037s] [01m[K/home/hae/robot_ws/src/test_pkg/src/go_topic.cpp:26:43:[m[K [01;31m[Kerror: [m[Kâ€˜[01m[KOdometry[m[Kâ€™ in namespace â€˜[01m[K::[m[Kâ€™ does not name a type
[15.040s]    26 |     void handle_odom(const nav_msgs::msg::[01;31m[KOdometry[m[K::SharedPtr msg)
[15.042s]       |                                           [01;31m[K^~~~~~~~[m[K
[15.073s] [01m[K/home/hae/robot_ws/src/test_pkg/src/go_topic.cpp:[m[K In constructor â€˜[01m[KTurtlebotController::TurtlebotController()[m[Kâ€™:
[15.074s] [01m[K/home/hae/robot_ws/src/test_pkg/src/go_topic.cpp:63:9:[m[K [01;31m[Kerror: [m[Kâ€˜[01m[Ksubscription_[m[Kâ€™ was not declared in this scope; did you mean â€˜[01m[Krmw_subscription_t[m[Kâ€™?
[15.075s]    63 |         [01;31m[Ksubscription_[m[K = this->create_subscription<nav_msgs::msg::Odometry>(
[15.076s]       |         [01;31m[K^~~~~~~~~~~~~[m[K
[15.077s]       |         [32m[Krmw_subscription_t[m[K
[15.105s] [01m[K/home/hae/robot_ws/src/test_pkg/src/go_topic.cpp:63:51:[m[K [01;31m[Kerror: [m[Kâ€˜[01m[Knav_msgs[m[Kâ€™ was not declared in this scope
[15.106s]    63 |         subscription_ = this->create_subscription<[01;31m[Knav_msgs[m[K::msg::Odometry>(
[15.106s]       |                                                   [01;31m[K^~~~~~~~[m[K
[15.107s] [01m[K/home/hae/robot_ws/src/test_pkg/src/go_topic.cpp:63:31:[m[K [01;31m[Kerror: [m[Kparse error in template argument list
[15.108s]    63 |         subscription_ = this->[01;31m[Kcreate_subscription<nav_msgs::msg::Odometry>[m[K(
[15.109s]       |                               [01;31m[K^~~~~~~~~~~~~~~~~~~~~~~~~~~~~~~~~~~~~~~~~~~~[m[K
[15.117s] [01m[K/home/hae/robot_ws/src/test_pkg/src/go_topic.cpp:66:24:[m[K [01;31m[Kerror: [m[Kâ€˜[01m[Knav_msgs[m[Kâ€™ does not name a type
[15.118s]    66 |           [this](const [01;31m[Knav_msgs[m[K::msg::Odometry::SharedPtr msg) {
[15.118s]       |                        [01;31m[K^~~~~~~~[m[K
[15.119s] [01m[K/home/hae/robot_ws/src/test_pkg/src/go_topic.cpp:[m[K In lambda function:
[15.120s] [01m[K/home/hae/robot_ws/src/test_pkg/src/go_topic.cpp:69:10:[m[K [01;31m[Kerror: [m[Kexpected â€˜[01m[K{[m[Kâ€™ before â€˜[01m[K;[m[Kâ€™ token
[15.121s]    69 |         )[01;31m[K;[m[K
[15.122s]       |          [01;31m[K^[m[K
[15.122s] [01m[K/home/hae/robot_ws/src/test_pkg/src/go_topic.cpp:[m[K In constructor â€˜[01m[KTurtlebotController::TurtlebotController()[m[Kâ€™:
[15.123s] [01m[K/home/hae/robot_ws/src/test_pkg/src/go_topic.cpp:69:10:[m[K [01;31m[Kerror: [m[Kexpected â€˜[01m[K)[m[Kâ€™ before â€˜[01m[K;[m[Kâ€™ token
[15.133s] [01m[K/home/hae/robot_ws/src/test_pkg/src/go_topic.cpp:63:75:[m[K [01;36m[Knote: [m[Kto match this â€˜[01m[K([m[Kâ€™
[15.134s]    63 |         subscription_ = this->create_subscription<nav_msgs::msg::Odometry>[01;36m[K([m[K
[15.134s]       |                                                                           [01;36m[K^[m[K
[26.794s] gmake[2]: *** [CMakeFiles/got_node.dir/build.make:76: CMakeFiles/got_node.dir/src/go_topic.cpp.o] Error 1
[26.795s] gmake[1]: *** [CMakeFiles/Makefile2:139: CMakeFiles/got_node.dir/all] Error 2
[26.795s] gmake[1]: *** Waiting for unfinished jobs....
[41.029s] [ 75%] [32m[1mLinking CXX executable odom_node[0m
[43.405s] [ 75%] Built target odom_node
[43.410s] gmake: *** [Makefile:146: all] Error 2
[43.417s] Invoked command in '/home/hae/robot_ws/src/build/test_pkg' returned '2': AMENT_PREFIX_PATH=/home/hae/robot_ws/src/install/robot_action:${AMENT_PREFIX_PATH} CMAKE_PREFIX_PATH=/home/hae/robot_ws/src/install/robot_action:/opt/ros/humble LD_LIBRARY_PATH=/home/hae/robot_ws/src/install/robot_action/lib:${LD_LIBRARY_PATH} PYTHONPATH=/home/hae/robot_ws/src/install/robot_action/local/lib/python3.10/dist-packages:${PYTHONPATH} /usr/bin/cmake --build /home/hae/robot_ws/src/build/test_pkg -- -j4 -l4
