[0.097s] Invoking command in '/home/hae/robot_ws/src/build/robot_total_pkg': CMAKE_PREFIX_PATH=/opt/ros/humble /usr/bin/cmake --build /home/hae/robot_ws/src/build/robot_total_pkg -- -j4 -l4
[0.931s] [35m[1mConsolidate compiler generated dependencies of target drive_node[0m
[0.935s] [35m[1mConsolidate compiler generated dependencies of target scan_node[0m
[1.126s] [ 50%] Built target scan_node
[1.145s] [ 75%] [32mBuilding CXX object CMakeFiles/drive_node.dir/src/total_drive.cpp.o[0m
[39.820s] [01m[K/home/hae/robot_ws/src/robot_total_pkg/src/total_drive.cpp:[m[K In constructor â€˜[01m[KTurtlebotController::TurtlebotController()[m[Kâ€™:
[39.826s] [01m[K/home/hae/robot_ws/src/robot_total_pkg/src/total_drive.cpp:105:9:[m[K [01;31m[Kerror: [m[Kâ€˜[01m[Kstop_service_[m[Kâ€™ was not declared in this scope
[39.827s]   105 |         [01;31m[Kstop_service_[m[K = this->create_service<std_srvs::srv::Empty>("/stop_robot",
[39.828s]       |         [01;31m[K^~~~~~~~~~~~~[m[K
[39.830s] [01m[K/home/hae/robot_ws/src/robot_total_pkg/src/total_drive.cpp:105:46:[m[K [01;31m[Kerror: [m[Kâ€˜[01m[Kstd_srvs[m[Kâ€™ was not declared in this scope
[39.831s]   105 |         stop_service_ = this->create_service<[01;31m[Kstd_srvs[m[K::srv::Empty>("/stop_robot",
[39.831s]       |                                              [01;31m[K^~~~~~~~[m[K
[39.833s] [01m[K/home/hae/robot_ws/src/robot_total_pkg/src/total_drive.cpp:105:31:[m[K [01;31m[Kerror: [m[Kparse error in template argument list
[39.836s]   105 |         stop_service_ = this->[01;31m[Kcreate_service<std_srvs::srv::Empty>[m[K("/stop_robot",
[39.837s]       |                               [01;31m[K^~~~~~~~~~~~~~~~~~~~~~~~~~~~~~~~~~~~[m[K
[39.838s] [01m[K/home/hae/robot_ws/src/robot_total_pkg/src/total_drive.cpp:106:45:[m[K [01;31m[Kerror: [m[Kâ€˜[01m[KstopServiceCallback[m[Kâ€™ is not a member of â€˜[01m[KTurtlebotController[m[Kâ€™
[39.838s]   106 |             std::bind(&TurtlebotController::[01;31m[KstopServiceCallback[m[K, this, std::placeholders::_1, std::placeholders::_2));
[39.841s]       |                                             [01;31m[K^~~~~~~~~~~~~~~~~~~[m[K
[39.860s] [01m[K/home/hae/robot_ws/src/robot_total_pkg/src/total_drive.cpp:[m[K In member function â€˜[01m[Kvoid TurtlebotController::move_robot()[m[Kâ€™:
[39.861s] [01m[K/home/hae/robot_ws/src/robot_total_pkg/src/total_drive.cpp:179:17:[m[K [01;31m[Kerror: [m[Kexpected â€˜[01m[K;[m[Kâ€™ before â€˜[01m[Kcmd_publisher_[m[Kâ€™
[39.862s]   179 |                 [01;31m[Kcmd_publisher_[m[K->publish(message); // cmd_vel í† í”½ì— ì „ì§„ ëª…ë ¹ ë°œí–‰
[39.863s]       |                 [01;31m[K^~~~~~~~~~~~~~[m[K
