[0.055s] Invoking command in '/home/hae/robot_ws/src/build/robot_go_pkg': AMENT_PREFIX_PATH=/home/hae/robot_ws/src/install/robot_action:${AMENT_PREFIX_PATH} CMAKE_PREFIX_PATH=/home/hae/robot_ws/src/install/robot_action:/opt/ros/humble LD_LIBRARY_PATH=/home/hae/robot_ws/src/install/robot_action/lib:${LD_LIBRARY_PATH} PYTHONPATH=/home/hae/robot_ws/src/install/robot_action/local/lib/python3.10/dist-packages:${PYTHONPATH} /usr/bin/cmake --build /home/hae/robot_ws/src/build/robot_go_pkg -- -j4 -l4
[0.171s] -- Found ament_cmake: 1.3.9 (/opt/ros/humble/share/ament_cmake/cmake)
[0.722s] -- Override CMake install command with custom implementation using symlinks instead of copying resources
[0.759s] -- Found rclcpp: 16.0.9 (/opt/ros/humble/share/rclcpp/cmake)
[0.937s] -- Found rosidl_generator_c: 3.1.5 (/opt/ros/humble/share/rosidl_generator_c/cmake)
[0.949s] -- Found rosidl_adapter: 3.1.5 (/opt/ros/humble/share/rosidl_adapter/cmake)
[0.972s] -- Found rosidl_generator_cpp: 3.1.5 (/opt/ros/humble/share/rosidl_generator_cpp/cmake)
[1.017s] -- Using all available rosidl_typesupport_c: rosidl_typesupport_fastrtps_c;rosidl_typesupport_introspection_c
[1.079s] -- Using all available rosidl_typesupport_cpp: rosidl_typesupport_fastrtps_cpp;rosidl_typesupport_introspection_cpp
[1.310s] -- Found rmw_implementation_cmake: 6.1.2 (/opt/ros/humble/share/rmw_implementation_cmake/cmake)
[1.312s] -- Found rmw_fastrtps_cpp: 6.2.6 (/opt/ros/humble/share/rmw_fastrtps_cpp/cmake)
[2.289s] -- Using RMW implementation 'rmw_fastrtps_cpp' as default
[2.875s] -- Found geometry_msgs: 4.2.4 (/opt/ros/humble/share/geometry_msgs/cmake)
[3.037s] -- Found nav_msgs: 4.2.4 (/opt/ros/humble/share/nav_msgs/cmake)
[3.338s] -- Found action_msgs: 1.2.1 (/opt/ros/humble/share/action_msgs/cmake)
[3.561s] -- Found sensor_msgs: 4.2.4 (/opt/ros/humble/share/sensor_msgs/cmake)
[3.869s] -- Found robot_action: 0.0.0 (/home/hae/robot_ws/src/install/robot_action/share/robot_action/cmake)
[4.053s] -- Found rclcpp_action: 16.0.9 (/opt/ros/humble/share/rclcpp_action/cmake)
[4.155s] -- Found ament_lint_auto: 0.12.11 (/opt/ros/humble/share/ament_lint_auto/cmake)
[4.477s] -- Added test 'cppcheck' to perform static code analysis on C / C++ code
[4.478s] -- Configured cppcheck include dirs: 
[4.478s] -- Configured cppcheck exclude dirs and/or files: 
[4.483s] -- Added test 'lint_cmake' to check CMake code style
[4.492s] -- Added test 'uncrustify' to check C / C++ code style
[4.492s] -- Configured uncrustify additional arguments: 
[4.494s] -- Added test 'xmllint' to check XML markup files
[4.499s] -- Configuring done
[4.583s] -- Generating done
[4.592s] -- Build files have been written to: /home/hae/robot_ws/src/build/robot_go_pkg
[4.708s] [35m[1mConsolidate compiler generated dependencies of target cli_node[0m
[4.709s] [35m[1mConsolidate compiler generated dependencies of target server_node[0m
[4.812s] [ 60%] Built target cli_node
[4.813s] [ 60%] [32mBuilding CXX object CMakeFiles/server_node.dir/src/scan.cpp.o[0m
[4.820s] [ 80%] [32mBuilding CXX object CMakeFiles/server_node.dir/src/actionsever.cpp.o[0m
[11.856s] gmake[2]: *** [CMakeFiles/server_node.dir/build.make:90: CMakeFiles/server_node.dir/src/scan.cpp.o] Interrupt
[11.861s] gmake[2]: *** [CMakeFiles/server_node.dir/build.make:76: CMakeFiles/server_node.dir/src/actionsever.cpp.o] Interrupt
[11.867s] gmake[1]: *** [CMakeFiles/Makefile2:139: CMakeFiles/server_node.dir/all] Interrupt
[11.870s] gmake: *** [Makefile:146: all] Interrupt
[11.883s] Invoked command in '/home/hae/robot_ws/src/build/robot_go_pkg' returned '-2': AMENT_PREFIX_PATH=/home/hae/robot_ws/src/install/robot_action:${AMENT_PREFIX_PATH} CMAKE_PREFIX_PATH=/home/hae/robot_ws/src/install/robot_action:/opt/ros/humble LD_LIBRARY_PATH=/home/hae/robot_ws/src/install/robot_action/lib:${LD_LIBRARY_PATH} PYTHONPATH=/home/hae/robot_ws/src/install/robot_action/local/lib/python3.10/dist-packages:${PYTHONPATH} /usr/bin/cmake --build /home/hae/robot_ws/src/build/robot_go_pkg -- -j4 -l4
