-- Found ament_cmake: 1.3.9 (/opt/ros/humble/share/ament_cmake/cmake)
-- Override CMake install command with custom implementation using symlinks instead of copying resources
-- Found rclcpp: 16.0.9 (/opt/ros/humble/share/rclcpp/cmake)
-- Found rosidl_generator_c: 3.1.5 (/opt/ros/humble/share/rosidl_generator_c/cmake)
-- Found rosidl_adapter: 3.1.5 (/opt/ros/humble/share/rosidl_adapter/cmake)
-- Found rosidl_generator_cpp: 3.1.5 (/opt/ros/humble/share/rosidl_generator_cpp/cmake)
-- Using all available rosidl_typesupport_c: rosidl_typesupport_fastrtps_c;rosidl_typesupport_introspection_c
-- Using all available rosidl_typesupport_cpp: rosidl_typesupport_fastrtps_cpp;rosidl_typesupport_introspection_cpp
-- Found rmw_implementation_cmake: 6.1.2 (/opt/ros/humble/share/rmw_implementation_cmake/cmake)
-- Found rmw_fastrtps_cpp: 6.2.6 (/opt/ros/humble/share/rmw_fastrtps_cpp/cmake)
-- Using RMW implementation 'rmw_fastrtps_cpp' as default
-- Found geometry_msgs: 4.2.4 (/opt/ros/humble/share/geometry_msgs/cmake)
-- Found nav_msgs: 4.2.4 (/opt/ros/humble/share/nav_msgs/cmake)
-- Found action_msgs: 1.2.1 (/opt/ros/humble/share/action_msgs/cmake)
-- Found sensor_msgs: 4.2.4 (/opt/ros/humble/share/sensor_msgs/cmake)
-- Found robot_action: 0.0.0 (/home/hae/robot_ws/src/install/robot_action/share/robot_action/cmake)
-- Found rclcpp_action: 16.0.9 (/opt/ros/humble/share/rclcpp_action/cmake)
-- Found ament_lint_auto: 0.12.11 (/opt/ros/humble/share/ament_lint_auto/cmake)
-- Added test 'cppcheck' to perform static code analysis on C / C++ code
-- Configured cppcheck include dirs: 
-- Configured cppcheck exclude dirs and/or files: 
-- Added test 'lint_cmake' to check CMake code style
-- Added test 'uncrustify' to check C / C++ code style
-- Configured uncrustify additional arguments: 
-- Added test 'xmllint' to check XML markup files
-- Configuring done
-- Generating done
-- Build files have been written to: /home/hae/robot_ws/src/build/robot_go_pkg
[35m[1mConsolidate compiler generated dependencies of target scan_node[0m
[35m[1mConsolidate compiler generated dependencies of target go_node[0m
[ 16%] [32mBuilding CXX object CMakeFiles/cli_node.dir/src/cli.cpp.o[0m
[ 50%] Built target scan_node
[ 83%] Built target go_node
[01m[K/home/hae/robot_ws/src/robot_go_pkg/src/cli.cpp:[m[K In member function â€˜[01m[Kvoid TurtlebotClient::send_goal(double)[m[Kâ€™:
[01m[K/home/hae/robot_ws/src/robot_go_pkg/src/cli.cpp:30:65:[m[K [01;31m[Kerror: [m[Kcannot convert â€˜[01m[KTurtlebotClient::send_goal(double)::<lambda(rclcpp_action::ClientGoalHandle<robot_action::action::Move>::SharedPtr)>[m[Kâ€™ to â€˜[01m[Kconst rclcpp_action::Client<robot_action::action::Move>::SendGoalOptions&[m[Kâ€™
   30 |         auto goal_handle_future = [01;31m[Kthis->client_->async_send_goal(goal_msg,[m[K
      |                                   [01;31m[K~~~~~~~~~~~~~~~~~~~~~~~~~~~~~~^~~~~~~~~~[m[K
   31 | [01;31m[K            [this](const GoalHandleMove::SharedPtr goal_handle) {[m[K
      |             [01;31m[K~~~~~~~~~~~~~~~~~~~~~~~~~~~~~~~~~~~~~~~~~~~~~~~~~~~~~[m[K
   32 | [01;31m[K                RCLCPP_INFO(this->get_logger(), "Goal accepted!");[m[K
      |                 [01;31m[K~~~~~~~~~~~~~~~~~~~~~~~~~~~~~~~~~~~~~~~~~~~~~~~~~~[m[K
   33 | [01;31m[K                this->handle_goal_response(goal_handle);[m[K
      |                 [01;31m[K~~~~~~~~~~~~~~~~~~~~~~~~~~~~~~~~~~~~~~~~[m[K         
   34 | [01;31m[K            }[m[K
      |             [01;31m[K~[m[K                                                    
   35 | [01;31m[K        )[m[K;
      |         [01;31m[K~[m[K                                                        
In file included from [01m[K/opt/ros/humble/include/rclcpp_action/rclcpp_action/rclcpp_action.hpp:36[m[K,
                 from [01m[K/home/hae/robot_ws/src/robot_go_pkg/src/cli.cpp:2[m[K:
[01m[K/opt/ros/humble/include/rclcpp_action/rclcpp_action/client.hpp:422:62:[m[K [01;36m[Knote: [m[K  initializing argument 2 of â€˜[01m[Kstd::shared_future<typename rclcpp_action::ClientGoalHandle<ActionT>::SharedPtr> rclcpp_action::Client<ActionT>::async_send_goal(const Goal&, const rclcpp_action::Client<ActionT>::SendGoalOptions&) [with ActionT = robot_action::action::Move; typename rclcpp_action::ClientGoalHandle<ActionT>::SharedPtr = std::shared_ptr<rclcpp_action::ClientGoalHandle<robot_action::action::Move> >; rclcpp_action::Client<ActionT>::Goal = robot_action::action::Move_Goal_<std::allocator<void> >][m[Kâ€™
  422 |   async_send_goal(const Goal & goal, [01;36m[Kconst SendGoalOptions & options = SendGoalOptions()[m[K)
      |                                      [01;36m[K~~~~~~~~~~~~~~~~~~~~~~~~^~~~~~~~~~~~~~~~~~~~~~~~~~~[m[K
[01m[K/home/hae/robot_ws/src/robot_go_pkg/src/cli.cpp:[m[K In member function â€˜[01m[Kvoid TurtlebotClient::handle_goal_response(rclcpp_action::ClientGoalHandle<robot_action::action::Move>::SharedPtr)[m[Kâ€™:
[01m[K/home/hae/robot_ws/src/robot_go_pkg/src/cli.cpp:55:43:[m[K [01;31m[Kerror: [m[Kâ€˜[01m[Kusing element_type = class rclcpp_action::ClientGoalHandle<robot_action::action::Move>[m[Kâ€™ {aka â€˜[01m[Kclass rclcpp_action::ClientGoalHandle<robot_action::action::Move>[m[Kâ€™} has no member named â€˜[01m[Kasync_result[m[Kâ€™; did you mean â€˜[01m[Kasync_get_result[m[Kâ€™?
   55 |         auto result_future = goal_handle->[01;31m[Kasync_result[m[K();
      |                                           [01;31m[K^~~~~~~~~~~~[m[K
      |                                           [32m[Kasync_get_result[m[K
[01m[K/home/hae/robot_ws/src/robot_go_pkg/src/cli.cpp:74:42:[m[K [01;31m[Kerror: [m[Kâ€˜[01m[Kusing element_type = class rclcpp_action::ClientGoalHandle<robot_action::action::Move>[m[Kâ€™ {aka â€˜[01m[Kclass rclcpp_action::ClientGoalHandle<robot_action::action::Move>[m[Kâ€™} has no member named â€˜[01m[Kget_feedback[m[Kâ€™; did you mean â€˜[01m[KFeedback[m[Kâ€™?
   74 |             auto feedback = goal_handle->[01;31m[Kget_feedback[m[K();
      |                                          [01;31m[K^~~~~~~~~~~~[m[K
      |                                          [32m[KFeedback[m[K
gmake[2]: *** [CMakeFiles/cli_node.dir/build.make:76: CMakeFiles/cli_node.dir/src/cli.cpp.o] Error 1
gmake[1]: *** [CMakeFiles/Makefile2:193: CMakeFiles/cli_node.dir/all] Error 2
gmake: *** [Makefile:146: all] Error 2
