[35m[1mConsolidate compiler generated dependencies of target cli_node[0m
[ 33%] Built target scan_node
[ 66%] Built target go_node
[ 83%] [32mBuilding CXX object CMakeFiles/cli_node.dir/src/cli.cpp.o[0m
[01m[K/home/hae/robot_ws/src/robot_go_pkg/src/cli.cpp:[m[K In member function â€˜[01m[Kvoid MoveActionClient::process_user_input()[m[Kâ€™:
[01m[K/home/hae/robot_ws/src/robot_go_pkg/src/cli.cpp:43:22:[m[K [01;31m[Kerror: [m[Kâ€˜[01m[Kstruct robot_action::action::Move_Goal_<std::allocator<void> >[m[Kâ€™ has no member named â€˜[01m[Kmessage[m[Kâ€™
   43 |             goal_msg.[01;31m[Kmessage[m[K = std::to_string(distance);
      |                      [01;31m[K^~~~~~~[m[K
In file included from [01m[K/opt/ros/humble/include/rclcpp/rclcpp/logging.hpp:24[m[K,
                 from [01m[K/opt/ros/humble/include/rclcpp/rclcpp/client.hpp:40[m[K,
                 from [01m[K/opt/ros/humble/include/rclcpp/rclcpp/callback_group.hpp:24[m[K,
                 from [01m[K/opt/ros/humble/include/rclcpp/rclcpp/any_executable.hpp:20[m[K,
                 from [01m[K/opt/ros/humble/include/rclcpp/rclcpp/memory_strategy.hpp:25[m[K,
                 from [01m[K/opt/ros/humble/include/rclcpp/rclcpp/memory_strategies.hpp:18[m[K,
                 from [01m[K/opt/ros/humble/include/rclcpp/rclcpp/executor_options.hpp:20[m[K,
                 from [01m[K/opt/ros/humble/include/rclcpp/rclcpp/executor.hpp:37[m[K,
                 from [01m[K/opt/ros/humble/include/rclcpp/rclcpp/executors/multi_threaded_executor.hpp:25[m[K,
                 from [01m[K/opt/ros/humble/include/rclcpp/rclcpp/executors.hpp:21[m[K,
                 from [01m[K/opt/ros/humble/include/rclcpp/rclcpp/rclcpp.hpp:155[m[K,
                 from [01m[K/home/hae/robot_ws/src/robot_go_pkg/src/cli.cpp:1[m[K:
[01m[K/home/hae/robot_ws/src/robot_go_pkg/src/cli.cpp:[m[K In lambda function:
[01m[K/home/hae/robot_ws/src/robot_go_pkg/src/cli.cpp:60:84:[m[K [01;31m[Kerror: [m[Kâ€˜[01m[Kusing element_type = const struct robot_action::action::Move_Feedback_<std::allocator<void> >[m[Kâ€™ {aka â€˜[01m[Kconst struct robot_action::action::Move_Feedback_<std::allocator<void> >[m[Kâ€™} has no member named â€˜[01m[Kfeedback[m[Kâ€™
   60 |                 RCLCPP_INFO(this->get_logger(), "Received feedback: %s", feedback->[01;31m[Kfeedback[m[K.c_str());
      |                                                                                    [01;31m[K^~~~~~~~[m[K
[01m[K/home/hae/robot_ws/src/robot_go_pkg/src/cli.cpp:[m[K In lambda function:
[01m[K/home/hae/robot_ws/src/robot_go_pkg/src/cli.cpp:67:95:[m[K [01;31m[Kerror: [m[Kâ€˜[01m[Kusing element_type = struct robot_action::action::Move_Result_<std::allocator<void> >[m[Kâ€™ {aka â€˜[01m[Kstruct robot_action::action::Move_Result_<std::allocator<void> >[m[Kâ€™} has no member named â€˜[01m[Kresponse[m[Kâ€™
   67 |                         RCLCPP_INFO(this->get_logger(), "Result received: %s", result.result->[01;31m[Kresponse[m[K.c_str());
      |                                                                                               [01;31m[K^~~~~~~~[m[K
gmake[2]: *** [CMakeFiles/cli_node.dir/build.make:76: CMakeFiles/cli_node.dir/src/cli.cpp.o] Error 1
gmake[1]: *** [CMakeFiles/Makefile2:193: CMakeFiles/cli_node.dir/all] Error 2
gmake: *** [Makefile:146: all] Error 2
