[0.067s] Invoking command in '/home/hae/robot_ws/src/build/dot_pkg': CMAKE_PREFIX_PATH=${CMAKE_PREFIX_PATH}:/opt/ros/humble /usr/bin/cmake --build /home/hae/robot_ws/src/build/dot_pkg -- -j4 -l4
[0.389s] [35m[1mConsolidate compiler generated dependencies of target dot_node[0m
[0.527s] [ 50%] [32mBuilding CXX object CMakeFiles/dot_node.dir/src/dot.cpp.o[0m
[11.759s] [01m[K/home/hae/robot_ws/src/dot_pkg/src/dot.cpp:100:13:[m[K [01;31m[Kerror: [m[Kexpected unqualified-id before â€˜[01m[Kif[m[Kâ€™
[11.760s]   100 |             [01;31m[Kif[m[K (range < msg->range_min * 100 || range > msg->range_max * 100) { // ê±°ë¦¬ ê°’ì´ ìœ íš¨ ë²”ìœ„ ë‚´ì— ìˆëŠ”ì§€ í™•ì¸
[11.760s]       |             [01;31m[K^~[m[K
[11.777s] [01m[K/home/hae/robot_ws/src/dot_pkg/src/dot.cpp:105:24:[m[K [01;31m[Kerror: [m[Kâ€˜[01m[Krange[m[Kâ€™ was not declared in this scope
[11.777s]   105 |             double x = [01;31m[Krange[m[K * cos(angle); // ê·¹ì¢Œí‘œë¥¼ ì§êµ ì¢Œí‘œë¡œ ë³€í™˜ (x ì¢Œí‘œ)
[11.778s]       |                        [01;31m[K^~~~~[m[K
[11.788s] [01m[K/home/hae/robot_ws/src/dot_pkg/src/dot.cpp:105:36:[m[K [01;31m[Kerror: [m[Kâ€˜[01m[Kangle[m[Kâ€™ was not declared in this scope
[11.789s]   105 |             double x = range * cos([01;31m[Kangle[m[K); // ê·¹ì¢Œí‘œë¥¼ ì§êµ ì¢Œí‘œë¡œ ë³€í™˜ (x ì¢Œí‘œ)
[11.789s]       |                                    [01;31m[K^~~~~[m[K
[11.799s] [01m[K/home/hae/robot_ws/src/dot_pkg/src/dot.cpp:106:24:[m[K [01;31m[Kerror: [m[Kâ€˜[01m[Krange[m[Kâ€™ was not declared in this scope
[11.800s]   106 |             double y = [01;31m[Krange[m[K * sin(angle); // ê·¹ì¢Œí‘œë¥¼ ì§êµ ì¢Œí‘œë¡œ ë³€í™˜ (y ì¢Œí‘œ)
[11.801s]       |                        [01;31m[K^~~~~[m[K
[11.811s] [01m[K/home/hae/robot_ws/src/dot_pkg/src/dot.cpp:106:36:[m[K [01;31m[Kerror: [m[Kâ€˜[01m[Kangle[m[Kâ€™ was not declared in this scope
[11.812s]   106 |             double y = range * sin([01;31m[Kangle[m[K); // ê·¹ì¢Œí‘œë¥¼ ì§êµ ì¢Œí‘œë¡œ ë³€í™˜ (y ì¢Œí‘œ)
[11.813s]       |                                    [01;31m[K^~~~~[m[K
[11.824s] [01m[K/home/hae/robot_ws/src/dot_pkg/src/dot.cpp:109:43:[m[K [01;31m[Kerror: [m[Kâ€˜[01m[Kcenter_x[m[Kâ€™ was not declared in this scope
[11.825s]   109 |             int grid_x = static_cast<int>([01;31m[Kcenter_x[m[K - y); // x ì¢Œí‘œë¥¼ í™”ë©´ ì¢Œí‘œê³„ë¡œ ë³€í™˜
[11.826s]       |                                           [01;31m[K^~~~~~~~[m[K
[11.837s] [01m[K/home/hae/robot_ws/src/dot_pkg/src/dot.cpp:110:43:[m[K [01;31m[Kerror: [m[Kâ€˜[01m[Kcenter_y[m[Kâ€™ was not declared in this scope
[11.838s]   110 |             int grid_y = static_cast<int>([01;31m[Kcenter_y[m[K - x); // y ì¢Œí‘œë¥¼ í™”ë©´ ì¢Œí‘œê³„ë¡œ ë³€í™˜
[11.838s]       |                                           [01;31m[K^~~~~~~~[m[K
[11.839s] [01m[K/home/hae/robot_ws/src/dot_pkg/src/dot.cpp:112:13:[m[K [01;31m[Kerror: [m[Kexpected unqualified-id before â€˜[01m[Kif[m[Kâ€™
[11.840s]   112 |             [01;31m[Kif[m[K (grid_x >= 0 && grid_x < grid_width && grid_y >= 0 && grid_y < grid_height) // ì¢Œí‘œê°€ ë°°ì—´ ë²”ìœ„ ë‚´ì— ìˆëŠ”ì§€ í™•ì¸
[11.840s]       |             [01;31m[K^~[m[K
[11.841s] [01m[K/home/hae/robot_ws/src/dot_pkg/src/dot.cpp:116:9:[m[K [01;31m[Kerror: [m[Kexpected declaration before â€˜[01m[K}[m[Kâ€™ token
[11.842s]   116 |         [01;31m[K}[m[K
[11.842s]       |         [01;31m[K^[m[K
[11.843s] [01m[K/home/hae/robot_ws/src/dot_pkg/src/dot.cpp:118:9:[m[K [01;31m[Kerror: [m[Kâ€˜[01m[Kgrid[m[Kâ€™ does not name a type
[11.844s]   118 |         [01;31m[Kgrid[m[K[center_y][center_x] = 'O'; // ê·¸ë¦¬ë“œ ì¤‘ì‹¬ì— í„°í‹€ë´‡ì„ 'O'ë¡œ í‘œì‹œ
[11.844s]       |         [01;31m[K^~~~[m[K
[11.845s] [01m[K/home/hae/robot_ws/src/dot_pkg/src/dot.cpp:121:9:[m[K [01;31m[Kerror: [m[Kexpected unqualified-id before â€˜[01m[Kfor[m[Kâ€™
[11.845s]   121 |         [01;31m[Kfor[m[K (int i = 0; i < grid_width + 2; ++i) cout << "*"; // ìœ—ë³€ í…Œë‘ë¦¬
[11.846s]       |         [01;31m[K^~~[m[K
[11.847s] [01m[K/home/hae/robot_ws/src/dot_pkg/src/dot.cpp:121:25:[m[K [01;31m[Kerror: [m[Kâ€˜[01m[Ki[m[Kâ€™ does not name a type
[11.848s]   121 |         for (int i = 0; [01;31m[Ki[m[K < grid_width + 2; ++i) cout << "*"; // ìœ—ë³€ í…Œë‘ë¦¬
[11.848s]       |                         [01;31m[K^[m[K
[11.849s] [01m[K/home/hae/robot_ws/src/dot_pkg/src/dot.cpp:121:45:[m[K [01;31m[Kerror: [m[Kexpected unqualified-id before â€˜[01m[K++[m[Kâ€™ token
[11.850s]   121 |         for (int i = 0; i < grid_width + 2; [01;31m[K++[m[Ki) cout << "*"; // ìœ—ë³€ í…Œë‘ë¦¬
[11.851s]       |                                             [01;31m[K^~[m[K
[11.851s] [01m[K/home/hae/robot_ws/src/dot_pkg/src/dot.cpp:122:9:[m[K [01;31m[Kerror: [m[Kâ€˜[01m[Kcout[m[Kâ€™ does not name a type
[11.852s]   122 |         [01;31m[Kcout[m[K << endl;
[11.853s]       |         [01;31m[K^~~~[m[K
[11.854s] [01m[K/home/hae/robot_ws/src/dot_pkg/src/dot.cpp:125:9:[m[K [01;31m[Kerror: [m[Kexpected unqualified-id before â€˜[01m[Kfor[m[Kâ€™
[11.854s]   125 |         [01;31m[Kfor[m[K (const auto& row : grid) // ê° í–‰ì— ëŒ€í•´ ë°˜ë³µ
[11.855s]       |         [01;31m[K^~~[m[K
[11.855s] [01m[K/home/hae/robot_ws/src/dot_pkg/src/dot.cpp:135:9:[m[K [01;31m[Kerror: [m[Kexpected unqualified-id before â€˜[01m[Kfor[m[Kâ€™
[11.856s]   135 |         [01;31m[Kfor[m[K (int i = 0; i < grid_width + 2; ++i) cout << "*"; // ì•„ë«ë³€ í…Œë‘ë¦¬
[11.857s]       |         [01;31m[K^~~[m[K
[11.857s] [01m[K/home/hae/robot_ws/src/dot_pkg/src/dot.cpp:135:25:[m[K [01;31m[Kerror: [m[Kâ€˜[01m[Ki[m[Kâ€™ does not name a type
[11.858s]   135 |         for (int i = 0; [01;31m[Ki[m[K < grid_width + 2; ++i) cout << "*"; // ì•„ë«ë³€ í…Œë‘ë¦¬
[11.858s]       |                         [01;31m[K^[m[K
[11.859s] [01m[K/home/hae/robot_ws/src/dot_pkg/src/dot.cpp:135:45:[m[K [01;31m[Kerror: [m[Kexpected unqualified-id before â€˜[01m[K++[m[Kâ€™ token
[11.859s]   135 |         for (int i = 0; i < grid_width + 2; [01;31m[K++[m[Ki) cout << "*"; // ì•„ë«ë³€ í…Œë‘ë¦¬
[11.860s]       |                                             [01;31m[K^~[m[K
[11.860s] [01m[K/home/hae/robot_ws/src/dot_pkg/src/dot.cpp:136:9:[m[K [01;31m[Kerror: [m[Kâ€˜[01m[Kcout[m[Kâ€™ does not name a type
[11.861s]   136 |         [01;31m[Kcout[m[K << endl; // ì¤„ ë°”ê¿ˆ
[11.861s]       |         [01;31m[K^~~~[m[K
[11.862s] [01m[K/home/hae/robot_ws/src/dot_pkg/src/dot.cpp:139:36:[m[K [01;31m[Kerror: [m[Kexpected constructor, destructor, or type conversion before â€˜[01m[K([m[Kâ€™ token
[11.862s]   139 |         std::this_thread::sleep_for[01;31m[K([m[Kstd::chrono::seconds(3)); // 3ì´ˆ ë™ì•ˆ ìŠ¤ë ˆë“œë¥¼ ì¼ì‹œ ì •ì§€
[11.862s]       |                                    [01;31m[K^[m[K
[11.863s] [01m[K/home/hae/robot_ws/src/dot_pkg/src/dot.cpp:140:5:[m[K [01;31m[Kerror: [m[Kexpected declaration before â€˜[01m[K}[m[Kâ€™ token
[11.863s]   140 |     [01;31m[K}[m[K
[11.863s]       |     [01;31m[K^[m[K
[11.864s] [01m[K/home/hae/robot_ws/src/dot_pkg/src/dot.cpp:144:1:[m[K [01;31m[Kerror: [m[Kexpected declaration before â€˜[01m[K}[m[Kâ€™ token
[11.864s]   144 | [01;31m[K}[m[K;
[11.865s]       | [01;31m[K^[m[K
[11.865s] [01m[K/home/hae/robot_ws/src/dot_pkg/src/dot.cpp:146:5:[m[K [01;31m[Kerror: [m[Kredefinition of â€˜[01m[Kint main(int, char**)[m[Kâ€™
[11.866s]   146 | int [01;31m[Kmain[m[K(int argc, char *argv[])
[11.866s]       |     [01;31m[K^~~~[m[K
[11.866s] [01m[K/home/hae/robot_ws/src/dot_pkg/src/dot.cpp:91:5:[m[K [01;36m[Knote: [m[Kâ€˜[01m[Kint main(int, char**)[m[Kâ€™ previously defined here
[11.867s]    91 | int [01;36m[Kmain[m[K(int argc, char *argv[])
[11.867s]       |     [01;36m[K^~~~[m[K
[20.659s] gmake[2]: *** [CMakeFiles/dot_node.dir/build.make:76: CMakeFiles/dot_node.dir/src/dot.cpp.o] Error 1
[20.660s] gmake[1]: *** [CMakeFiles/Makefile2:137: CMakeFiles/dot_node.dir/all] Error 2
[20.662s] gmake: *** [Makefile:146: all] Error 2
[20.708s] Invoked command in '/home/hae/robot_ws/src/build/dot_pkg' returned '2': CMAKE_PREFIX_PATH=${CMAKE_PREFIX_PATH}:/opt/ros/humble /usr/bin/cmake --build /home/hae/robot_ws/src/build/dot_pkg -- -j4 -l4
