[35m[1mConsolidate compiler generated dependencies of target grid_node[0m
[ 50%] [32mBuilding CXX object CMakeFiles/grid_node.dir/src/grid.cpp.o[0m
[01m[K/home/hae/robot_ws/src/robot_grid_pkg/src/grid.cpp:[m[K In constructor â€˜[01m[KTurtlebotController::TurtlebotController()[m[Kâ€™:
[01m[K/home/hae/robot_ws/src/robot_grid_pkg/src/grid.cpp:21:29:[m[K [01;31m[Kerror: [m[Ktype â€˜[01m[KTurtlebotController::Node[m[Kâ€™ is not a direct base of â€˜[01m[KTurtlebotController[m[Kâ€™
   21 |     TurtlebotController() : [01;31m[KNode[m[K("turtlebot_controller") {
      |                             [01;31m[K^~~~[m[K
[01m[K/home/hae/robot_ws/src/robot_grid_pkg/src/grid.cpp:21:56:[m[K [01;31m[Kerror: [m[Kno matching function for call to â€˜[01m[Krclcpp::Node::Node()[m[Kâ€™
   21 |     TurtlebotController() : Node("turtlebot_controller"[01;31m[K)[m[K {
      |                                                        [01;31m[K^[m[K
In file included from [01m[K/opt/ros/humble/include/rclcpp/rclcpp/executors/single_threaded_executor.hpp:28[m[K,
                 from [01m[K/opt/ros/humble/include/rclcpp/rclcpp/executors.hpp:22[m[K,
                 from [01m[K/opt/ros/humble/include/rclcpp/rclcpp/rclcpp.hpp:155[m[K,
                 from [01m[K/home/hae/robot_ws/src/robot_grid_pkg/src/grid.cpp:5[m[K:
[01m[K/opt/ros/humble/include/rclcpp/rclcpp/node.hpp:1294:3:[m[K [01;36m[Knote: [m[Kcandidate: â€˜[01m[Krclcpp::Node::Node(const rclcpp::Node&, const string&)[m[Kâ€™
 1294 |   [01;36m[KNode[m[K(
      |   [01;36m[K^~~~[m[K
[01m[K/opt/ros/humble/include/rclcpp/rclcpp/node.hpp:1294:3:[m[K [01;36m[Knote: [m[K  candidate expects 2 arguments, 0 provided
[01m[K/opt/ros/humble/include/rclcpp/rclcpp/node.hpp:101:12:[m[K [01;36m[Knote: [m[Kcandidate: â€˜[01m[Krclcpp::Node::Node(const string&, const string&, const rclcpp::NodeOptions&)[m[Kâ€™
  101 |   explicit [01;36m[KNode[m[K(
      |            [01;36m[K^~~~[m[K
[01m[K/opt/ros/humble/include/rclcpp/rclcpp/node.hpp:101:12:[m[K [01;36m[Knote: [m[K  candidate expects 3 arguments, 0 provided
[01m[K/opt/ros/humble/include/rclcpp/rclcpp/node.hpp:89:12:[m[K [01;36m[Knote: [m[Kcandidate: â€˜[01m[Krclcpp::Node::Node(const string&, const rclcpp::NodeOptions&)[m[Kâ€™
   89 |   explicit [01;36m[KNode[m[K(
      |            [01;36m[K^~~~[m[K
[01m[K/opt/ros/humble/include/rclcpp/rclcpp/node.hpp:89:12:[m[K [01;36m[Knote: [m[K  candidate expects 2 arguments, 0 provided
[01m[K/home/hae/robot_ws/src/robot_grid_pkg/src/grid.cpp:[m[K In member function â€˜[01m[Kbool TurtlebotController::is_turn(const TurtlebotController::Point&, const TurtlebotController::Point&, const TurtlebotController::Point&)[m[Kâ€™:
[01m[K/home/hae/robot_ws/src/robot_grid_pkg/src/grid.cpp:93:50:[m[K [01;35m[Kwarning: [m[Kunused parameter â€˜[01m[Kcurrent[m[Kâ€™ [[01;35m[K]8;;https://gcc.gnu.org/onlinedocs/gcc/Warning-Options.html#index-Wunused-parameter-Wunused-parameter]8;;[m[K]
   93 |     bool is_turn(const Point& prev, [01;35m[Kconst Point& current[m[K, const Point& next) {
      |                                     [01;35m[K~~~~~~~~~~~~~^~~~~~~[m[K
gmake[2]: *** [CMakeFiles/grid_node.dir/build.make:76: CMakeFiles/grid_node.dir/src/grid.cpp.o] Error 1
gmake[1]: *** [CMakeFiles/Makefile2:137: CMakeFiles/grid_node.dir/all] Error 2
gmake: *** [Makefile:146: all] Error 2
