[0.063s] Invoking command in '/home/hae/robot_ws/src/build/robot_grid_pkg': CMAKE_PREFIX_PATH=${CMAKE_PREFIX_PATH}:/opt/ros/humble /usr/bin/cmake --build /home/hae/robot_ws/src/build/robot_grid_pkg -- -j4 -l4
[0.252s] [35m[1mConsolidate compiler generated dependencies of target grid_node[0m
[0.347s] [ 50%] [32mBuilding CXX object CMakeFiles/grid_node.dir/src/grid.cpp.o[0m
[12.541s] [01m[K/home/hae/robot_ws/src/robot_grid_pkg/src/grid.cpp:[m[K In constructor â€˜[01m[KTurtlebotController::TurtlebotController()[m[Kâ€™:
[12.542s] [01m[K/home/hae/robot_ws/src/robot_grid_pkg/src/grid.cpp:21:29:[m[K [01;31m[Kerror: [m[Ktype â€˜[01m[KTurtlebotController::Node[m[Kâ€™ is not a direct base of â€˜[01m[KTurtlebotController[m[Kâ€™
[12.542s]    21 |     TurtlebotController() : [01;31m[KNode[m[K("turtlebot_controller") {
[12.543s]       |                             [01;31m[K^~~~[m[K
[12.544s] [01m[K/home/hae/robot_ws/src/robot_grid_pkg/src/grid.cpp:21:56:[m[K [01;31m[Kerror: [m[Kno matching function for call to â€˜[01m[Krclcpp::Node::Node()[m[Kâ€™
[12.544s]    21 |     TurtlebotController() : Node("turtlebot_controller"[01;31m[K)[m[K {
[12.545s]       |                                                        [01;31m[K^[m[K
[12.545s] In file included from [01m[K/opt/ros/humble/include/rclcpp/rclcpp/executors/single_threaded_executor.hpp:28[m[K,
[12.546s]                  from [01m[K/opt/ros/humble/include/rclcpp/rclcpp/executors.hpp:22[m[K,
[12.547s]                  from [01m[K/opt/ros/humble/include/rclcpp/rclcpp/rclcpp.hpp:155[m[K,
[12.547s]                  from [01m[K/home/hae/robot_ws/src/robot_grid_pkg/src/grid.cpp:5[m[K:
[12.548s] [01m[K/opt/ros/humble/include/rclcpp/rclcpp/node.hpp:1294:3:[m[K [01;36m[Knote: [m[Kcandidate: â€˜[01m[Krclcpp::Node::Node(const rclcpp::Node&, const string&)[m[Kâ€™
[12.548s]  1294 |   [01;36m[KNode[m[K(
[12.550s]       |   [01;36m[K^~~~[m[K
[12.551s] [01m[K/opt/ros/humble/include/rclcpp/rclcpp/node.hpp:1294:3:[m[K [01;36m[Knote: [m[K  candidate expects 2 arguments, 0 provided
[12.551s] [01m[K/opt/ros/humble/include/rclcpp/rclcpp/node.hpp:101:12:[m[K [01;36m[Knote: [m[Kcandidate: â€˜[01m[Krclcpp::Node::Node(const string&, const string&, const rclcpp::NodeOptions&)[m[Kâ€™
[12.552s]   101 |   explicit [01;36m[KNode[m[K(
[12.565s]       |            [01;36m[K^~~~[m[K
[12.566s] [01m[K/opt/ros/humble/include/rclcpp/rclcpp/node.hpp:101:12:[m[K [01;36m[Knote: [m[K  candidate expects 3 arguments, 0 provided
[12.566s] [01m[K/opt/ros/humble/include/rclcpp/rclcpp/node.hpp:89:12:[m[K [01;36m[Knote: [m[Kcandidate: â€˜[01m[Krclcpp::Node::Node(const string&, const rclcpp::NodeOptions&)[m[Kâ€™
[12.567s]    89 |   explicit [01;36m[KNode[m[K(
[12.567s]       |            [01;36m[K^~~~[m[K
[12.568s] [01m[K/opt/ros/humble/include/rclcpp/rclcpp/node.hpp:89:12:[m[K [01;36m[Knote: [m[K  candidate expects 2 arguments, 0 provided
[12.604s] [01m[K/home/hae/robot_ws/src/robot_grid_pkg/src/grid.cpp:[m[K In member function â€˜[01m[Kbool TurtlebotController::is_turn(const TurtlebotController::Point&, const TurtlebotController::Point&, const TurtlebotController::Point&)[m[Kâ€™:
[12.605s] [01m[K/home/hae/robot_ws/src/robot_grid_pkg/src/grid.cpp:93:50:[m[K [01;35m[Kwarning: [m[Kunused parameter â€˜[01m[Kcurrent[m[Kâ€™ [[01;35m[K]8;;https://gcc.gnu.org/onlinedocs/gcc/Warning-Options.html#index-Wunused-parameter-Wunused-parameter]8;;[m[K]
[12.606s]    93 |     bool is_turn(const Point& prev, [01;35m[Kconst Point& current[m[K, const Point& next) {
[12.607s]       |                                     [01;35m[K~~~~~~~~~~~~~^~~~~~~[m[K
[21.843s] gmake[2]: *** [CMakeFiles/grid_node.dir/build.make:76: CMakeFiles/grid_node.dir/src/grid.cpp.o] Error 1
[21.844s] gmake[1]: *** [CMakeFiles/Makefile2:137: CMakeFiles/grid_node.dir/all] Error 2
[21.845s] gmake: *** [Makefile:146: all] Error 2
[21.852s] Invoked command in '/home/hae/robot_ws/src/build/robot_grid_pkg' returned '2': CMAKE_PREFIX_PATH=${CMAKE_PREFIX_PATH}:/opt/ros/humble /usr/bin/cmake --build /home/hae/robot_ws/src/build/robot_grid_pkg -- -j4 -l4
