[0.000000] (-) TimerEvent: {}
[0.001779] (-) JobUnselected: {'identifier': 'robot_action_pkg'}
[0.002398] (-) JobUnselected: {'identifier': 'robot_cleaner_pkg'}
[0.002972] (-) JobUnselected: {'identifier': 'robot_move_pkg'}
[0.003193] (robot_go_pkg) JobQueued: {'identifier': 'robot_go_pkg', 'dependencies': OrderedDict()}
[0.003414] (robot_go_pkg) JobStarted: {'identifier': 'robot_go_pkg'}
[0.042537] (robot_go_pkg) JobProgress: {'identifier': 'robot_go_pkg', 'progress': 'cmake'}
[0.046088] (robot_go_pkg) JobProgress: {'identifier': 'robot_go_pkg', 'progress': 'build'}
[0.049748] (robot_go_pkg) Command: {'cmd': ['/usr/bin/cmake', '--build', '/home/hae/robot_ws/src/build/robot_go_pkg', '--', '-j4', '-l4'], 'cwd': '/home/hae/robot_ws/src/build/robot_go_pkg', 'env': OrderedDict([('LESSOPEN', '| /usr/bin/lesspipe %s'), ('USER', 'hae'), ('SSH_CLIENT', '192.168.1.2 50291 22'), ('XDG_SESSION_TYPE', 'tty'), ('SHLVL', '1'), ('LD_LIBRARY_PATH', '/opt/ros/humble/opt/rviz_ogre_vendor/lib:/opt/ros/humble/lib/aarch64-linux-gnu:/opt/ros/humble/lib'), ('MOTD_SHOWN', 'pam'), ('HOME', '/home/hae'), ('OLDPWD', '/home/hae'), ('SSH_TTY', '/dev/pts/0'), ('ROS_PYTHON_VERSION', '3'), ('DBUS_SESSION_BUS_ADDRESS', 'unix:path=/run/user/1000/bus'), ('COLCON_PREFIX_PATH', '/home/hae/robot_ws/src/install:/home/hae/install'), ('ROS_DISTRO', 'humble'), ('LOGNAME', 'hae'), ('_', '/usr/bin/colcon'), ('ROS_VERSION', '2'), ('XDG_SESSION_CLASS', 'user'), ('TERM', 'xterm'), ('XDG_SESSION_ID', '19'), ('ROS_LOCALHOST_ONLY', '0'), ('PATH', '/opt/ros/humble/bin:/usr/local/sbin:/usr/local/bin:/usr/sbin:/usr/bin:/sbin:/bin:/usr/games:/usr/local/games:/snap/bin'), ('XDG_RUNTIME_DIR', '/run/user/1000'), ('DISPLAY', 'localhost:10.0'), ('LANG', 'en_US.UTF-8'), ('LS_COLORS', 'rs=0:di=01;34:ln=01;36:mh=00:pi=40;33:so=01;35:do=01;35:bd=40;33;01:cd=40;33;01:or=40;31;01:mi=00:su=37;41:sg=30;43:ca=30;41:tw=30;42:ow=34;42:st=37;44:ex=01;32:*.tar=01;31:*.tgz=01;31:*.arc=01;31:*.arj=01;31:*.taz=01;31:*.lha=01;31:*.lz4=01;31:*.lzh=01;31:*.lzma=01;31:*.tlz=01;31:*.txz=01;31:*.tzo=01;31:*.t7z=01;31:*.zip=01;31:*.z=01;31:*.dz=01;31:*.gz=01;31:*.lrz=01;31:*.lz=01;31:*.lzo=01;31:*.xz=01;31:*.zst=01;31:*.tzst=01;31:*.bz2=01;31:*.bz=01;31:*.tbz=01;31:*.tbz2=01;31:*.tz=01;31:*.deb=01;31:*.rpm=01;31:*.jar=01;31:*.war=01;31:*.ear=01;31:*.sar=01;31:*.rar=01;31:*.alz=01;31:*.ace=01;31:*.zoo=01;31:*.cpio=01;31:*.7z=01;31:*.rz=01;31:*.cab=01;31:*.wim=01;31:*.swm=01;31:*.dwm=01;31:*.esd=01;31:*.jpg=01;35:*.jpeg=01;35:*.mjpg=01;35:*.mjpeg=01;35:*.gif=01;35:*.bmp=01;35:*.pbm=01;35:*.pgm=01;35:*.ppm=01;35:*.tga=01;35:*.xbm=01;35:*.xpm=01;35:*.tif=01;35:*.tiff=01;35:*.png=01;35:*.svg=01;35:*.svgz=01;35:*.mng=01;35:*.pcx=01;35:*.mov=01;35:*.mpg=01;35:*.mpeg=01;35:*.m2v=01;35:*.mkv=01;35:*.webm=01;35:*.webp=01;35:*.ogm=01;35:*.mp4=01;35:*.m4v=01;35:*.mp4v=01;35:*.vob=01;35:*.qt=01;35:*.nuv=01;35:*.wmv=01;35:*.asf=01;35:*.rm=01;35:*.rmvb=01;35:*.flc=01;35:*.avi=01;35:*.fli=01;35:*.flv=01;35:*.gl=01;35:*.dl=01;35:*.xcf=01;35:*.xwd=01;35:*.yuv=01;35:*.cgm=01;35:*.emf=01;35:*.ogv=01;35:*.ogx=01;35:*.aac=00;36:*.au=00;36:*.flac=00;36:*.m4a=00;36:*.mid=00;36:*.midi=00;36:*.mka=00;36:*.mp3=00;36:*.mpc=00;36:*.ogg=00;36:*.ra=00;36:*.wav=00;36:*.oga=00;36:*.opus=00;36:*.spx=00;36:*.xspf=00;36:'), ('ROS_DOMAIN_ID', '31'), ('AMENT_PREFIX_PATH', '/home/hae/robot_ws/src/install/robot_move_pkg:/home/hae/robot_ws/src/install/robot_go_pkg:/home/hae/robot_ws/src/install/robot_cleaner_pkg:/home/hae/install/robot_move_pkg:/home/hae/install/robot_cleaner_pkg:/opt/ros/humble'), ('SHELL', '/bin/bash'), ('LESSCLOSE', '/usr/bin/lesspipe %s %s'), ('PWD', '/home/hae/robot_ws/src/build/robot_go_pkg'), ('LC_ALL', 'en_US.UTF-8'), ('SSH_CONNECTION', '192.168.1.2 50291 192.168.1.3 22'), ('XDG_DATA_DIRS', '/usr/share/gnome:/usr/local/share:/usr/share:/var/lib/snapd/desktop'), ('PYTHONPATH', '/opt/ros/humble/lib/python3.10/site-packages:/opt/ros/humble/local/lib/python3.10/dist-packages'), ('COLCON', '1'), ('CMAKE_PREFIX_PATH', '/home/hae/robot_ws/src/install/robot_move_pkg:/home/hae/robot_ws/src/install/robot_go_pkg:/home/hae/robot_ws/src/install/robot_cleaner_pkg:/home/hae/install/robot_move_pkg:/home/hae/install/robot_cleaner_pkg:/opt/ros/humble')]), 'shell': False}
[0.098953] (-) TimerEvent: {}
[0.162945] (robot_go_pkg) StdoutLine: {'line': b'-- Found ament_cmake: 1.3.9 (/opt/ros/humble/share/ament_cmake/cmake)\n'}
[0.199265] (-) TimerEvent: {}
[0.300388] (-) TimerEvent: {}
[0.401359] (-) TimerEvent: {}
[0.502142] (-) TimerEvent: {}
[0.602875] (-) TimerEvent: {}
[0.690665] (robot_go_pkg) StdoutLine: {'line': b'-- Override CMake install command with custom implementation using symlinks instead of copying resources\n'}
[0.703079] (-) TimerEvent: {}
[0.723787] (robot_go_pkg) StdoutLine: {'line': b'-- Found rclcpp: 16.0.9 (/opt/ros/humble/share/rclcpp/cmake)\n'}
[0.803264] (-) TimerEvent: {}
[0.893642] (robot_go_pkg) StdoutLine: {'line': b'-- Found rosidl_generator_c: 3.1.5 (/opt/ros/humble/share/rosidl_generator_c/cmake)\n'}
[0.903481] (-) TimerEvent: {}
[0.904433] (robot_go_pkg) StdoutLine: {'line': b'-- Found rosidl_adapter: 3.1.5 (/opt/ros/humble/share/rosidl_adapter/cmake)\n'}
[0.928394] (robot_go_pkg) StdoutLine: {'line': b'-- Found rosidl_generator_cpp: 3.1.5 (/opt/ros/humble/share/rosidl_generator_cpp/cmake)\n'}
[0.973109] (robot_go_pkg) StdoutLine: {'line': b'-- Using all available rosidl_typesupport_c: rosidl_typesupport_fastrtps_c;rosidl_typesupport_introspection_c\n'}
[1.003703] (-) TimerEvent: {}
[1.034875] (robot_go_pkg) StdoutLine: {'line': b'-- Using all available rosidl_typesupport_cpp: rosidl_typesupport_fastrtps_cpp;rosidl_typesupport_introspection_cpp\n'}
[1.103883] (-) TimerEvent: {}
[1.204650] (-) TimerEvent: {}
[1.257241] (robot_go_pkg) StdoutLine: {'line': b'-- Found rmw_implementation_cmake: 6.1.2 (/opt/ros/humble/share/rmw_implementation_cmake/cmake)\n'}
[1.263510] (robot_go_pkg) StdoutLine: {'line': b'-- Found rmw_fastrtps_cpp: 6.2.6 (/opt/ros/humble/share/rmw_fastrtps_cpp/cmake)\n'}
[1.304820] (-) TimerEvent: {}
[1.405581] (-) TimerEvent: {}
[1.506314] (-) TimerEvent: {}
[1.607100] (-) TimerEvent: {}
[1.707907] (-) TimerEvent: {}
[1.808787] (-) TimerEvent: {}
[1.909593] (-) TimerEvent: {}
[2.010324] (-) TimerEvent: {}
[2.111112] (-) TimerEvent: {}
[2.211883] (-) TimerEvent: {}
[2.246871] (robot_go_pkg) StdoutLine: {'line': b"-- Using RMW implementation 'rmw_fastrtps_cpp' as default\n"}
[2.312067] (-) TimerEvent: {}
[2.412942] (-) TimerEvent: {}
[2.513709] (-) TimerEvent: {}
[2.614498] (-) TimerEvent: {}
[2.715324] (-) TimerEvent: {}
[2.816188] (-) TimerEvent: {}
[2.833237] (robot_go_pkg) StdoutLine: {'line': b'-- Found geometry_msgs: 4.2.4 (/opt/ros/humble/share/geometry_msgs/cmake)\n'}
[2.916369] (-) TimerEvent: {}
[2.993318] (robot_go_pkg) StdoutLine: {'line': b'-- Found nav_msgs: 4.2.4 (/opt/ros/humble/share/nav_msgs/cmake)\n'}
[3.016535] (-) TimerEvent: {}
[3.117328] (-) TimerEvent: {}
[3.218135] (-) TimerEvent: {}
[3.296349] (robot_go_pkg) StdoutLine: {'line': b'-- Found action_msgs: 1.2.1 (/opt/ros/humble/share/action_msgs/cmake)\n'}
[3.318305] (-) TimerEvent: {}
[3.419599] (-) TimerEvent: {}
[3.520976] (-) TimerEvent: {}
[3.537924] (robot_go_pkg) StdoutLine: {'line': b'-- Found sensor_msgs: 4.2.4 (/opt/ros/humble/share/sensor_msgs/cmake)\n'}
[3.621151] (-) TimerEvent: {}
[3.721995] (-) TimerEvent: {}
[3.822745] (-) TimerEvent: {}
[3.839763] (robot_go_pkg) StdoutLine: {'line': b'-- Found ament_lint_auto: 0.12.11 (/opt/ros/humble/share/ament_lint_auto/cmake)\n'}
[3.922946] (-) TimerEvent: {}
[4.023745] (-) TimerEvent: {}
[4.124892] (-) TimerEvent: {}
[4.170956] (robot_go_pkg) StdoutLine: {'line': b"-- Added test 'cppcheck' to perform static code analysis on C / C++ code\n"}
[4.172103] (robot_go_pkg) StdoutLine: {'line': b'-- Configured cppcheck include dirs: \n'}
[4.172727] (robot_go_pkg) StdoutLine: {'line': b'-- Configured cppcheck exclude dirs and/or files: \n'}
[4.175898] (robot_go_pkg) StdoutLine: {'line': b"-- Added test 'lint_cmake' to check CMake code style\n"}
[4.183862] (robot_go_pkg) StdoutLine: {'line': b"-- Added test 'uncrustify' to check C / C++ code style\n"}
[4.184536] (robot_go_pkg) StdoutLine: {'line': b'-- Configured uncrustify additional arguments: \n'}
[4.185938] (robot_go_pkg) StdoutLine: {'line': b"-- Added test 'xmllint' to check XML markup files\n"}
[4.191839] (robot_go_pkg) StdoutLine: {'line': b'-- Configuring done\n'}
[4.225085] (-) TimerEvent: {}
[4.277516] (robot_go_pkg) StdoutLine: {'line': b'-- Generating done\n'}
[4.288223] (robot_go_pkg) StdoutLine: {'line': b'-- Build files have been written to: /home/hae/robot_ws/src/build/robot_go_pkg\n'}
[4.325287] (-) TimerEvent: {}
[4.399044] (robot_go_pkg) StdoutLine: {'line': b'\x1b[35m\x1b[1mConsolidate compiler generated dependencies of target test_node\x1b[0m\n'}
[4.420126] (robot_go_pkg) StdoutLine: {'line': b'\x1b[35m\x1b[1mConsolidate compiler generated dependencies of target scan_node\x1b[0m\n'}
[4.431538] (-) TimerEvent: {}
[4.489599] (robot_go_pkg) StdoutLine: {'line': b'[ 16%] \x1b[32mBuilding CXX object CMakeFiles/go_node.dir/src/go.cpp.o\x1b[0m\n'}
[4.535636] (-) TimerEvent: {}
[4.540248] (robot_go_pkg) StderrLine: {'line': b'\x1b[01m\x1b[K/home/hae/robot_ws/src/robot_go_pkg/src/go.cpp:1:10:\x1b[m\x1b[K \x1b[01;31m\x1b[Kfatal error: \x1b[m\x1b[Krclcpp/rclcpp.hpp: No such file or directory\n'}
[4.540939] (robot_go_pkg) StderrLine: {'line': b'    1 | #include \x1b[01;31m\x1b[K"rclcpp/rclcpp.hpp"\x1b[m\x1b[K\n'}
[4.541459] (robot_go_pkg) StderrLine: {'line': b'      |          \x1b[01;31m\x1b[K^~~~~~~~~~~~~~~~~~~\x1b[m\x1b[K\n'}
[4.541993] (robot_go_pkg) StderrLine: {'line': b'compilation terminated.\n'}
[4.542472] (robot_go_pkg) StdoutLine: {'line': b'[ 50%] Built target test_node\n'}
[4.545975] (robot_go_pkg) StderrLine: {'line': b'gmake[2]: *** [CMakeFiles/go_node.dir/build.make:76: CMakeFiles/go_node.dir/src/go.cpp.o] Error 1\n'}
[4.546665] (robot_go_pkg) StderrLine: {'line': b'gmake[1]: *** [CMakeFiles/Makefile2:193: CMakeFiles/go_node.dir/all] Error 2\n'}
[4.547455] (robot_go_pkg) StderrLine: {'line': b'gmake[1]: *** Waiting for unfinished jobs....\n'}
[4.557402] (robot_go_pkg) StdoutLine: {'line': b'[ 83%] Built target scan_node\n'}
[4.572209] (robot_go_pkg) StderrLine: {'line': b'gmake: *** [Makefile:146: all] Error 2\n'}
[4.572885] (robot_go_pkg) CommandEnded: {'returncode': 2}
[4.635779] (-) TimerEvent: {}
[4.737439] (-) TimerEvent: {}
[4.764850] (robot_go_pkg) JobEnded: {'identifier': 'robot_go_pkg', 'rc': 2}
[4.776459] (-) EventReactorShutdown: {}
