[0.066s] Invoking command in '/home/hae/robot_ws/src/build/robot_go_pkg': CMAKE_PREFIX_PATH=/home/hae/robot_ws/src/install/robot_action:/home/hae/robot_ws/src/install/test_pkg:/home/hae/robot_ws/src/install/robot_move_pkg:/home/hae/robot_ws/src/install/robot_go_pkg:/home/hae/robot_ws/src/install/robot_cleaner_pkg:/home/hae/robot_ws/src/install/action_test:/opt/ros/humble /usr/bin/cmake --build /home/hae/robot_ws/src/build/robot_go_pkg -- -j4 -l4
[0.283s] [35m[1mConsolidate compiler generated dependencies of target go_node[0m
[0.360s] [ 25%] Built target test_node
[0.383s] [ 50%] Built target scan_node
[0.408s] [ 62%] [32mBuilding CXX object CMakeFiles/go_node.dir/src/go.cpp.o[0m
[0.411s] [ 87%] Built target cli_node
[13.256s] [01m[K/home/hae/robot_ws/src/robot_go_pkg/src/go.cpp:[m[K In member function ‚Äò[01m[Kvoid TurtlebotController::handle_accepted(std::shared_ptr<rclcpp_action::ServerGoalHandle<robot_action::action::Move> >)[m[K‚Äô:
[13.256s] [01m[K/home/hae/robot_ws/src/robot_go_pkg/src/go.cpp:91:31:[m[K [01;31m[Kerror: [m[Kno matching function for call to ‚Äò[01m[KTurtlebotController::initialize_sensor_data()[m[K‚Äô
[13.257s]    91 |         [01;31m[Kinitialize_sensor_data()[m[K; // ÏÑºÏÑú Îç∞Ïù¥ÌÑ∞ Ï¥àÍ∏∞Ìôî
[13.257s]       |         [01;31m[K~~~~~~~~~~~~~~~~~~~~~~^~[m[K
[13.258s] [01m[K/home/hae/robot_ws/src/robot_go_pkg/src/go.cpp:95:10:[m[K [01;36m[Knote: [m[Kcandidate: ‚Äò[01m[Kvoid TurtlebotController::initialize_sensor_data(geometry_msgs::msg::Vector3_<std::allocator<void> >::SharedPtr)[m[K‚Äô
[13.258s]    95 |     void [01;36m[Kinitialize_sensor_data[m[K(const geometry_msgs::msg::Vector3::SharedPtr msg)
[13.259s]       |          [01;36m[K^~~~~~~~~~~~~~~~~~~~~~[m[K
[13.259s] [01m[K/home/hae/robot_ws/src/robot_go_pkg/src/go.cpp:95:10:[m[K [01;36m[Knote: [m[K  candidate expects 1 argument, 0 provided
[13.274s] [01m[K/home/hae/robot_ws/src/robot_go_pkg/src/go.cpp:[m[K In constructor ‚Äò[01m[KTurtlebotController::TurtlebotController()[m[K‚Äô:
[13.275s] [01m[K/home/hae/robot_ws/src/robot_go_pkg/src/go.cpp:26:10:[m[K [01;35m[Kwarning: [m[K‚Äò[01m[KTurtlebotController::obstacle_detected_[m[K‚Äô will be initialized after [[01;35m[K]8;;https://gcc.gnu.org/onlinedocs/gcc/Warning-Options.html#index-Wreorder-Wreorder]8;;[m[K]
[13.276s]    26 |     bool [01;35m[Kobstacle_detected_[m[K; // Ïû•Ïï†Î¨º Í∞êÏßÄ Ïó¨Î∂Ä
[13.276s]       |          [01;35m[K^~~~~~~~~~~~~~~~~~[m[K
[13.277s] [01m[K/home/hae/robot_ws/src/robot_go_pkg/src/go.cpp:22:12:[m[K [01;35m[Kwarning: [m[K  ‚Äò[01m[Kdouble TurtlebotController::total_distance_[m[K‚Äô [[01;35m[K]8;;https://gcc.gnu.org/onlinedocs/gcc/Warning-Options.html#index-Wreorder-Wreorder]8;;[m[K]
[13.277s]    22 |     double [01;35m[Ktotal_distance_[m[K; // Ï¥ù Ïù¥Îèô Í±∞Î¶¨ Ï†ÄÏû• Î≥ÄÏàò
[13.278s]       |            [01;35m[K^~~~~~~~~~~~~~~[m[K
[13.278s] [01m[K/home/hae/robot_ws/src/robot_go_pkg/src/go.cpp:144:5:[m[K [01;35m[Kwarning: [m[K  when initialized here [[01;35m[K]8;;https://gcc.gnu.org/onlinedocs/gcc/Warning-Options.html#index-Wreorder-Wreorder]8;;[m[K]
[13.278s]   144 |     [01;35m[KTurtlebotController[m[K()
[13.279s]       |     [01;35m[K^~~~~~~~~~~~~~~~~~~[m[K
[13.322s] [01m[K/home/hae/robot_ws/src/robot_go_pkg/src/go.cpp:150:9:[m[K [01;31m[Kerror: [m[K‚Äò[01m[Ksensor_subscriber_[m[K‚Äô was not declared in this scope
[13.323s]   150 |         [01;31m[Ksensor_subscriber_[m[K = this->create_subscription<geometry_msgs::msg::Vector3>("aeeun", 10); // ÏÑºÏÑú Îç∞Ïù¥ÌÑ∞ Íµ¨ÎèÖ
[13.323s]       |         [01;31m[K^~~~~~~~~~~~~~~~~~[m[K
[13.323s] [01m[K/home/hae/robot_ws/src/robot_go_pkg/src/go.cpp:150:84:[m[K [01;31m[Kerror: [m[Kno matching function for call to ‚Äò[01m[KTurtlebotController::create_subscription<geometry_msgs::msg::Vector3>(const char [6], int)[m[K‚Äô
[13.324s]   150 |         sensor_subscriber_ = [01;31m[Kthis->create_subscription<geometry_msgs::msg::Vector3>("aeeun", 10)[m[K; // ÏÑºÏÑú Îç∞Ïù¥ÌÑ∞ Íµ¨ÎèÖ
[13.324s]       |                              [01;31m[K~~~~~~~~~~~~~~~~~~~~~~~~~~~~~~~~~~~~~~~~~~~~~~~~~~~~~~^~~~~~~~~~~~~[m[K
[13.325s] In file included from [01m[K/opt/ros/humble/include/rclcpp/rclcpp/executors/single_threaded_executor.hpp:28[m[K,
[13.325s]                  from [01m[K/opt/ros/humble/include/rclcpp/rclcpp/executors.hpp:22[m[K,
[13.326s]                  from [01m[K/opt/ros/humble/include/rclcpp/rclcpp/rclcpp.hpp:155[m[K,
[13.327s]                  from [01m[K/home/hae/robot_ws/src/robot_go_pkg/src/go.cpp:1[m[K:
[13.327s] [01m[K/opt/ros/humble/include/rclcpp/rclcpp/node.hpp:219:3:[m[K [01;36m[Knote: [m[Kcandidate: ‚Äò[01m[Ktemplate<class MessageT, class CallbackT, class AllocatorT, class SubscriptionT, class MessageMemoryStrategyT> std::shared_ptr<ROSMessageT> rclcpp::Node::create_subscription(const string&, const rclcpp::QoS&, CallbackT&&, const rclcpp::SubscriptionOptionsWithAllocator<AllocatorT>&, typename MessageMemoryStrategyT::SharedPtr)[m[K‚Äô
[13.328s]   219 |   [01;36m[Kcreate_subscription[m[K(
[13.328s]       |   [01;36m[K^~~~~~~~~~~~~~~~~~~[m[K
[13.329s] [01m[K/opt/ros/humble/include/rclcpp/rclcpp/node.hpp:219:3:[m[K [01;36m[Knote: [m[K  template argument deduction/substitution failed:
[13.329s] [01m[K/home/hae/robot_ws/src/robot_go_pkg/src/go.cpp:150:84:[m[K [01;36m[Knote: [m[K  candidate expects 5 arguments, 2 provided
[13.329s]   150 |         sensor_subscriber_ = [01;36m[Kthis->create_subscription<geometry_msgs::msg::Vector3>("aeeun", 10)[m[K; // ÏÑºÏÑú Îç∞Ïù¥ÌÑ∞ Íµ¨ÎèÖ
[13.330s]       |                              [01;36m[K~~~~~~~~~~~~~~~~~~~~~~~~~~~~~~~~~~~~~~~~~~~~~~~~~~~~~~^~~~~~~~~~~~~[m[K
[23.151s] gmake[2]: *** [CMakeFiles/go_node.dir/build.make:76: CMakeFiles/go_node.dir/src/go.cpp.o] Error 1
[23.152s] gmake[1]: *** [CMakeFiles/Makefile2:195: CMakeFiles/go_node.dir/all] Error 2
[23.153s] gmake: *** [Makefile:146: all] Error 2
[23.160s] Invoked command in '/home/hae/robot_ws/src/build/robot_go_pkg' returned '2': CMAKE_PREFIX_PATH=/home/hae/robot_ws/src/install/robot_action:/home/hae/robot_ws/src/install/test_pkg:/home/hae/robot_ws/src/install/robot_move_pkg:/home/hae/robot_ws/src/install/robot_go_pkg:/home/hae/robot_ws/src/install/robot_cleaner_pkg:/home/hae/robot_ws/src/install/action_test:/opt/ros/humble /usr/bin/cmake --build /home/hae/robot_ws/src/build/robot_go_pkg -- -j4 -l4
