[35m[1mConsolidate compiler generated dependencies of target go_node[0m
[ 25%] Built target scan_node
[ 50%] Built target test_node
[35m[1mConsolidate compiler generated dependencies of target cli_node[0m
[ 62%] [32m[1mLinking CXX executable go_node[0m
[ 75%] [32mBuilding CXX object CMakeFiles/cli_node.dir/src/cli.cpp.o[0m
[ 87%] Built target go_node
[01m[K/home/hae/robot_ws/src/robot_go_pkg/src/cli.cpp:[m[K In lambda function:
[01m[K/home/hae/robot_ws/src/robot_go_pkg/src/cli.cpp:59:51:[m[K [01;31m[Kerror: [m[Krequest for member ‘[01m[Kempty[m[K’ in ‘[01m[K((const std::__shared_ptr_access<const robot_action::action::Move_Feedback_<std::allocator<void> >, __gnu_cxx::_S_atomic, false, false>*)(& feedback))->std::__shared_ptr_access<const robot_action::action::Move_Feedback_<std::allocator<void> >, __gnu_cxx::_S_atomic, false, false>::operator->()->robot_action::action::Move_Feedback_<std::allocator<void> >::traveled_distances[m[K’, which is of non-class type ‘[01m[Kconst _traveled_distances_type[m[K’ {aka ‘[01m[Kconst float[m[K’}
   59 |           if (!feedback->traveled_distances.[01;31m[Kempty[m[K()) { // 피드백의 traveled_distances가 비어있지 않은 경우
      |                                             [01;31m[K^~~~~[m[K

[01m[K/home/hae/robot_ws/src/robot_go_pkg/src/cli.cpp:61:53:[m[K [01;31m[Kerror: [m[K‘[01m[Kbegin[m[K’ was not declared in this scope; did you mean ‘[01m[Kstd::begin[m[K’?
   61 |             for (float distance : feedback->[01;31m[Ktraveled_distances[m[K) { // 피드백 거리 리스트 반복
      |                                             [01;31m[K^~~~~~~~~~~~~~~~~~[m[K
      |                                             [32m[Kstd::begin[m[K
In file included from [01m[K/usr/include/c++/11/array:41[m[K,
                 from [01m[K/usr/include/c++/11/tuple:39[m[K,
                 from [01m[K/usr/include/c++/11/bits/unique_ptr.h:37[m[K,
                 from [01m[K/usr/include/c++/11/memory:76[m[K,
                 from [01m[K/opt/ros/humble/include/rclcpp/rclcpp/rclcpp.hpp:153[m[K,
                 from [01m[K/home/hae/robot_ws/src/robot_go_pkg/src/cli.cpp:1[m[K:
[01m[K/usr/include/c++/11/bits/range_access.h:108:37:[m[K [01;36m[Knote: [m[K‘[01m[Kstd::begin[m[K’ declared here
  108 |   template<typename _Tp> const _Tp* [01;36m[Kbegin[m[K(const valarray<_Tp>&) noexcept;
      |                                     [01;36m[K^~~~~[m[K
[01m[K/home/hae/robot_ws/src/robot_go_pkg/src/cli.cpp:61:53:[m[K [01;31m[Kerror: [m[K‘[01m[Kend[m[K’ was not declared in this scope; did you mean ‘[01m[Kstd::end[m[K’?
   61 |             for (float distance : feedback->[01;31m[Ktraveled_distances[m[K) { // 피드백 거리 리스트 반복
      |                                             [01;31m[K^~~~~~~~~~~~~~~~~~[m[K
      |                                             [32m[Kstd::end[m[K
In file included from [01m[K/usr/include/c++/11/array:41[m[K,
                 from [01m[K/usr/include/c++/11/tuple:39[m[K,
                 from [01m[K/usr/include/c++/11/bits/unique_ptr.h:37[m[K,
                 from [01m[K/usr/include/c++/11/memory:76[m[K,
                 from [01m[K/opt/ros/humble/include/rclcpp/rclcpp/rclcpp.hpp:153[m[K,
                 from [01m[K/home/hae/robot_ws/src/robot_go_pkg/src/cli.cpp:1[m[K:
[01m[K/usr/include/c++/11/bits/range_access.h:110:37:[m[K [01;36m[Knote: [m[K‘[01m[Kstd::end[m[K’ declared here
  110 |   template<typename _Tp> const _Tp* [01;36m[Kend[m[K(const valarray<_Tp>&) noexcept;
      |                                     [01;36m[K^~~[m[K
gmake[2]: *** [CMakeFiles/cli_node.dir/build.make:76: CMakeFiles/cli_node.dir/src/cli.cpp.o] Error 1
gmake[1]: *** [CMakeFiles/Makefile2:221: CMakeFiles/cli_node.dir/all] Error 2
gmake: *** [Makefile:146: all] Error 2
