[01m[K/home/hae/robot_ws/src/robot_go_pkg/src/go.cpp:21:27:[m[K [01;31m[Kerror: [m[Kâ€˜[01m[Krobot_action_pkg[m[Kâ€™ was not declared in this scope; did you mean â€˜[01m[Krobot_action[m[Kâ€™?
   21 |     rclcpp_action::Server<[01;31m[Krobot_action_pkg[m[K::action::Move>::SharedPtr action_server_;
      |                           [01;31m[K^~~~~~~~~~~~~~~~[m[K
      |                           [32m[Krobot_action[m[K
[01m[K/home/hae/robot_ws/src/robot_go_pkg/src/go.cpp:21:57:[m[K [01;31m[Kerror: [m[Ktemplate argument 1 is invalid
   21 |     rclcpp_action::Server<robot_action_pkg::action::Move[01;31m[K>[m[K::SharedPtr action_server_;
      |                                                         [01;31m[K^[m[K
[01m[K/home/hae/robot_ws/src/robot_go_pkg/src/go.cpp:21:60:[m[K [01;31m[Kerror: [m[Kexpected â€˜[01m[K;[m[Kâ€™ at end of member declaration
   21 |     rclcpp_action::Server<robot_action_pkg::action::Move>::[01;31m[KSharedPtr[m[K action_server_;
      |                                                            [01;31m[K^~~~~~~~~[m[K
      |                                                                     [32m[K;[m[K
[01m[K/home/hae/robot_ws/src/robot_go_pkg/src/go.cpp:21:70:[m[K [01;31m[Kerror: [m[Kâ€˜[01m[Kaction_server_[m[Kâ€™ does not name a type; did you mean â€˜[01m[Krcl_action_server_t[m[Kâ€™?
   21 |     rclcpp_action::Server<robot_action_pkg::action::Move>::SharedPtr [01;31m[Kaction_server_[m[K;
      |                                                                      [01;31m[K^~~~~~~~~~~~~~[m[K
      |                                                                      [32m[Krcl_action_server_t[m[K
[01m[K/home/hae/robot_ws/src/robot_go_pkg/src/go.cpp:22:53:[m[K [01;31m[Kerror: [m[Kâ€˜[01m[Krobot_action_pkg[m[Kâ€™ was not declared in this scope; did you mean â€˜[01m[Krobot_action[m[Kâ€™?
   22 |     std::shared_ptr<rclcpp_action::ServerGoalHandle<[01;31m[Krobot_action_pkg[m[K::action::Move>> current_goal_handle_;
      |                                                     [01;31m[K^~~~~~~~~~~~~~~~[m[K
      |                                                     [32m[Krobot_action[m[K
[01m[K/home/hae/robot_ws/src/robot_go_pkg/src/go.cpp:22:83:[m[K [01;31m[Kerror: [m[Ktemplate argument 1 is invalid
   22 |     std::shared_ptr<rclcpp_action::ServerGoalHandle<robot_action_pkg::action::Move[01;31m[K>>[m[K current_goal_handle_;
      |                                                                                   [01;31m[K^~[m[K
[01m[K/home/hae/robot_ws/src/robot_go_pkg/src/go.cpp:22:86:[m[K [01;31m[Kerror: [m[Ktemplate argument 1 is invalid
   22 |     std::shared_ptr<rclcpp_action::ServerGoalHandle<robot_action_pkg::action::Move>> [01;31m[Kcurrent_goal_handle_[m[K;
      |                                                                                      [01;31m[K^~~~~~~~~~~~~~~~~~~~[m[K
[01m[K/home/hae/robot_ws/src/robot_go_pkg/src/go.cpp:63:47:[m[K [01;31m[Kerror: [m[KISO C++ forbids declaration of â€˜[01m[Ktype name[m[Kâ€™ with no type [[01;31m[K]8;;https://gcc.gnu.org/onlinedocs/gcc/Warning-Options.html#index-fpermissive-fpermissive]8;;[m[K]
   63 |         std::shared_ptr<const robot_action_pkg[01;31m[K::[m[Kaction::Move::Goal> goal)
      |                                               [01;31m[K^~[m[K
[01m[K/home/hae/robot_ws/src/robot_go_pkg/src/go.cpp:63:67:[m[K [01;31m[Kerror: [m[Ktemplate argument 1 is invalid
   63 |         std::shared_ptr<const robot_action_pkg::action::Move::Goal[01;31m[K>[m[K goal)
      |                                                                   [01;31m[K^[m[K
[01m[K/home/hae/robot_ws/src/robot_go_pkg/src/go.cpp:63:47:[m[K [01;31m[Kerror: [m[KISO C++ forbids declaration of â€˜[01m[Ktype name[m[Kâ€™ with no type [[01;31m[K]8;;https://gcc.gnu.org/onlinedocs/gcc/Warning-Options.html#index-fpermissive-fpermissive]8;;[m[K]
   63 |         std::shared_ptr<const robot_action_pkg[01;31m[K::[m[Kaction::Move::Goal> goal)
      |                                               [01;31m[K^~[m[K
[01m[K/home/hae/robot_ws/src/robot_go_pkg/src/go.cpp:63:67:[m[K [01;31m[Kerror: [m[Ktemplate argument 1 is invalid
   63 |         std::shared_ptr<const robot_action_pkg::action::Move::Goal[01;31m[K>[m[K goal)
      |                                                                   [01;31m[K^[m[K
[01m[K/home/hae/robot_ws/src/robot_go_pkg/src/go.cpp:63:47:[m[K [01;31m[Kerror: [m[KISO C++ forbids declaration of â€˜[01m[Ktype name[m[Kâ€™ with no type [[01;31m[K]8;;https://gcc.gnu.org/onlinedocs/gcc/Warning-Options.html#index-fpermissive-fpermissive]8;;[m[K]
   63 |         std::shared_ptr<const robot_action_pkg[01;31m[K::[m[Kaction::Move::Goal> goal)
      |                                               [01;31m[K^~[m[K
[01m[K/home/hae/robot_ws/src/robot_go_pkg/src/go.cpp:63:67:[m[K [01;31m[Kerror: [m[Ktemplate argument 1 is invalid
   63 |         std::shared_ptr<const robot_action_pkg::action::Move::Goal[01;31m[K>[m[K goal)
      |                                                                   [01;31m[K^[m[K
[01m[K/home/hae/robot_ws/src/robot_go_pkg/src/go.cpp:63:9:[m[K [01;31m[Kerror: [m[Kinvalid template-id
   63 |         [01;31m[Kstd[m[K::shared_ptr<const robot_action_pkg::action::Move::Goal> goal)
      |         [01;31m[K^~~[m[K
[01m[K/home/hae/robot_ws/src/robot_go_pkg/src/go.cpp:63:47:[m[K [01;31m[Kerror: [m[KISO C++ forbids declaration of â€˜[01m[Ktype name[m[Kâ€™ with no type [[01;31m[K]8;;https://gcc.gnu.org/onlinedocs/gcc/Warning-Options.html#index-fpermissive-fpermissive]8;;[m[K]
   63 |         std::shared_ptr<const robot_action_pkg[01;31m[K::[m[Kaction::Move::Goal> goal)
      |                                               [01;31m[K^~[m[K
[01m[K/home/hae/robot_ws/src/robot_go_pkg/src/go.cpp:63:25:[m[K [01;31m[Kerror: [m[Kexpected primary-expression before â€˜[01m[Kconst[m[Kâ€™
   63 |         std::shared_ptr<[01;31m[Kconst[m[K robot_action_pkg::action::Move::Goal> goal)
      |                         [01;31m[K^~~~~[m[K
[01m[K/home/hae/robot_ws/src/robot_go_pkg/src/go.cpp:63:25:[m[K [01;31m[Kerror: [m[Kexpected â€˜[01m[K>[m[Kâ€™ before â€˜[01m[Kconst[m[Kâ€™
[01m[K/home/hae/robot_ws/src/robot_go_pkg/src/go.cpp:63:9:[m[K [01;31m[Kerror: [m[Kclass template placeholder â€˜[01m[Kstd::shared_ptr[m[Kâ€™ not permitted in this context
   63 |         [01;31m[Kstd[m[K::shared_ptr<const robot_action_pkg::action::Move::Goal> goal)
      |         [01;31m[K^~~[m[K
[01m[K/home/hae/robot_ws/src/robot_go_pkg/src/go.cpp:70:103:[m[K [01;31m[Kerror: [m[Kâ€˜[01m[Krobot_action_pkg[m[Kâ€™ was not declared in this scope; did you mean â€˜[01m[Krobot_action[m[Kâ€™?
   70 |     rclcpp_action::CancelResponse handle_cancel(const std::shared_ptr<rclcpp_action::ServerGoalHandle<[01;31m[Krobot_action_pkg[m[K::action::Move>>)
      |                                                                                                       [01;31m[K^~~~~~~~~~~~~~~~[m[K
      |                                                                                                       [32m[Krobot_action[m[K
[01m[K/home/hae/robot_ws/src/robot_go_pkg/src/go.cpp:70:133:[m[K [01;31m[Kerror: [m[Ktemplate argument 1 is invalid
   70 |     rclcpp_action::CancelResponse handle_cancel(const std::shared_ptr<rclcpp_action::ServerGoalHandle<robot_action_pkg::action::Move[01;31m[K>>[m[K)
      |                                                                                                                                     [01;31m[K^~[m[K
[01m[K/home/hae/robot_ws/src/robot_go_pkg/src/go.cpp:70:103:[m[K [01;31m[Kerror: [m[Kâ€˜[01m[Krobot_action_pkg[m[Kâ€™ was not declared in this scope; did you mean â€˜[01m[Krobot_action[m[Kâ€™?
   70 |     rclcpp_action::CancelResponse handle_cancel(const std::shared_ptr<rclcpp_action::ServerGoalHandle<[01;31m[Krobot_action_pkg[m[K::action::Move>>)
      |                                                                                                       [01;31m[K^~~~~~~~~~~~~~~~[m[K
      |                                                                                                       [32m[Krobot_action[m[K
[01m[K/home/hae/robot_ws/src/robot_go_pkg/src/go.cpp:70:133:[m[K [01;31m[Kerror: [m[Ktemplate argument 1 is invalid
   70 |     rclcpp_action::CancelResponse handle_cancel(const std::shared_ptr<rclcpp_action::ServerGoalHandle<robot_action_pkg::action::Move[01;31m[K>>[m[K)
      |                                                                                                                                     [01;31m[K^~[m[K
[01m[K/home/hae/robot_ws/src/robot_go_pkg/src/go.cpp:70:103:[m[K [01;31m[Kerror: [m[Kâ€˜[01m[Krobot_action_pkg[m[Kâ€™ was not declared in this scope; did you mean â€˜[01m[Krobot_action[m[Kâ€™?
   70 |     rclcpp_action::CancelResponse handle_cancel(const std::shared_ptr<rclcpp_action::ServerGoalHandle<[01;31m[Krobot_action_pkg[m[K::action::Move>>)
      |                                                                                                       [01;31m[K^~~~~~~~~~~~~~~~[m[K
      |                                                                                                       [32m[Krobot_action[m[K
[01m[K/home/hae/robot_ws/src/robot_go_pkg/src/go.cpp:70:133:[m[K [01;31m[Kerror: [m[Ktemplate argument 1 is invalid
   70 |     rclcpp_action::CancelResponse handle_cancel(const std::shared_ptr<rclcpp_action::ServerGoalHandle<robot_action_pkg::action::Move[01;31m[K>>[m[K)
      |                                                                                                                                     [01;31m[K^~[m[K
[01m[K/home/hae/robot_ws/src/robot_go_pkg/src/go.cpp:70:71:[m[K [01;31m[Kerror: [m[Kinvalid template-id
   70 |     rclcpp_action::CancelResponse handle_cancel(const std::shared_ptr<[01;31m[Krclcpp_action[m[K::ServerGoalHandle<robot_action_pkg::action::Move>>)
      |                                                                       [01;31m[K^~~~~~~~~~~~~[m[K
[01m[K/home/hae/robot_ws/src/robot_go_pkg/src/go.cpp:70:103:[m[K [01;31m[Kerror: [m[Kâ€˜[01m[Krobot_action_pkg[m[Kâ€™ was not declared in this scope; did you mean â€˜[01m[Krobot_action[m[Kâ€™?
   70 |     rclcpp_action::CancelResponse handle_cancel(const std::shared_ptr<rclcpp_action::ServerGoalHandle<[01;31m[Krobot_action_pkg[m[K::action::Move>>)
      |                                                                                                       [01;31m[K^~~~~~~~~~~~~~~~[m[K
      |                                                                                                       [32m[Krobot_action[m[K
[01m[K/home/hae/robot_ws/src/robot_go_pkg/src/go.cpp:70:86:[m[K [01;31m[Kerror: [m[Ktemplate argument 1 is invalid
   70 |     rclcpp_action::CancelResponse handle_cancel(const std::shared_ptr<rclcpp_action::[01;31m[KServerGoalHandle[m[K<robot_action_pkg::action::Move>>)
      |                                                                                      [01;31m[K^~~~~~~~~~~~~~~~[m[K
[01m[K/home/hae/robot_ws/src/robot_go_pkg/src/go.cpp:70:86:[m[K [01;31m[Kerror: [m[Ktemplate argument 1 is invalid
[01m[K/home/hae/robot_ws/src/robot_go_pkg/src/go.cpp:70:86:[m[K [01;31m[Kerror: [m[Ktemplate argument 1 is invalid
[01m[K/home/hae/robot_ws/src/robot_go_pkg/src/go.cpp:70:55:[m[K [01;31m[Kerror: [m[Kinvalid template-id
   70 |     rclcpp_action::CancelResponse handle_cancel(const [01;31m[Kstd[m[K::shared_ptr<rclcpp_action::ServerGoalHandle<robot_action_pkg::action::Move>>)
      |                                                       [01;31m[K^~~[m[K
[01m[K/home/hae/robot_ws/src/robot_go_pkg/src/go.cpp:70:135:[m[K [01;31m[Kerror: [m[Kmissing template arguments before â€˜[01m[K)[m[Kâ€™ token
   70 |     rclcpp_action::CancelResponse handle_cancel(const std::shared_ptr<rclcpp_action::ServerGoalHandle<robot_action_pkg::action::Move>>[01;31m[K)[m[K
      |                                                                                                                                       [01;31m[K^[m[K
[01m[K/home/hae/robot_ws/src/robot_go_pkg/src/go.cpp:70:135:[m[K [01;31m[Kerror: [m[Kexpected â€˜[01m[K>[m[Kâ€™ before â€˜[01m[K)[m[Kâ€™ token
[01m[K/home/hae/robot_ws/src/robot_go_pkg/src/go.cpp:70:49:[m[K [01;31m[Kerror: [m[Kclass template placeholder â€˜[01m[Kstd::shared_ptr[m[Kâ€™ not permitted in this context
   70 |     rclcpp_action::CancelResponse handle_cancel([01;31m[Kconst[m[K std::shared_ptr<rclcpp_action::ServerGoalHandle<robot_action_pkg::action::Move>>)
      |                                                 [01;31m[K^~~~~[m[K
[01m[K/home/hae/robot_ws/src/robot_go_pkg/src/go.cpp:76:80:[m[K [01;31m[Kerror: [m[Kâ€˜[01m[Krobot_action_pkg[m[Kâ€™ was not declared in this scope; did you mean â€˜[01m[Krobot_action[m[Kâ€™?
   76 |     void handle_accepted(const std::shared_ptr<rclcpp_action::ServerGoalHandle<[01;31m[Krobot_action_pkg[m[K::action::Move>> goal_handle)
      |                                                                                [01;31m[K^~~~~~~~~~~~~~~~[m[K
      |                                                                                [32m[Krobot_action[m[K
[01m[K/home/hae/robot_ws/src/robot_go_pkg/src/go.cpp:76:110:[m[K [01;31m[Kerror: [m[Ktemplate argument 1 is invalid
   76 |     void handle_accepted(const std::shared_ptr<rclcpp_action::ServerGoalHandle<robot_action_pkg::action::Move[01;31m[K>>[m[K goal_handle)
      |                                                                                                              [01;31m[K^~[m[K
[01m[K/home/hae/robot_ws/src/robot_go_pkg/src/go.cpp:76:80:[m[K [01;31m[Kerror: [m[Kâ€˜[01m[Krobot_action_pkg[m[Kâ€™ was not declared in this scope; did you mean â€˜[01m[Krobot_action[m[Kâ€™?
   76 |     void handle_accepted(const std::shared_ptr<rclcpp_action::ServerGoalHandle<[01;31m[Krobot_action_pkg[m[K::action::Move>> goal_handle)
      |                                                                                [01;31m[K^~~~~~~~~~~~~~~~[m[K
      |                                                                                [32m[Krobot_action[m[K
[01m[K/home/hae/robot_ws/src/robot_go_pkg/src/go.cpp:76:110:[m[K [01;31m[Kerror: [m[Ktemplate argument 1 is invalid
   76 |     void handle_accepted(const std::shared_ptr<rclcpp_action::ServerGoalHandle<robot_action_pkg::action::Move[01;31m[K>>[m[K goal_handle)
      |                                                                                                              [01;31m[K^~[m[K
[01m[K/home/hae/robot_ws/src/robot_go_pkg/src/go.cpp:76:80:[m[K [01;31m[Kerror: [m[Kâ€˜[01m[Krobot_action_pkg[m[Kâ€™ was not declared in this scope; did you mean â€˜[01m[Krobot_action[m[Kâ€™?
   76 |     void handle_accepted(const std::shared_ptr<rclcpp_action::ServerGoalHandle<[01;31m[Krobot_action_pkg[m[K::action::Move>> goal_handle)
      |                                                                                [01;31m[K^~~~~~~~~~~~~~~~[m[K
      |                                                                                [32m[Krobot_action[m[K
[01m[K/home/hae/robot_ws/src/robot_go_pkg/src/go.cpp:76:110:[m[K [01;31m[Kerror: [m[Ktemplate argument 1 is invalid
   76 |     void handle_accepted(const std::shared_ptr<rclcpp_action::ServerGoalHandle<robot_action_pkg::action::Move[01;31m[K>>[m[K goal_handle)
      |                                                                                                              [01;31m[K^~[m[K
[01m[K/home/hae/robot_ws/src/robot_go_pkg/src/go.cpp:76:48:[m[K [01;31m[Kerror: [m[Kinvalid template-id
   76 |     void handle_accepted(const std::shared_ptr<[01;31m[Krclcpp_action[m[K::ServerGoalHandle<robot_action_pkg::action::Move>> goal_handle)
      |                                                [01;31m[K^~~~~~~~~~~~~[m[K
[01m[K/home/hae/robot_ws/src/robot_go_pkg/src/go.cpp:76:80:[m[K [01;31m[Kerror: [m[Kâ€˜[01m[Krobot_action_pkg[m[Kâ€™ was not declared in this scope; did you mean â€˜[01m[Krobot_action[m[Kâ€™?
   76 |     void handle_accepted(const std::shared_ptr<rclcpp_action::ServerGoalHandle<[01;31m[Krobot_action_pkg[m[K::action::Move>> goal_handle)
      |                                                                                [01;31m[K^~~~~~~~~~~~~~~~[m[K
      |                                                                                [32m[Krobot_action[m[K
[01m[K/home/hae/robot_ws/src/robot_go_pkg/src/go.cpp:76:113:[m[K [01;31m[Kerror: [m[Ktemplate argument 1 is invalid
   76 |     void handle_accepted(const std::shared_ptr<rclcpp_action::ServerGoalHandle<robot_action_pkg::action::Move>> [01;31m[Kgoal_handle[m[K)
      |                                                                                                                 [01;31m[K^~~~~~~~~~~[m[K
[01m[K/home/hae/robot_ws/src/robot_go_pkg/src/go.cpp:76:113:[m[K [01;31m[Kerror: [m[Ktemplate argument 1 is invalid
[01m[K/home/hae/robot_ws/src/robot_go_pkg/src/go.cpp:76:113:[m[K [01;31m[Kerror: [m[Ktemplate argument 1 is invalid
[01m[K/home/hae/robot_ws/src/robot_go_pkg/src/go.cpp:76:32:[m[K [01;31m[Kerror: [m[Kinvalid template-id
   76 |     void handle_accepted(const [01;31m[Kstd[m[K::shared_ptr<rclcpp_action::ServerGoalHandle<robot_action_pkg::action::Move>> goal_handle)
      |                                [01;31m[K^~~[m[K
[01m[K/home/hae/robot_ws/src/robot_go_pkg/src/go.cpp:76:113:[m[K [01;31m[Kerror: [m[Kmissing template arguments before â€˜[01m[Kgoal_handle[m[Kâ€™
   76 |     void handle_accepted(const std::shared_ptr<rclcpp_action::ServerGoalHandle<robot_action_pkg::action::Move>> [01;31m[Kgoal_handle[m[K)
      |                                                                                                                 [01;31m[K^~~~~~~~~~~[m[K
[01m[K/home/hae/robot_ws/src/robot_go_pkg/src/go.cpp:76:113:[m[K [01;31m[Kerror: [m[Kexpected â€˜[01m[K>[m[Kâ€™ before â€˜[01m[Kgoal_handle[m[Kâ€™
[01m[K/home/hae/robot_ws/src/robot_go_pkg/src/go.cpp:76:26:[m[K [01;31m[Kerror: [m[Kclass template placeholder â€˜[01m[Kstd::shared_ptr[m[Kâ€™ not permitted in this context
   76 |     void handle_accepted([01;31m[Kconst[m[K std::shared_ptr<rclcpp_action::ServerGoalHandle<robot_action_pkg::action::Move>> goal_handle)
      |                          [01;31m[K^~~~~[m[K
[01m[K/home/hae/robot_ws/src/robot_go_pkg/src/go.cpp:90:18:[m[K [01;31m[Kerror: [m[Kâ€˜[01m[Krobot_action_pkg[m[Kâ€™ does not name a type
   90 |     using Move = [01;31m[Krobot_action_pkg[m[K::action::Move;
      |                  [01;31m[K^~~~~~~~~~~~~~~~[m[K
[01m[K/home/hae/robot_ws/src/robot_go_pkg/src/go.cpp:91:60:[m[K [01;31m[Kerror: [m[Kâ€˜[01m[KMove[m[Kâ€™ was not declared in this scope; did you mean â€˜[01m[Krobot_action::action::Move[m[Kâ€™?
   91 |     using GoalHandleMove = rclcpp_action::ServerGoalHandle<[01;31m[KMove[m[K>;
      |                                                            [01;31m[K^~~~[m[K
      |                                                            [32m[Krobot_action::action::Move[m[K
In file included from [01m[K/home/hae/robot_ws/src/build/robot_action/rosidl_generator_cpp/robot_action/action/move.hpp:7[m[K,
                 from [01m[K/home/hae/robot_ws/src/robot_go_pkg/src/go.cpp:10[m[K:
[01m[K/home/hae/robot_ws/src/build/robot_action/rosidl_generator_cpp/robot_action/action/detail/move__struct.hpp:1049:21:[m[K [01;36m[Knote: [m[Kâ€˜[01m[Krobot_action::action::Move[m[Kâ€™ declared here
 1049 | typedef struct Move [01;36m[KMove[m[K;
      |                     [01;36m[K^~~~[m[K
[01m[K/home/hae/robot_ws/src/robot_go_pkg/src/go.cpp:91:64:[m[K [01;31m[Kerror: [m[Ktemplate argument 1 is invalid
   91 |     using GoalHandleMove = rclcpp_action::ServerGoalHandle<Move[01;31m[K>[m[K;
      |                                                                [01;31m[K^[m[K
[01m[K/home/hae/robot_ws/src/robot_go_pkg/src/go.cpp:[m[K In member function â€˜[01m[Kvoid TurtlebotController::handle_odom(nav_msgs::msg::Odometry_<std::allocator<void> >::SharedPtr)[m[Kâ€™:
[01m[K/home/hae/robot_ws/src/robot_go_pkg/src/go.cpp:43:13:[m[K [01;31m[Kerror: [m[Kâ€˜[01m[Kcurrent_goal_handle_[m[Kâ€™ was not declared in this scope
   43 |         if ([01;31m[Kcurrent_goal_handle_[m[K) {
      |             [01;31m[K^~~~~~~~~~~~~~~~~~~~[m[K
[01m[K/home/hae/robot_ws/src/robot_go_pkg/src/go.cpp:44:46:[m[K [01;31m[Kerror: [m[Kâ€˜[01m[Krobot_action_pkg[m[Kâ€™ was not declared in this scope; did you mean â€˜[01m[Krobot_action[m[Kâ€™?
   44 |             auto feedback = std::make_shared<[01;31m[Krobot_action_pkg[m[K::action::Move::Feedback>();
      |                                              [01;31m[K^~~~~~~~~~~~~~~~[m[K
      |                                              [32m[Krobot_action[m[K
[01m[K/home/hae/robot_ws/src/robot_go_pkg/src/go.cpp:44:34:[m[K [01;31m[Kerror: [m[Kparse error in template argument list
   44 |             auto feedback = std::[01;31m[Kmake_shared<robot_action_pkg::action::Move::Feedback>[m[K();
      |                                  [01;31m[K^~~~~~~~~~~~~~~~~~~~~~~~~~~~~~~~~~~~~~~~~~~~~~~~~~~~~[m[K
[01m[K/home/hae/robot_ws/src/robot_go_pkg/src/go.cpp:44:87:[m[K [01;31m[Kerror: [m[Kno matching function for call to â€˜[01m[Kmake_shared<<expression error> >()[m[Kâ€™
   44 |             auto feedback = [01;31m[Kstd::make_shared<robot_action_pkg::action::Move::Feedback>()[m[K;
      |                             [01;31m[K~~~~~~~~~~~~~~~~~~~~~~~~~~~~~~~~~~~~~~~~~~~~~~~~~~~~~~~~~~^~[m[K
In file included from [01m[K/usr/include/c++/11/memory:77[m[K,
                 from [01m[K/opt/ros/humble/include/rclcpp/rclcpp/rclcpp.hpp:153[m[K,
                 from [01m[K/home/hae/robot_ws/src/robot_go_pkg/src/go.cpp:1[m[K:
[01m[K/usr/include/c++/11/bits/shared_ptr.h:875:5:[m[K [01;36m[Knote: [m[Kcandidate: â€˜[01m[Ktemplate<class _Tp, class ... _Args> std::shared_ptr<_Tp> std::make_shared(_Args&& ...)[m[Kâ€™
  875 |     [01;36m[Kmake_shared[m[K(_Args&&... __args)
      |     [01;36m[K^~~~~~~~~~~[m[K
[01m[K/usr/include/c++/11/bits/shared_ptr.h:875:5:[m[K [01;36m[Knote: [m[K  template argument deduction/substitution failed:
[01m[K/home/hae/robot_ws/src/robot_go_pkg/src/go.cpp:44:87:[m[K [01;31m[Kerror: [m[Ktemplate argument 1 is invalid
   44 |             auto feedback = [01;31m[Kstd::make_shared<robot_action_pkg::action::Move::Feedback>()[m[K;
      |                             [01;31m[K~~~~~~~~~~~~~~~~~~~~~~~~~~~~~~~~~~~~~~~~~~~~~~~~~~~~~~~~~~^~[m[K
[01m[K/home/hae/robot_ws/src/robot_go_pkg/src/go.cpp:50:44:[m[K [01;31m[Kerror: [m[Kâ€˜[01m[Krobot_action_pkg[m[Kâ€™ was not declared in this scope; did you mean â€˜[01m[Krobot_action[m[Kâ€™?
   50 |             auto result = std::make_shared<[01;31m[Krobot_action_pkg[m[K::action::Move::Result>();
      |                                            [01;31m[K^~~~~~~~~~~~~~~~[m[K
      |                                            [32m[Krobot_action[m[K
[01m[K/home/hae/robot_ws/src/robot_go_pkg/src/go.cpp:50:32:[m[K [01;31m[Kerror: [m[Kparse error in template argument list
   50 |             auto result = std::[01;31m[Kmake_shared<robot_action_pkg::action::Move::Result>[m[K();
      |                                [01;31m[K^~~~~~~~~~~~~~~~~~~~~~~~~~~~~~~~~~~~~~~~~~~~~~~~~~~[m[K
[01m[K/home/hae/robot_ws/src/robot_go_pkg/src/go.cpp:50:83:[m[K [01;31m[Kerror: [m[Kno matching function for call to â€˜[01m[Kmake_shared<<expression error> >()[m[Kâ€™
   50 |             auto result = [01;31m[Kstd::make_shared<robot_action_pkg::action::Move::Result>()[m[K;
      |                           [01;31m[K~~~~~~~~~~~~~~~~~~~~~~~~~~~~~~~~~~~~~~~~~~~~~~~~~~~~~~~~^~[m[K
In file included from [01m[K/usr/include/c++/11/memory:77[m[K,
                 from [01m[K/opt/ros/humble/include/rclcpp/rclcpp/rclcpp.hpp:153[m[K,
                 from [01m[K/home/hae/robot_ws/src/robot_go_pkg/src/go.cpp:1[m[K:
[01m[K/usr/include/c++/11/bits/shared_ptr.h:875:5:[m[K [01;36m[Knote: [m[Kcandidate: â€˜[01m[Ktemplate<class _Tp, class ... _Args> std::shared_ptr<_Tp> std::make_shared(_Args&& ...)[m[Kâ€™
  875 |     [01;36m[Kmake_shared[m[K(_Args&&... __args)
      |     [01;36m[K^~~~~~~~~~~[m[K
[01m[K/usr/include/c++/11/bits/shared_ptr.h:875:5:[m[K [01;36m[Knote: [m[K  template argument deduction/substitution failed:
[01m[K/home/hae/robot_ws/src/robot_go_pkg/src/go.cpp:50:83:[m[K [01;31m[Kerror: [m[Ktemplate argument 1 is invalid
   50 |             auto result = [01;31m[Kstd::make_shared<robot_action_pkg::action::Move::Result>()[m[K;
      |                           [01;31m[K~~~~~~~~~~~~~~~~~~~~~~~~~~~~~~~~~~~~~~~~~~~~~~~~~~~~~~~~^~[m[K
[01m[K/home/hae/robot_ws/src/robot_go_pkg/src/go.cpp:52:17:[m[K [01;31m[Kerror: [m[Kâ€˜[01m[Kcurrent_goal_handle_[m[Kâ€™ was not declared in this scope
   52 |             if ([01;31m[Kcurrent_goal_handle_[m[K) {
      |                 [01;31m[K^~~~~~~~~~~~~~~~~~~~[m[K
In file included from [01m[K/opt/ros/humble/include/rclcpp/rclcpp/logging.hpp:24[m[K,
                 from [01m[K/opt/ros/humble/include/rclcpp/rclcpp/client.hpp:40[m[K,
                 from [01m[K/opt/ros/humble/include/rclcpp/rclcpp/callback_group.hpp:24[m[K,
                 from [01m[K/opt/ros/humble/include/rclcpp/rclcpp/any_executable.hpp:20[m[K,
                 from [01m[K/opt/ros/humble/include/rclcpp/rclcpp/memory_strategy.hpp:25[m[K,
                 from [01m[K/opt/ros/humble/include/rclcpp/rclcpp/memory_strategies.hpp:18[m[K,
                 from [01m[K/opt/ros/humble/include/rclcpp/rclcpp/executor_options.hpp:20[m[K,
                 from [01m[K/opt/ros/humble/include/rclcpp/rclcpp/executor.hpp:37[m[K,
                 from [01m[K/opt/ros/humble/include/rclcpp/rclcpp/executors/multi_threaded_executor.hpp:25[m[K,
                 from [01m[K/opt/ros/humble/include/rclcpp/rclcpp/executors.hpp:21[m[K,
                 from [01m[K/opt/ros/humble/include/rclcpp/rclcpp/rclcpp.hpp:155[m[K,
                 from [01m[K/home/hae/robot_ws/src/robot_go_pkg/src/go.cpp:1[m[K:
[01m[K/home/hae/robot_ws/src/robot_go_pkg/src/go.cpp:[m[K In member function â€˜[01m[Krclcpp_action::GoalResponse TurtlebotController::handle_goal(...)[m[Kâ€™:
[01m[K/home/hae/robot_ws/src/robot_go_pkg/src/go.cpp:65:93:[m[K [01;31m[Kerror: [m[Kâ€˜[01m[Kgoal[m[Kâ€™ was not declared in this scope
   65 |         RCLCPP_INFO(this->get_logger(), "Received goal request with distance: %.2f meters", [01;31m[Kgoal[m[K->distance);
      |                                                                                             [01;31m[K^~~~[m[K
[01m[K/home/hae/robot_ws/src/robot_go_pkg/src/go.cpp:66:26:[m[K [01;31m[Kerror: [m[Kâ€˜[01m[Kgoal[m[Kâ€™ was not declared in this scope
   66 |         goal_distance_ = [01;31m[Kgoal[m[K->distance;
      |                          [01;31m[K^~~~[m[K
[01m[K/home/hae/robot_ws/src/robot_go_pkg/src/go.cpp:[m[K In member function â€˜[01m[Kvoid TurtlebotController::handle_accepted(...)[m[Kâ€™:
[01m[K/home/hae/robot_ws/src/robot_go_pkg/src/go.cpp:78:9:[m[K [01;31m[Kerror: [m[Kâ€˜[01m[Kcurrent_goal_handle_[m[Kâ€™ was not declared in this scope
   78 |         [01;31m[Kcurrent_goal_handle_[m[K = goal_handle;
      |         [01;31m[K^~~~~~~~~~~~~~~~~~~~[m[K
[01m[K/home/hae/robot_ws/src/robot_go_pkg/src/go.cpp:78:32:[m[K [01;31m[Kerror: [m[Kâ€˜[01m[Kgoal_handle[m[Kâ€™ was not declared in this scope
   78 |         current_goal_handle_ = [01;31m[Kgoal_handle[m[K;
      |                                [01;31m[K^~~~~~~~~~~[m[K
[01m[K/home/hae/robot_ws/src/robot_go_pkg/src/go.cpp:[m[K In constructor â€˜[01m[KTurtlebotController::TurtlebotController()[m[Kâ€™:
[01m[K/home/hae/robot_ws/src/robot_go_pkg/src/go.cpp:110:9:[m[K [01;31m[Kerror: [m[Kâ€˜[01m[Kaction_server_[m[Kâ€™ was not declared in this scope; did you mean â€˜[01m[Krcl_action_server_t[m[Kâ€™?
  110 |         [01;31m[Kaction_server_[m[K = rclcpp_action::create_server<robot_action_pkg::action::Move>(
      |         [01;31m[K^~~~~~~~~~~~~~[m[K
      |         [32m[Krcl_action_server_t[m[K
[01m[K/home/hae/robot_ws/src/robot_go_pkg/src/go.cpp:110:55:[m[K [01;31m[Kerror: [m[Kâ€˜[01m[Krobot_action_pkg[m[Kâ€™ was not declared in this scope; did you mean â€˜[01m[Krobot_action[m[Kâ€™?
  110 |         action_server_ = rclcpp_action::create_server<[01;31m[Krobot_action_pkg[m[K::action::Move>(
      |                                                       [01;31m[K^~~~~~~~~~~~~~~~[m[K
      |                                                       [32m[Krobot_action[m[K
[01m[K/home/hae/robot_ws/src/robot_go_pkg/src/go.cpp:110:41:[m[K [01;31m[Kerror: [m[Kparse error in template argument list
  110 |         action_server_ = rclcpp_action::[01;31m[Kcreate_server<robot_action_pkg::action::Move>[m[K(
      |                                         [01;31m[K^~~~~~~~~~~~~~~~~~~~~~~~~~~~~~~~~~~~~~~~~~~~~[m[K
[01m[K/home/hae/robot_ws/src/robot_go_pkg/src/go.cpp:110:86:[m[K [01;31m[Kerror: [m[Kno matching function for call to â€˜[01m[Kcreate_server<<expression error> >(TurtlebotController*, const char [3], std::_Bind_helper<false, rclcpp_action::GoalResponse (TurtlebotController::*)(...), TurtlebotController*, const std::_Placeholder<1>&, const std::_Placeholder<2>&>::type, std::_Bind_helper<false, rclcpp_action::CancelResponse (TurtlebotController::*)(...), TurtlebotController*, const std::_Placeholder<1>&>::type, std::_Bind_helper<false, void (TurtlebotController::*)(...), TurtlebotController*, const std::_Placeholder<1>&>::type)[m[Kâ€™
  110 |         action_server_ = [01;31m[Krclcpp_action::create_server<robot_action_pkg::action::Move>([m[K
      |                          [01;31m[K~~~~~~~~~~~~~~~~~~~~~~~~~~~~~~~~~~~~~~~~~~~~~~~~~~~~~~~~~~~~^[m[K
  111 | [01;31m[K            this,[m[K
      |             [01;31m[K~~~~~[m[K                                                                     
  112 | [01;31m[K            "an",[m[K
      |             [01;31m[K~~~~~[m[K                                                                     
  113 | [01;31m[K            std::bind(&TurtlebotController::handle_goal, this, std::placeholders::_1, std::placeholders::_2),[m[K
      |             [01;31m[K~~~~~~~~~~~~~~~~~~~~~~~~~~~~~~~~~~~~~~~~~~~~~~~~~~~~~~~~~~~~~~~~~~~~~~~~~~~~~~~~~~~~~~~~~~~~~~~~~[m[K
  114 | [01;31m[K            std::bind(&TurtlebotController::handle_cancel, this, std::placeholders::_1),[m[K
      |             [01;31m[K~~~~~~~~~~~~~~~~~~~~~~~~~~~~~~~~~~~~~~~~~~~~~~~~~~~~~~~~~~~~~~~~~~~~~~~~~~~~[m[K
  115 | [01;31m[K            std::bind(&TurtlebotController::handle_accepted, this, std::placeholders::_1)[m[K
      |             [01;31m[K~~~~~~~~~~~~~~~~~~~~~~~~~~~~~~~~~~~~~~~~~~~~~~~~~~~~~~~~~~~~~~~~~~~~~~~~~~~~~[m[K
  116 | [01;31m[K        )[m[K;
      |         [01;31m[K~[m[K                                                                             
In file included from [01m[K/opt/ros/humble/include/rclcpp_action/rclcpp_action/rclcpp_action.hpp:39[m[K,
                 from [01m[K/home/hae/robot_ws/src/robot_go_pkg/src/go.cpp:2[m[K:
[01m[K/opt/ros/humble/include/rclcpp_action/rclcpp_action/create_server.hpp:58:1:[m[K [01;36m[Knote: [m[Kcandidate: â€˜[01m[Ktemplate<class ActionT> typename rclcpp_action::Server<ActionT>::SharedPtr rclcpp_action::create_server(rclcpp::node_interfaces::NodeBaseInterface::SharedPtr, rclcpp::node_interfaces::NodeClockInterface::SharedPtr, rclcpp::node_interfaces::NodeLoggingInterface::SharedPtr, rclcpp::node_interfaces::NodeWaitablesInterface::SharedPtr, const string&, typename rclcpp_action::Server<ActionT>::GoalCallback, typename rclcpp_action::Server<ActionT>::CancelCallback, typename rclcpp_action::Server<ActionT>::AcceptedCallback, const rcl_action_server_options_t&, rclcpp::CallbackGroup::SharedPtr)[m[Kâ€™
   58 | [01;36m[Kcreate_server[m[K(
      | [01;36m[K^~~~~~~~~~~~~[m[K
[01m[K/opt/ros/humble/include/rclcpp_action/rclcpp_action/create_server.hpp:58:1:[m[K [01;36m[Knote: [m[K  template argument deduction/substitution failed:
[01m[K/home/hae/robot_ws/src/robot_go_pkg/src/go.cpp:110:86:[m[K [01;31m[Kerror: [m[Ktemplate argument 1 is invalid
  110 |         action_server_ = [01;31m[Krclcpp_action::create_server<robot_action_pkg::action::Move>([m[K
      |                          [01;31m[K~~~~~~~~~~~~~~~~~~~~~~~~~~~~~~~~~~~~~~~~~~~~~~~~~~~~~~~~~~~~^[m[K
  111 | [01;31m[K            this,[m[K
      |             [01;31m[K~~~~~[m[K                                                                     
  112 | [01;31m[K            "an",[m[K
      |             [01;31m[K~~~~~[m[K                                                                     
  113 | [01;31m[K            std::bind(&TurtlebotController::handle_goal, this, std::placeholders::_1, std::placeholders::_2),[m[K
      |             [01;31m[K~~~~~~~~~~~~~~~~~~~~~~~~~~~~~~~~~~~~~~~~~~~~~~~~~~~~~~~~~~~~~~~~~~~~~~~~~~~~~~~~~~~~~~~~~~~~~~~~~[m[K
  114 | [01;31m[K            std::bind(&TurtlebotController::handle_cancel, this, std::placeholders::_1),[m[K
      |             [01;31m[K~~~~~~~~~~~~~~~~~~~~~~~~~~~~~~~~~~~~~~~~~~~~~~~~~~~~~~~~~~~~~~~~~~~~~~~~~~~~[m[K
  115 | [01;31m[K            std::bind(&TurtlebotController::handle_accepted, this, std::placeholders::_1)[m[K
      |             [01;31m[K~~~~~~~~~~~~~~~~~~~~~~~~~~~~~~~~~~~~~~~~~~~~~~~~~~~~~~~~~~~~~~~~~~~~~~~~~~~~~[m[K
  116 | [01;31m[K        )[m[K;
      |         [01;31m[K~[m[K                                                                             
In file included from [01m[K/opt/ros/humble/include/rclcpp_action/rclcpp_action/rclcpp_action.hpp:39[m[K,
                 from [01m[K/home/hae/robot_ws/src/robot_go_pkg/src/go.cpp:2[m[K:
[01m[K/opt/ros/humble/include/rclcpp_action/rclcpp_action/create_server.hpp:132:1:[m[K [01;36m[Knote: [m[Kcandidate: â€˜[01m[Ktemplate<class ActionT, class NodeT> typename rclcpp_action::Server<ActionT>::SharedPtr rclcpp_action::create_server(NodeT, const string&, typename rclcpp_action::Server<ActionT>::GoalCallback, typename rclcpp_action::Server<ActionT>::CancelCallback, typename rclcpp_action::Server<ActionT>::AcceptedCallback, const rcl_action_server_options_t&, rclcpp::CallbackGroup::SharedPtr)[m[Kâ€™
  132 | [01;36m[Kcreate_server[m[K(
      | [01;36m[K^~~~~~~~~~~~~[m[K
[01m[K/opt/ros/humble/include/rclcpp_action/rclcpp_action/create_server.hpp:132:1:[m[K [01;36m[Knote: [m[K  template argument deduction/substitution failed:
[01m[K/home/hae/robot_ws/src/robot_go_pkg/src/go.cpp:110:86:[m[K [01;31m[Kerror: [m[Ktemplate argument 1 is invalid
  110 |         action_server_ = [01;31m[Krclcpp_action::create_server<robot_action_pkg::action::Move>([m[K
      |                          [01;31m[K~~~~~~~~~~~~~~~~~~~~~~~~~~~~~~~~~~~~~~~~~~~~~~~~~~~~~~~~~~~~^[m[K
  111 | [01;31m[K            this,[m[K
      |             [01;31m[K~~~~~[m[K                                                                     
  112 | [01;31m[K            "an",[m[K
      |             [01;31m[K~~~~~[m[K                                                                     
  113 | [01;31m[K            std::bind(&TurtlebotController::handle_goal, this, std::placeholders::_1, std::placeholders::_2),[m[K
      |             [01;31m[K~~~~~~~~~~~~~~~~~~~~~~~~~~~~~~~~~~~~~~~~~~~~~~~~~~~~~~~~~~~~~~~~~~~~~~~~~~~~~~~~~~~~~~~~~~~~~~~~~[m[K
  114 | [01;31m[K            std::bind(&TurtlebotController::handle_cancel, this, std::placeholders::_1),[m[K
      |             [01;31m[K~~~~~~~~~~~~~~~~~~~~~~~~~~~~~~~~~~~~~~~~~~~~~~~~~~~~~~~~~~~~~~~~~~~~~~~~~~~~[m[K
  115 | [01;31m[K            std::bind(&TurtlebotController::handle_accepted, this, std::placeholders::_1)[m[K
      |             [01;31m[K~~~~~~~~~~~~~~~~~~~~~~~~~~~~~~~~~~~~~~~~~~~~~~~~~~~~~~~~~~~~~~~~~~~~~~~~~~~~~[m[K
  116 | [01;31m[K        )[m[K;
      |         [01;31m[K~[m[K                                                                             
gmake[2]: *** [CMakeFiles/go_node.dir/build.make:76: CMakeFiles/go_node.dir/src/go.cpp.o] Error 1
gmake[1]: *** [CMakeFiles/Makefile2:195: CMakeFiles/go_node.dir/all] Error 2
gmake: *** [Makefile:146: all] Error 2
