[01m[K/home/hae/robot_ws/src/robot_total_pkg/src/total_drive.cpp:[m[K In constructor â€˜[01m[KTurtlebotController::TurtlebotController()[m[Kâ€™:
[01m[K/home/hae/robot_ws/src/robot_total_pkg/src/total_drive.cpp:104:24:[m[K [01;31m[Kerror: [m[Kâ€˜[01m[KDirectNode[m[Kâ€™ has not been declared
  104 |             std::bind(&[01;31m[KDirectNode[m[K::imuCallback, this, std::placeholders::_1));
      |                        [01;31m[K^~~~~~~~~~[m[K
[01m[K/home/hae/robot_ws/src/robot_total_pkg/src/total_drive.cpp:105:9:[m[K [01;31m[Kerror: [m[Kâ€˜[01m[Kstop_service_[m[Kâ€™ was not declared in this scope
  105 |         [01;31m[Kstop_service_[m[K = this->create_service<std_srvs::srv::Empty>("/stop_robot",
      |         [01;31m[K^~~~~~~~~~~~~[m[K
[01m[K/home/hae/robot_ws/src/robot_total_pkg/src/total_drive.cpp:105:46:[m[K [01;31m[Kerror: [m[Kâ€˜[01m[Kstd_srvs[m[Kâ€™ was not declared in this scope
  105 |         stop_service_ = this->create_service<[01;31m[Kstd_srvs[m[K::srv::Empty>("/stop_robot",
      |                                              [01;31m[K^~~~~~~~[m[K
[01m[K/home/hae/robot_ws/src/robot_total_pkg/src/total_drive.cpp:105:31:[m[K [01;31m[Kerror: [m[Kparse error in template argument list
  105 |         stop_service_ = this->[01;31m[Kcreate_service<std_srvs::srv::Empty>[m[K("/stop_robot",
      |                               [01;31m[K^~~~~~~~~~~~~~~~~~~~~~~~~~~~~~~~~~~~[m[K
[01m[K/home/hae/robot_ws/src/robot_total_pkg/src/total_drive.cpp:106:24:[m[K [01;31m[Kerror: [m[Kâ€˜[01m[KDirectNode[m[Kâ€™ has not been declared
  106 |             std::bind(&[01;31m[KDirectNode[m[K::stopServiceCallback, this, std::placeholders::_1, std::placeholders::_2));
      |                        [01;31m[K^~~~~~~~~~[m[K
[01m[K/home/hae/robot_ws/src/robot_total_pkg/src/total_drive.cpp:[m[K In member function â€˜[01m[Kvoid TurtlebotController::move_robot()[m[Kâ€™:
[01m[K/home/hae/robot_ws/src/robot_total_pkg/src/total_drive.cpp:179:17:[m[K [01;31m[Kerror: [m[Kexpected â€˜[01m[K;[m[Kâ€™ before â€˜[01m[Kcmd_publisher_[m[Kâ€™
  179 |                 [01;31m[Kcmd_publisher_[m[K->publish(message); // cmd_vel í† í”½ì— ì „ì§„ ëª…ë ¹ ë°œí–‰
      |                 [01;31m[K^~~~~~~~~~~~~~[m[K
gmake[2]: *** [CMakeFiles/drive_node.dir/build.make:76: CMakeFiles/drive_node.dir/src/total_drive.cpp.o] Error 1
gmake[1]: *** [CMakeFiles/Makefile2:165: CMakeFiles/drive_node.dir/all] Error 2
gmake[1]: *** Waiting for unfinished jobs....
gmake: *** [Makefile:146: all] Error 2
