-- Found ament_cmake: 1.3.9 (/opt/ros/humble/share/ament_cmake/cmake)
-- Override CMake install command with custom implementation using symlinks instead of copying resources
-- Found rclcpp: 16.0.9 (/opt/ros/humble/share/rclcpp/cmake)
-- Found rosidl_generator_c: 3.1.5 (/opt/ros/humble/share/rosidl_generator_c/cmake)
-- Found rosidl_adapter: 3.1.5 (/opt/ros/humble/share/rosidl_adapter/cmake)
-- Found rosidl_generator_cpp: 3.1.5 (/opt/ros/humble/share/rosidl_generator_cpp/cmake)
-- Using all available rosidl_typesupport_c: rosidl_typesupport_fastrtps_c;rosidl_typesupport_introspection_c
-- Using all available rosidl_typesupport_cpp: rosidl_typesupport_fastrtps_cpp;rosidl_typesupport_introspection_cpp
-- Found rmw_implementation_cmake: 6.1.2 (/opt/ros/humble/share/rmw_implementation_cmake/cmake)
-- Found rmw_fastrtps_cpp: 6.2.6 (/opt/ros/humble/share/rmw_fastrtps_cpp/cmake)
-- Using RMW implementation 'rmw_fastrtps_cpp' as default
-- Found geometry_msgs: 4.2.4 (/opt/ros/humble/share/geometry_msgs/cmake)
-- Found sensor_msgs: 4.2.4 (/opt/ros/humble/share/sensor_msgs/cmake)
-- Found nav_msgs: 4.2.4 (/opt/ros/humble/share/nav_msgs/cmake)
-- Found tf2_geometry_msgs: 0.25.7 (/opt/ros/humble/share/tf2_geometry_msgs/cmake)
-- Found eigen3_cmake_module: 0.1.1 (/opt/ros/humble/share/eigen3_cmake_module/cmake)
-- Ensuring Eigen3 include directory is part of orocos-kdl CMake target
-- Found ament_lint_auto: 0.12.11 (/opt/ros/humble/share/ament_lint_auto/cmake)
-- Added test 'cppcheck' to perform static code analysis on C / C++ code
-- Configured cppcheck include dirs: 
-- Configured cppcheck exclude dirs and/or files: 
-- Added test 'lint_cmake' to check CMake code style
-- Added test 'uncrustify' to check C / C++ code style
-- Configured uncrustify additional arguments: 
-- Added test 'xmllint' to check XML markup files
-- Configuring done
-- Generating done
-- Build files have been written to: /home/hae/robot_ws/src/build/robot_total_pkg
[ 25%] [32mBuilding CXX object CMakeFiles/drive_node.dir/src/total_drive.cpp.o[0m
[ 50%] [32mBuilding CXX object CMakeFiles/scan_node.dir/src/scan.cpp.o[0m
[01m[K/home/hae/robot_ws/src/robot_total_pkg/src/total_drive.cpp:[m[K In constructor â€˜[01m[KTurtlebotController::TurtlebotController()[m[Kâ€™:
[01m[K/home/hae/robot_ws/src/robot_total_pkg/src/total_drive.cpp:104:24:[m[K [01;31m[Kerror: [m[Kâ€˜[01m[KDirectNode[m[Kâ€™ has not been declared
  104 |             std::bind(&[01;31m[KDirectNode[m[K::imuCallback, this, std::placeholders::_1));
      |                        [01;31m[K^~~~~~~~~~[m[K
[01m[K/home/hae/robot_ws/src/robot_total_pkg/src/total_drive.cpp:105:9:[m[K [01;31m[Kerror: [m[Kâ€˜[01m[Kstop_service_[m[Kâ€™ was not declared in this scope
  105 |         [01;31m[Kstop_service_[m[K = this->create_service<std_srvs::srv::Empty>("/stop_robot",
      |         [01;31m[K^~~~~~~~~~~~~[m[K
[01m[K/home/hae/robot_ws/src/robot_total_pkg/src/total_drive.cpp:105:46:[m[K [01;31m[Kerror: [m[Kâ€˜[01m[Kstd_srvs[m[Kâ€™ was not declared in this scope
  105 |         stop_service_ = this->create_service<[01;31m[Kstd_srvs[m[K::srv::Empty>("/stop_robot",
      |                                              [01;31m[K^~~~~~~~[m[K
[01m[K/home/hae/robot_ws/src/robot_total_pkg/src/total_drive.cpp:105:31:[m[K [01;31m[Kerror: [m[Kparse error in template argument list
  105 |         stop_service_ = this->[01;31m[Kcreate_service<std_srvs::srv::Empty>[m[K("/stop_robot",
      |                               [01;31m[K^~~~~~~~~~~~~~~~~~~~~~~~~~~~~~~~~~~~[m[K
[01m[K/home/hae/robot_ws/src/robot_total_pkg/src/total_drive.cpp:106:24:[m[K [01;31m[Kerror: [m[Kâ€˜[01m[KDirectNode[m[Kâ€™ has not been declared
  106 |             std::bind(&[01;31m[KDirectNode[m[K::stopServiceCallback, this, std::placeholders::_1, std::placeholders::_2));
      |                        [01;31m[K^~~~~~~~~~[m[K
[01m[K/home/hae/robot_ws/src/robot_total_pkg/src/total_drive.cpp:[m[K In member function â€˜[01m[Kvoid TurtlebotController::move_robot()[m[Kâ€™:
[01m[K/home/hae/robot_ws/src/robot_total_pkg/src/total_drive.cpp:179:17:[m[K [01;31m[Kerror: [m[Kexpected â€˜[01m[K;[m[Kâ€™ before â€˜[01m[Kcmd_publisher_[m[Kâ€™
  179 |                 [01;31m[Kcmd_publisher_[m[K->publish(message); // cmd_vel í† í”½ì— ì „ì§„ ëª…ë ¹ ë°œí–‰
      |                 [01;31m[K^~~~~~~~~~~~~~[m[K
gmake[2]: *** [CMakeFiles/drive_node.dir/build.make:76: CMakeFiles/drive_node.dir/src/total_drive.cpp.o] Error 1
gmake[1]: *** [CMakeFiles/Makefile2:165: CMakeFiles/drive_node.dir/all] Error 2
gmake[1]: *** Waiting for unfinished jobs....
[ 75%] [32m[1mLinking CXX executable scan_node[0m
[ 75%] Built target scan_node
gmake: *** [Makefile:146: all] Error 2
