[35m[1mConsolidate compiler generated dependencies of target go_node[0m
[ 25%] Built target test_node
[ 50%] Built target scan_node
[ 75%] Built target cli_node
[ 87%] [32mBuilding CXX object CMakeFiles/go_node.dir/src/go.cpp.o[0m
[01m[K/home/hae/robot_ws/src/robot_go_pkg/src/go.cpp:[m[K In member function ‚Äò[01m[Krclcpp_action::GoalResponse TurtlebotController::handle_goal(const GoalUUID&, std::shared_ptr<const robot_action::action::Move_Goal_<std::allocator<void> > >)[m[K‚Äô:
[01m[K/home/hae/robot_ws/src/robot_go_pkg/src/go.cpp:80:9:[m[K [01;31m[Kerror: [m[Kexpected ‚Äò[01m[K;[m[K‚Äô before ‚Äò[01m[Kreturn[m[K‚Äô
   80 |         [01;31m[Kreturn[m[K rclcpp_action::GoalResponse::ACCEPT_AND_EXECUTE; // Î™©Ìëú ÏàòÎùΩ Î∞è Ïã§Ìñâ
      |         [01;31m[K^~~~~~[m[K
[01m[K/home/hae/robot_ws/src/robot_go_pkg/src/go.cpp:[m[K In constructor ‚Äò[01m[KTurtlebotController::TurtlebotController()[m[K‚Äô:
[01m[K/home/hae/robot_ws/src/robot_go_pkg/src/go.cpp:25:10:[m[K [01;35m[Kwarning: [m[K‚Äò[01m[KTurtlebotController::obstacle_detected_[m[K‚Äô will be initialized after [[01;35m[K]8;;https://gcc.gnu.org/onlinedocs/gcc/Warning-Options.html#index-Wreorder-Wreorder]8;;[m[K]
   25 |     bool [01;35m[Kobstacle_detected_[m[K;                    // Ïû•Ïï†Î¨º Í∞êÏßÄ Ïó¨Î∂Ä
      |          [01;35m[K^~~~~~~~~~~~~~~~~~[m[K
[01m[K/home/hae/robot_ws/src/robot_go_pkg/src/go.cpp:21:12:[m[K [01;35m[Kwarning: [m[K  ‚Äò[01m[Kdouble TurtlebotController::total_distance_[m[K‚Äô [[01;35m[K]8;;https://gcc.gnu.org/onlinedocs/gcc/Warning-Options.html#index-Wreorder-Wreorder]8;;[m[K]
   21 |     double [01;35m[Ktotal_distance_[m[K;                    // Ï¥ù Ïù¥Îèô Í±∞Î¶¨
      |            [01;35m[K^~~~~~~~~~~~~~~[m[K
[01m[K/home/hae/robot_ws/src/robot_go_pkg/src/go.cpp:145:5:[m[K [01;35m[Kwarning: [m[K  when initialized here [[01;35m[K]8;;https://gcc.gnu.org/onlinedocs/gcc/Warning-Options.html#index-Wreorder-Wreorder]8;;[m[K]
  145 |     [01;35m[KTurtlebotController[m[K()
      |     [01;35m[K^~~~~~~~~~~~~~~~~~~[m[K
gmake[2]: *** [CMakeFiles/go_node.dir/build.make:76: CMakeFiles/go_node.dir/src/go.cpp.o] Error 1
gmake[1]: *** [CMakeFiles/Makefile2:195: CMakeFiles/go_node.dir/all] Error 2
gmake: *** [Makefile:146: all] Error 2
