-- Found ament_cmake: 1.3.9 (/opt/ros/humble/share/ament_cmake/cmake)
-- Override CMake install command with custom implementation using symlinks instead of copying resources
-- Found rclcpp: 16.0.9 (/opt/ros/humble/share/rclcpp/cmake)
-- Found rosidl_generator_c: 3.1.5 (/opt/ros/humble/share/rosidl_generator_c/cmake)
-- Found rosidl_adapter: 3.1.5 (/opt/ros/humble/share/rosidl_adapter/cmake)
-- Found rosidl_generator_cpp: 3.1.5 (/opt/ros/humble/share/rosidl_generator_cpp/cmake)
-- Using all available rosidl_typesupport_c: rosidl_typesupport_fastrtps_c;rosidl_typesupport_introspection_c
-- Using all available rosidl_typesupport_cpp: rosidl_typesupport_fastrtps_cpp;rosidl_typesupport_introspection_cpp
-- Found rmw_implementation_cmake: 6.1.2 (/opt/ros/humble/share/rmw_implementation_cmake/cmake)
-- Found rmw_fastrtps_cpp: 6.2.6 (/opt/ros/humble/share/rmw_fastrtps_cpp/cmake)
-- Using RMW implementation 'rmw_fastrtps_cpp' as default
-- Found geometry_msgs: 4.2.4 (/opt/ros/humble/share/geometry_msgs/cmake)
-- Found nav_msgs: 4.2.4 (/opt/ros/humble/share/nav_msgs/cmake)
-- Found action_msgs: 1.2.1 (/opt/ros/humble/share/action_msgs/cmake)
-- Found sensor_msgs: 4.2.4 (/opt/ros/humble/share/sensor_msgs/cmake)
-- Found robot_action: 0.0.0 (/home/hae/robot_ws/src/install/robot_action/share/robot_action/cmake)
-- Found rclcpp_action: 16.0.9 (/opt/ros/humble/share/rclcpp_action/cmake)
-- Found ament_lint_auto: 0.12.11 (/opt/ros/humble/share/ament_lint_auto/cmake)
-- Added test 'cppcheck' to perform static code analysis on C / C++ code
-- Configured cppcheck include dirs: 
-- Configured cppcheck exclude dirs and/or files: 
-- Added test 'lint_cmake' to check CMake code style
-- Added test 'uncrustify' to check C / C++ code style
-- Configured uncrustify additional arguments: 
-- Added test 'xmllint' to check XML markup files
-- Configuring done
-- Generating done
-- Build files have been written to: /home/hae/robot_ws/src/build/robot_go_pkg
[35m[1mConsolidate compiler generated dependencies of target scan_node[0m
[35m[1mConsolidate compiler generated dependencies of target go_node[0m
[ 50%] Built target scan_node
[ 75%] [32mBuilding CXX object CMakeFiles/go_node.dir/src/go.cpp.o[0m
[01m[K/home/hae/robot_ws/src/robot_go_pkg/src/go.cpp:26:5:[m[K [01;31m[Kerror: [m[Kâ€˜[01m[Krclcpp_action[m[Kâ€™ does not name a type
   26 |     [01;31m[Krclcpp_action[m[K::Server<robot_action::action::Move>::SharedPtr action_server_;
      |     [01;31m[K^~~~~~~~~~~~~[m[K
[01m[K/home/hae/robot_ws/src/robot_go_pkg/src/go.cpp:27:21:[m[K [01;31m[Kerror: [m[Kâ€˜[01m[Krclcpp_action[m[Kâ€™ was not declared in this scope
   27 |     std::shared_ptr<[01;31m[Krclcpp_action[m[K::ServerGoalHandle<robot_action::action::Move>> current_goal_handle_;
      |                     [01;31m[K^~~~~~~~~~~~~[m[K
[01m[K/home/hae/robot_ws/src/robot_go_pkg/src/go.cpp:27:79:[m[K [01;31m[Kerror: [m[Ktemplate argument 1 is invalid
   27 |     std::shared_ptr<rclcpp_action::ServerGoalHandle<robot_action::action::Move[01;31m[K>>[m[K current_goal_handle_;
      |                                                                               [01;31m[K^~[m[K
[01m[K/home/hae/robot_ws/src/robot_go_pkg/src/go.cpp:74:5:[m[K [01;31m[Kerror: [m[Kâ€˜[01m[Krclcpp_action[m[Kâ€™ does not name a type
   74 |     [01;31m[Krclcpp_action[m[K::GoalResponse handle_goal(
      |     [01;31m[K^~~~~~~~~~~~~[m[K
[01m[K/home/hae/robot_ws/src/robot_go_pkg/src/go.cpp:83:5:[m[K [01;31m[Kerror: [m[Kâ€˜[01m[Krclcpp_action[m[Kâ€™ does not name a type
   83 |     [01;31m[Krclcpp_action[m[K::CancelResponse handle_cancel(const std::shared_ptr<rclcpp_action::ServerGoalHandle<robot_action::action::Move>> goal_handle)
      |     [01;31m[K^~~~~~~~~~~~~[m[K
[01m[K/home/hae/robot_ws/src/robot_go_pkg/src/go.cpp:89:48:[m[K [01;31m[Kerror: [m[Kâ€˜[01m[Krclcpp_action[m[Kâ€™ was not declared in this scope
   89 |     void handle_accepted(const std::shared_ptr<[01;31m[Krclcpp_action[m[K::ServerGoalHandle<robot_action::action::Move>> goal_handle)
      |                                                [01;31m[K^~~~~~~~~~~~~[m[K
[01m[K/home/hae/robot_ws/src/robot_go_pkg/src/go.cpp:89:106:[m[K [01;31m[Kerror: [m[Ktemplate argument 1 is invalid
   89 |     void handle_accepted(const std::shared_ptr<rclcpp_action::ServerGoalHandle<robot_action::action::Move[01;31m[K>>[m[K goal_handle)
      |                                                                                                          [01;31m[K^~[m[K
[01m[K/home/hae/robot_ws/src/robot_go_pkg/src/go.cpp:89:48:[m[K [01;31m[Kerror: [m[Kâ€˜[01m[Krclcpp_action[m[Kâ€™ was not declared in this scope
   89 |     void handle_accepted(const std::shared_ptr<[01;31m[Krclcpp_action[m[K::ServerGoalHandle<robot_action::action::Move>> goal_handle)
      |                                                [01;31m[K^~~~~~~~~~~~~[m[K
[01m[K/home/hae/robot_ws/src/robot_go_pkg/src/go.cpp:89:106:[m[K [01;31m[Kerror: [m[Ktemplate argument 1 is invalid
   89 |     void handle_accepted(const std::shared_ptr<rclcpp_action::ServerGoalHandle<robot_action::action::Move[01;31m[K>>[m[K goal_handle)
      |                                                                                                          [01;31m[K^~[m[K
[01m[K/home/hae/robot_ws/src/robot_go_pkg/src/go.cpp:89:48:[m[K [01;31m[Kerror: [m[Kâ€˜[01m[Krclcpp_action[m[Kâ€™ was not declared in this scope
   89 |     void handle_accepted(const std::shared_ptr<[01;31m[Krclcpp_action[m[K::ServerGoalHandle<robot_action::action::Move>> goal_handle)
      |                                                [01;31m[K^~~~~~~~~~~~~[m[K
[01m[K/home/hae/robot_ws/src/robot_go_pkg/src/go.cpp:89:106:[m[K [01;31m[Kerror: [m[Ktemplate argument 1 is invalid
   89 |     void handle_accepted(const std::shared_ptr<rclcpp_action::ServerGoalHandle<robot_action::action::Move[01;31m[K>>[m[K goal_handle)
      |                                                                                                          [01;31m[K^~[m[K
[01m[K/home/hae/robot_ws/src/robot_go_pkg/src/go.cpp:89:32:[m[K [01;31m[Kerror: [m[Kinvalid template-id
   89 |     void handle_accepted(const [01;31m[Kstd[m[K::shared_ptr<rclcpp_action::ServerGoalHandle<robot_action::action::Move>> goal_handle)
      |                                [01;31m[K^~~[m[K
[01m[K/home/hae/robot_ws/src/robot_go_pkg/src/go.cpp:89:48:[m[K [01;31m[Kerror: [m[Kâ€˜[01m[Krclcpp_action[m[Kâ€™ has not been declared
   89 |     void handle_accepted(const std::shared_ptr<[01;31m[Krclcpp_action[m[K::ServerGoalHandle<robot_action::action::Move>> goal_handle)
      |                                                [01;31m[K^~~~~~~~~~~~~[m[K
[01m[K/home/hae/robot_ws/src/robot_go_pkg/src/go.cpp:89:106:[m[K [01;31m[Kerror: [m[Kexpected primary-expression before â€˜[01m[K>>[m[Kâ€™ token
   89 |     void handle_accepted(const std::shared_ptr<rclcpp_action::ServerGoalHandle<robot_action::action::Move[01;31m[K>>[m[K goal_handle)
      |                                                                                                          [01;31m[K^~[m[K
[01m[K/home/hae/robot_ws/src/robot_go_pkg/src/go.cpp:89:26:[m[K [01;31m[Kerror: [m[Kclass template placeholder â€˜[01m[Kstd::shared_ptr[m[Kâ€™ not permitted in this context
   89 |     void handle_accepted([01;31m[Kconst[m[K std::shared_ptr<rclcpp_action::ServerGoalHandle<robot_action::action::Move>> goal_handle)
      |                          [01;31m[K^~~~~[m[K
[01m[K/home/hae/robot_ws/src/robot_go_pkg/src/go.cpp:89:106:[m[K [01;31m[Kerror: [m[Kexpected â€˜[01m[K,[m[Kâ€™ or â€˜[01m[K...[m[Kâ€™ before â€˜[01m[K>[m[Kâ€™ token
   89 |     void handle_accepted(const std::shared_ptr<rclcpp_action::ServerGoalHandle<robot_action::action::Move[01;31m[K>>[m[K goal_handle)
      |                                                                                                          [01;31m[K^~[m[K
[01m[K/home/hae/robot_ws/src/robot_go_pkg/src/go.cpp:109:28:[m[K [01;31m[Kerror: [m[Kâ€˜[01m[Krclcpp_action[m[Kâ€™ does not name a type
  109 |     using GoalHandleMove = [01;31m[Krclcpp_action[m[K::ServerGoalHandle<Move>;
      |                            [01;31m[K^~~~~~~~~~~~~[m[K
[01m[K/home/hae/robot_ws/src/robot_go_pkg/src/go.cpp:[m[K In member function â€˜[01m[Kvoid TurtlebotController::handle_odom(nav_msgs::msg::Odometry_<std::allocator<void> >::SharedPtr)[m[Kâ€™:
[01m[K/home/hae/robot_ws/src/robot_go_pkg/src/go.cpp:58:19:[m[K [01;31m[Kerror: [m[Kâ€˜[01m[Kusing element_type = struct robot_action::action::Move_Feedback_<std::allocator<void> >[m[Kâ€™ {aka â€˜[01m[Kstruct robot_action::action::Move_Feedback_<std::allocator<void> >[m[Kâ€™} has no member named â€˜[01m[Ktraveled_distances[m[Kâ€™
   58 |         feedback->[01;31m[Ktraveled_distances[m[K.push_back(total_distance_);
      |                   [01;31m[K^~~~~~~~~~~~~~~~~~[m[K
[01m[K/home/hae/robot_ws/src/robot_go_pkg/src/go.cpp:60:33:[m[K [01;31m[Kerror: [m[Kbase operand of â€˜[01m[K->[m[Kâ€™ is not a pointer
   60 |             current_goal_handle_[01;31m[K->[m[Kpublish_feedback(feedback);
      |                                 [01;31m[K^~[m[K
[01m[K/home/hae/robot_ws/src/robot_go_pkg/src/go.cpp:66:21:[m[K [01;31m[Kerror: [m[Kâ€˜[01m[Kusing element_type = struct robot_action::action::Move_Result_<std::allocator<void> >[m[Kâ€™ {aka â€˜[01m[Kstruct robot_action::action::Move_Result_<std::allocator<void> >[m[Kâ€™} has no member named â€˜[01m[Ksuccess[m[Kâ€™
   66 |             result->[01;31m[Ksuccess[m[K = true;
      |                     [01;31m[K^~~~~~~[m[K
[01m[K/home/hae/robot_ws/src/robot_go_pkg/src/go.cpp:67:33:[m[K [01;31m[Kerror: [m[Kbase operand of â€˜[01m[K->[m[Kâ€™ is not a pointer
   67 |             current_goal_handle_[01;31m[K->[m[Ksucceed(result);
      |                                 [01;31m[K^~[m[K
[01m[K/home/hae/robot_ws/src/robot_go_pkg/src/go.cpp:[m[K In member function â€˜[01m[Kvoid TurtlebotController::handle_accepted(...)[m[Kâ€™:
[01m[K/home/hae/robot_ws/src/robot_go_pkg/src/go.cpp:91:32:[m[K [01;31m[Kerror: [m[Kâ€˜[01m[Kgoal_handle[m[Kâ€™ was not declared in this scope
   91 |         current_goal_handle_ = [01;31m[Kgoal_handle[m[K;
      |                                [01;31m[K^~~~~~~~~~~[m[K
[01m[K/home/hae/robot_ws/src/robot_go_pkg/src/go.cpp:[m[K In constructor â€˜[01m[KTurtlebotController::TurtlebotController()[m[Kâ€™:
[01m[K/home/hae/robot_ws/src/robot_go_pkg/src/go.cpp:131:9:[m[K [01;31m[Kerror: [m[Kâ€˜[01m[Kaction_server_[m[Kâ€™ was not declared in this scope
  131 |         [01;31m[Kaction_server_[m[K = rclcpp_action::create_server<robot_action::action::Move>(
      |         [01;31m[K^~~~~~~~~~~~~~[m[K
[01m[K/home/hae/robot_ws/src/robot_go_pkg/src/go.cpp:131:26:[m[K [01;31m[Kerror: [m[Kâ€˜[01m[Krclcpp_action[m[Kâ€™ has not been declared
  131 |         action_server_ = [01;31m[Krclcpp_action[m[K::create_server<robot_action::action::Move>(
      |                          [01;31m[K^~~~~~~~~~~~~[m[K
[01m[K/home/hae/robot_ws/src/robot_go_pkg/src/go.cpp:131:81:[m[K [01;31m[Kerror: [m[Kexpected primary-expression before â€˜[01m[K>[m[Kâ€™ token
  131 |         action_server_ = rclcpp_action::create_server<robot_action::action::Move[01;31m[K>[m[K(
      |                                                                                 [01;31m[K^[m[K
[01m[K/home/hae/robot_ws/src/robot_go_pkg/src/go.cpp:132:13:[m[K [01;35m[Kwarning: [m[Kleft operand of comma operator has no effect [[01;35m[K]8;;https://gcc.gnu.org/onlinedocs/gcc/Warning-Options.html#index-Wunused-value-Wunused-value]8;;[m[K]
  132 |             [01;35m[Kthis[m[K,
      |             [01;35m[K^~~~[m[K
[01m[K/home/hae/robot_ws/src/robot_go_pkg/src/go.cpp:134:45:[m[K [01;31m[Kerror: [m[Kâ€˜[01m[Khandle_goal[m[Kâ€™ is not a member of â€˜[01m[KTurtlebotController[m[Kâ€™
  134 |             std::bind(&TurtlebotController::[01;31m[Khandle_goal[m[K, this, std::placeholders::_1, std::placeholders::_2),
      |                                             [01;31m[K^~~~~~~~~~~[m[K
[01m[K/home/hae/robot_ws/src/robot_go_pkg/src/go.cpp:135:45:[m[K [01;31m[Kerror: [m[Kâ€˜[01m[Khandle_cancel[m[Kâ€™ is not a member of â€˜[01m[KTurtlebotController[m[Kâ€™
  135 |             std::bind(&TurtlebotController::[01;31m[Khandle_cancel[m[K, this, std::placeholders::_1),
      |                                             [01;31m[K^~~~~~~~~~~~~[m[K
gmake[2]: *** [CMakeFiles/go_node.dir/build.make:76: CMakeFiles/go_node.dir/src/go.cpp.o] Error 1
gmake[1]: *** [CMakeFiles/Makefile2:165: CMakeFiles/go_node.dir/all] Error 2
gmake: *** [Makefile:146: all] Error 2
