[35m[1mConsolidate compiler generated dependencies of target grid_node[0m
[ 50%] [32mBuilding CXX object CMakeFiles/grid_node.dir/src/grid.cpp.o[0m
[01m[K/home/hae/robot_ws/src/robot_grid_pkg/src/grid.cpp:[m[K In member function ‚Äò[01m[Kvoid TurtlebotController::move_robot()[m[K‚Äô:
[01m[K/home/hae/robot_ws/src/robot_grid_pkg/src/grid.cpp:93:17:[m[K [01;31m[Kerror: [m[Kexpected ‚Äò[01m[K;[m[K‚Äô before ‚Äò[01m[Kgo_straight[m[K‚Äô
   93 |                 [01;31m[Kgo_straight[m[K(block, cm);
      |                 [01;31m[K^~~~~~~~~~~[m[K
[01m[K/home/hae/robot_ws/src/robot_grid_pkg/src/grid.cpp:104:38:[m[K [01;35m[Kwarning: [m[Kcomparison of integer expressions of different signedness: ‚Äò[01m[Kstd::vector<std::vector<int> >::size_type[m[K‚Äô {aka ‚Äò[01m[Klong unsigned int[m[K‚Äô} and ‚Äò[01m[Kint[m[K‚Äô [[01;35m[K]8;;https://gcc.gnu.org/onlinedocs/gcc/Warning-Options.html#index-Wsign-compare-Wsign-compare]8;;[m[K]
  104 |         for(int i=2;[01;35m[KsetPoint.size()-1>i[m[K;i++ ){
      |                     [01;35m[K~~~~~~~~~~~~~~~~~^~[m[K
[01m[K/home/hae/robot_ws/src/robot_grid_pkg/src/grid.cpp:107:17:[m[K [01;31m[Kerror: [m[Kexpected ‚Äò[01m[K;[m[K‚Äô before ‚Äò[01m[Kgo_straight[m[K‚Äô
  107 |                 [01;31m[Kgo_straight[m[K(block, cm);
      |                 [01;31m[K^~~~~~~~~~~[m[K
[01m[K/home/hae/robot_ws/src/robot_grid_pkg/src/grid.cpp:121:17:[m[K [01;31m[Kerror: [m[Kexpected ‚Äò[01m[K;[m[K‚Äô before ‚Äò[01m[Kgo_straight[m[K‚Äô
  121 |                 [01;31m[Kgo_straight[m[K(block, cm);
      |                 [01;31m[K^~~~~~~~~~~[m[K
In file included from [01m[K/opt/ros/humble/include/rclcpp/rclcpp/logging.hpp:24[m[K,
                 from [01m[K/opt/ros/humble/include/rclcpp/rclcpp/client.hpp:40[m[K,
                 from [01m[K/opt/ros/humble/include/rclcpp/rclcpp/callback_group.hpp:24[m[K,
                 from [01m[K/opt/ros/humble/include/rclcpp/rclcpp/any_executable.hpp:20[m[K,
                 from [01m[K/opt/ros/humble/include/rclcpp/rclcpp/memory_strategy.hpp:25[m[K,
                 from [01m[K/opt/ros/humble/include/rclcpp/rclcpp/memory_strategies.hpp:18[m[K,
                 from [01m[K/opt/ros/humble/include/rclcpp/rclcpp/executor_options.hpp:20[m[K,
                 from [01m[K/opt/ros/humble/include/rclcpp/rclcpp/executor.hpp:37[m[K,
                 from [01m[K/opt/ros/humble/include/rclcpp/rclcpp/executors/multi_threaded_executor.hpp:25[m[K,
                 from [01m[K/opt/ros/humble/include/rclcpp/rclcpp/executors.hpp:21[m[K,
                 from [01m[K/opt/ros/humble/include/rclcpp/rclcpp/rclcpp.hpp:155[m[K,
                 from [01m[K/home/hae/robot_ws/src/robot_grid_pkg/src/grid.cpp:5[m[K:
[01m[K/home/hae/robot_ws/src/robot_grid_pkg/src/grid.cpp:[m[K In member function ‚Äò[01m[Kvoid TurtlebotController::go_straight(int, double)[m[K‚Äô:
[01m[K/home/hae/robot_ws/src/robot_grid_pkg/src/grid.cpp:149:13:[m[K [01;31m[Kerror: [m[Kexpected primary-expression before ‚Äò[01m[K)[m[K‚Äô token
  149 |             [01;31m[KRCLCPP_INFO[m[K(this->get_logger(), "Ïù¥ÎèôÌï¥ÏïºÌï† Í±∞Î¶¨= %.2f cm / Ïù¥Îèô Ìï† Í±∞Î¶¨ = %.2f / ÎÇ®ÏùÄÍ±∞Î¶¨ = %.2f", target_distance, distance_traveled, target_distance-distance_traveled,);
      |             [01;31m[K^~~~~~~~~~~[m[K
[01m[K/home/hae/robot_ws/src/robot_grid_pkg/src/grid.cpp:[m[K In member function ‚Äò[01m[Kbool TurtlebotController::is_turn(const TurtlebotController::Point&, const TurtlebotController::Point&, const TurtlebotController::Point&)[m[K‚Äô:
[01m[K/home/hae/robot_ws/src/robot_grid_pkg/src/grid.cpp:224:50:[m[K [01;35m[Kwarning: [m[Kunused parameter ‚Äò[01m[Kcurrent[m[K‚Äô [[01;35m[K]8;;https://gcc.gnu.org/onlinedocs/gcc/Warning-Options.html#index-Wunused-parameter-Wunused-parameter]8;;[m[K]
  224 |     bool is_turn(const Point& prev, [01;35m[Kconst Point& current[m[K, const Point& next) {
      |                                     [01;35m[K~~~~~~~~~~~~~^~~~~~~[m[K
gmake[2]: *** [CMakeFiles/grid_node.dir/build.make:76: CMakeFiles/grid_node.dir/src/grid.cpp.o] Error 1
gmake[1]: *** [CMakeFiles/Makefile2:137: CMakeFiles/grid_node.dir/all] Error 2
gmake: *** [Makefile:146: all] Error 2
