[01m[K/home/hae/robot_ws/src/robot_go_pkg/src/go.cpp:7:10:[m[K [01;31m[Kfatal error: [m[Kyour_package/action/move_distance.hpp: No such file or directory
    7 | #include [01;31m[K<your_package/action/move_distance.hpp>[m[K // í•´ë‹¹ íŒ¨í‚¤ì§€ì™€ ì•¡ì…˜ì„ ì‚¬ìš©í•  ê²ƒ
      |          [01;31m[K^~~~~~~~~~~~~~~~~~~~~~~~~~~~~~~~~~~~~~~[m[K
compilation terminated.
gmake[2]: *** [CMakeFiles/go_node.dir/build.make:76: CMakeFiles/go_node.dir/src/go.cpp.o] Error 1
gmake[1]: *** [CMakeFiles/Makefile2:195: CMakeFiles/go_node.dir/all] Error 2
gmake: *** [Makefile:146: all] Error 2
