[0.060s] Invoking command in '/home/hae/robot_ws/src/build/robot_go_pkg': AMENT_PREFIX_PATH=/home/hae/robot_ws/src/install/robot_action:${AMENT_PREFIX_PATH} CMAKE_PREFIX_PATH=/home/hae/robot_ws/src/install/robot_action:/opt/ros/humble LD_LIBRARY_PATH=/home/hae/robot_ws/src/install/robot_action/lib:${LD_LIBRARY_PATH} PYTHONPATH=/home/hae/robot_ws/src/install/robot_action/local/lib/python3.10/dist-packages:${PYTHONPATH} /usr/bin/cmake --build /home/hae/robot_ws/src/build/robot_go_pkg -- -j4 -l4
[0.256s] [35m[1mConsolidate compiler generated dependencies of target server_node[0m
[0.323s] [ 33%] Built target cli_node
[0.353s] [ 50%] [32mBuilding CXX object CMakeFiles/server_node.dir/src/main.cpp.o[0m
[0.377s] [ 83%] [32mBuilding CXX object CMakeFiles/server_node.dir/src/actionsever.cpp.o[0m
[0.379s] [ 83%] [32mBuilding CXX object CMakeFiles/server_node.dir/src/scan.cpp.o[0m
[2.061s] [01m[K/home/hae/robot_ws/src/robot_go_pkg/src/main.cpp:2:10:[m[K [01;31m[Kfatal error: [m[Kactionsever.hpp: No such file or directory
[2.064s]     2 | #include [01;31m[K"actionsever.hpp"[m[K
[2.067s]       |          [01;31m[K^~~~~~~~~~~~~~~~~[m[K
[2.068s] compilation terminated.
[2.070s] gmake[2]: *** [CMakeFiles/server_node.dir/build.make:76: CMakeFiles/server_node.dir/src/main.cpp.o] Error 1
[2.071s] gmake[2]: *** Waiting for unfinished jobs....
[12.401s] [01m[K/home/hae/robot_ws/src/robot_go_pkg/src/actionsever.cpp:[m[K In member function â€˜[01m[Krclcpp_action::GoalResponse MoveActionServer::handle_goal(const GoalUUID&, std::shared_ptr<const robot_action::action::Move_Goal_<std::allocator<void> > >)[m[Kâ€™:
[12.401s] [01m[K/home/hae/robot_ws/src/robot_go_pkg/src/actionsever.cpp:28:76:[m[K [01;35m[Kwarning: [m[Kunused parameter â€˜[01m[Kuuid[m[Kâ€™ [[01;35m[K]8;;https://gcc.gnu.org/onlinedocs/gcc/Warning-Options.html#index-Wunused-parameter-Wunused-parameter]8;;[m[K]
[12.402s]    28 |     rclcpp_action::GoalResponse handle_goal([01;35m[Kconst rclcpp_action::GoalUUID &uuid[m[K, std::shared_ptr<const Move::Goal> goal)
[12.403s]       |                                             [01;35m[K~~~~~~~~~~~~~~~~~~~~~~~~~~~~~~~^~~~[m[K
[12.404s] [01m[K/home/hae/robot_ws/src/robot_go_pkg/src/actionsever.cpp:[m[K In member function â€˜[01m[Krclcpp_action::CancelResponse MoveActionServer::handle_cancel(std::shared_ptr<rclcpp_action::ServerGoalHandle<robot_action::action::Move> >)[m[Kâ€™:
[12.405s] [01m[K/home/hae/robot_ws/src/robot_go_pkg/src/actionsever.cpp:34:87:[m[K [01;35m[Kwarning: [m[Kunused parameter â€˜[01m[Kgoal_handle[m[Kâ€™ [[01;35m[K]8;;https://gcc.gnu.org/onlinedocs/gcc/Warning-Options.html#index-Wunused-parameter-Wunused-parameter]8;;[m[K]
[12.405s]    34 |     rclcpp_action::CancelResponse handle_cancel([01;35m[Kconst std::shared_ptr<GoalHandleMove> goal_handle[m[K)
[12.406s]       |                                                 [01;35m[K~~~~~~~~~~~~~~~~~~~~~~~~~~~~~~~~~~~~~~^~~~~~~~~~~[m[K
[20.562s] gmake[1]: *** [CMakeFiles/Makefile2:139: CMakeFiles/server_node.dir/all] Error 2
[20.562s] gmake: *** [Makefile:146: all] Error 2
[20.569s] Invoked command in '/home/hae/robot_ws/src/build/robot_go_pkg' returned '2': AMENT_PREFIX_PATH=/home/hae/robot_ws/src/install/robot_action:${AMENT_PREFIX_PATH} CMAKE_PREFIX_PATH=/home/hae/robot_ws/src/install/robot_action:/opt/ros/humble LD_LIBRARY_PATH=/home/hae/robot_ws/src/install/robot_action/lib:${LD_LIBRARY_PATH} PYTHONPATH=/home/hae/robot_ws/src/install/robot_action/local/lib/python3.10/dist-packages:${PYTHONPATH} /usr/bin/cmake --build /home/hae/robot_ws/src/build/robot_go_pkg -- -j4 -l4
