[0.056s] Invoking command in '/home/hae/robot_ws/src/build/robot_grid_pkg': CMAKE_PREFIX_PATH=/opt/ros/humble /usr/bin/cmake --build /home/hae/robot_ws/src/build/robot_grid_pkg -- -j4 -l4
[0.231s] [35m[1mConsolidate compiler generated dependencies of target grid_node[0m
[0.335s] [ 50%] [32mBuilding CXX object CMakeFiles/grid_node.dir/src/grid.cpp.o[0m
[12.897s] [01m[K/home/hae/robot_ws/src/robot_grid_pkg/src/grid.cpp:[m[K In member function â€˜[01m[Kvoid TurtlebotController::move_robot()[m[Kâ€™:
[12.898s] [01m[K/home/hae/robot_ws/src/robot_grid_pkg/src/grid.cpp:100:38:[m[K [01;35m[Kwarning: [m[Kcomparison of integer expressions of different signedness: â€˜[01m[Kstd::vector<std::vector<int> >::size_type[m[Kâ€™ {aka â€˜[01m[Klong unsigned int[m[Kâ€™} and â€˜[01m[Kint[m[Kâ€™ [[01;35m[K]8;;https://gcc.gnu.org/onlinedocs/gcc/Warning-Options.html#index-Wsign-compare-Wsign-compare]8;;[m[K]
[12.898s]   100 |         for(int i=2;[01;35m[KsetPoint.size()-1>i[m[K;i++ ){
[12.899s]       |                     [01;35m[K~~~~~~~~~~~~~~~~~^~[m[K
[12.899s] [01m[K/home/hae/robot_ws/src/robot_grid_pkg/src/grid.cpp:109:21:[m[K [01;31m[Kerror: [m[Kexpected â€˜[01m[K;[m[Kâ€™ before â€˜[01m[Kright_course[m[Kâ€™
[12.900s]   109 |                     [01;31m[Kright_course[m[K(block, cm);//ìš°íšŒì „ í›„ ì§ì§„
[12.900s]       |                     [01;31m[K^~~~~~~~~~~~[m[K
[12.901s] [01m[K/home/hae/robot_ws/src/robot_grid_pkg/src/grid.cpp:108:27:[m[K [01;35m[Kwarning: [m[Kvalue computed is not used [[01;35m[K]8;;https://gcc.gnu.org/onlinedocs/gcc/Warning-Options.html#index-Wunused-value-Wunused-value]8;;[m[K]
[12.901s]   108 |                     block == setPoint[i+1][1] - setPoint[i][1]
[12.924s] [01m[K/home/hae/robot_ws/src/robot_grid_pkg/src/grid.cpp:[m[K In member function â€˜[01m[Kvoid TurtlebotController::right_course(int, int)[m[Kâ€™:
[12.924s] [01m[K/home/hae/robot_ws/src/robot_grid_pkg/src/grid.cpp:153:9:[m[K [01;31m[Kerror: [m[Kâ€˜[01m[Kright_trun[m[Kâ€™ was not declared in this scope; did you mean â€˜[01m[Kright_turn[m[Kâ€™?
[12.928s]   153 |         [01;31m[Kright_trun[m[K();
[12.928s]       |         [01;31m[K^~~~~~~~~~[m[K
[12.929s]       |         [32m[Kright_turn[m[K
[12.929s] [01m[K/home/hae/robot_ws/src/robot_grid_pkg/src/grid.cpp:155:9:[m[K [01;31m[Kerror: [m[Kexpected â€˜[01m[K;[m[Kâ€™ before â€˜[01m[Kleft_turn[m[Kâ€™
[12.930s]   155 |         [01;31m[Kleft_turn[m[K();
[12.930s]       |         [01;31m[K^~~~~~~~~[m[K
[12.931s] [01m[K/home/hae/robot_ws/src/robot_grid_pkg/src/grid.cpp:[m[K In member function â€˜[01m[Kvoid TurtlebotController::left_course(int, int)[m[Kâ€™:
[12.931s] [01m[K/home/hae/robot_ws/src/robot_grid_pkg/src/grid.cpp:162:9:[m[K [01;31m[Kerror: [m[Kexpected â€˜[01m[K;[m[Kâ€™ before â€˜[01m[Kright_trun[m[Kâ€™
[12.932s]   162 |         [01;31m[Kright_trun[m[K();
[12.932s]       |         [01;31m[K^~~~~~~~~~[m[K
[12.950s] [01m[K/home/hae/robot_ws/src/robot_grid_pkg/src/grid.cpp:[m[K In member function â€˜[01m[Kvoid TurtlebotController::right_turn()[m[Kâ€™:
[12.951s] [01m[K/home/hae/robot_ws/src/robot_grid_pkg/src/grid.cpp:168:9:[m[K [01;31m[Kerror: [m[Kâ€˜[01m[Kcmd_publisher_[m[Kâ€™ was not declared in this scope; did you mean â€˜[01m[Krmw_publisher_t[m[Kâ€™?
[12.951s]   168 |         [01;31m[Kcmd_publisher_[m[K->publish(message);
[12.952s]       |         [01;31m[K^~~~~~~~~~~~~~[m[K
[12.952s]       |         [32m[Krmw_publisher_t[m[K
[12.972s] [01m[K/home/hae/robot_ws/src/robot_grid_pkg/src/grid.cpp:[m[K In member function â€˜[01m[Kvoid TurtlebotController::left_turn()[m[Kâ€™:
[12.972s] [01m[K/home/hae/robot_ws/src/robot_grid_pkg/src/grid.cpp:176:9:[m[K [01;31m[Kerror: [m[Kâ€˜[01m[Kmessage[m[Kâ€™ was not declared in this scope
[12.973s]   176 |         [01;31m[Kmessage[m[K.angular.z = 3.14 / 4.0; // ì™¼ìª½ìœ¼ë¡œ 90ë„ íšŒì „
[12.973s]       |         [01;31m[K^~~~~~~[m[K
[12.995s] [01m[K/home/hae/robot_ws/src/robot_grid_pkg/src/grid.cpp:177:9:[m[K [01;31m[Kerror: [m[Kâ€˜[01m[Kcmd_publisher_[m[Kâ€™ was not declared in this scope; did you mean â€˜[01m[Krmw_publisher_t[m[Kâ€™?
[12.995s]   177 |         [01;31m[Kcmd_publisher_[m[K->publish(message);
[12.996s]       |         [01;31m[K^~~~~~~~~~~~~~[m[K
[12.996s]       |         [32m[Krmw_publisher_t[m[K
[12.997s] [01m[K/home/hae/robot_ws/src/robot_grid_pkg/src/grid.cpp:[m[K In member function â€˜[01m[Kbool TurtlebotController::is_turn(const TurtlebotController::Point&, const TurtlebotController::Point&, const TurtlebotController::Point&)[m[Kâ€™:
[12.997s] [01m[K/home/hae/robot_ws/src/robot_grid_pkg/src/grid.cpp:208:50:[m[K [01;35m[Kwarning: [m[Kunused parameter â€˜[01m[Kcurrent[m[Kâ€™ [[01;35m[K]8;;https://gcc.gnu.org/onlinedocs/gcc/Warning-Options.html#index-Wunused-parameter-Wunused-parameter]8;;[m[K]
[12.998s]   208 |     bool is_turn(const Point& prev, [01;35m[Kconst Point& current[m[K, const Point& next) {
[12.998s]       |                                     [01;35m[K~~~~~~~~~~~~~^~~~~~~[m[K
[22.175s] gmake[2]: *** [CMakeFiles/grid_node.dir/build.make:76: CMakeFiles/grid_node.dir/src/grid.cpp.o] Error 1
[22.176s] gmake[1]: *** [CMakeFiles/Makefile2:137: CMakeFiles/grid_node.dir/all] Error 2
[22.177s] gmake: *** [Makefile:146: all] Error 2
[22.183s] Invoked command in '/home/hae/robot_ws/src/build/robot_grid_pkg' returned '2': CMAKE_PREFIX_PATH=/opt/ros/humble /usr/bin/cmake --build /home/hae/robot_ws/src/build/robot_grid_pkg -- -j4 -l4
