[0.061s] Invoking command in '/home/hae/robot_ws/src/build/robot_go_pkg': CMAKE_PREFIX_PATH=/home/hae/robot_ws/src/install/robot_action:/home/hae/robot_ws/src/install/test_pkg:/home/hae/robot_ws/src/install/robot_move_pkg:/home/hae/robot_ws/src/install/robot_go_pkg:/home/hae/robot_ws/src/install/robot_cleaner_pkg:/home/hae/robot_ws/src/install/action_test:/opt/ros/humble /usr/bin/cmake --build /home/hae/robot_ws/src/build/robot_go_pkg -- -j4 -l4
[0.288s] [35m[1mConsolidate compiler generated dependencies of target cli_node[0m
[0.360s] [ 25%] Built target go_node
[0.367s] [ 50%] Built target scan_node
[0.379s] [ 75%] Built target test_node
[0.435s] [ 87%] [32mBuilding CXX object CMakeFiles/cli_node.dir/src/cli.cpp.o[0m
[13.075s] [01m[K/home/hae/robot_ws/src/robot_go_pkg/src/cli.cpp:[m[K In lambda function:
[13.076s] [01m[K/home/hae/robot_ws/src/robot_go_pkg/src/cli.cpp:106:98:[m[K [01;31m[Kerror: [m[Kâ€˜[01m[Kusing element_type = class rclcpp_action::ClientGoalHandle<robot_action::action::Move>[m[Kâ€™ {aka â€˜[01m[Kclass rclcpp_action::ClientGoalHandle<robot_action::action::Move>[m[Kâ€™} has no member named â€˜[01m[Kasync_result[m[Kâ€™; did you mean â€˜[01m[Kasync_get_result[m[Kâ€™?
[13.077s]   106 |                 rclcpp::spin_until_future_complete(this->get_node_base_interface(), goal_handle->[01;31m[Kasync_result[m[K());
[13.077s]       |                                                                                                  [01;31m[K^~~~~~~~~~~~[m[K
[13.078s]       |                                                                                                  [32m[Kasync_get_result[m[K
[15.944s] gmake[2]: *** [CMakeFiles/cli_node.dir/build.make:76: CMakeFiles/cli_node.dir/src/cli.cpp.o] Error 1
[15.945s] gmake[1]: *** [CMakeFiles/Makefile2:221: CMakeFiles/cli_node.dir/all] Error 2
[15.945s] gmake: *** [Makefile:146: all] Error 2
[15.954s] Invoked command in '/home/hae/robot_ws/src/build/robot_go_pkg' returned '2': CMAKE_PREFIX_PATH=/home/hae/robot_ws/src/install/robot_action:/home/hae/robot_ws/src/install/test_pkg:/home/hae/robot_ws/src/install/robot_move_pkg:/home/hae/robot_ws/src/install/robot_go_pkg:/home/hae/robot_ws/src/install/robot_cleaner_pkg:/home/hae/robot_ws/src/install/action_test:/opt/ros/humble /usr/bin/cmake --build /home/hae/robot_ws/src/build/robot_go_pkg -- -j4 -l4
