[0.080s] Invoking command in '/home/hae/robot_ws/src/build/robot_go_pkg': CMAKE_PREFIX_PATH=/home/hae/robot_ws/src/install/robot_action:/home/hae/robot_ws/src/install/test_pkg:/home/hae/robot_ws/src/install/robot_move_pkg:/home/hae/robot_ws/src/install/robot_go_pkg:/home/hae/robot_ws/src/install/robot_cleaner_pkg:/home/hae/robot_ws/src/install/action_test:/opt/ros/humble /usr/bin/cmake --build /home/hae/robot_ws/src/build/robot_go_pkg -- -j4 -l4
[0.326s] [35m[1mConsolidate compiler generated dependencies of target go_node[0m
[0.361s] [ 25%] Built target scan_node
[0.401s] [ 50%] Built target test_node
[0.421s] [ 75%] Built target cli_node
[0.462s] [ 87%] [32mBuilding CXX object CMakeFiles/go_node.dir/src/go.cpp.o[0m
[13.085s] [01m[K/home/hae/robot_ws/src/robot_go_pkg/src/go.cpp:[m[K In member function β€[01m[Kvoid TurtlebotController::handle_odom(nav_msgs::msg::Odometry_<std::allocator<void> >::SharedPtr)[m[Kβ€™:
[13.085s] [01m[K/home/hae/robot_ws/src/robot_go_pkg/src/go.cpp:90:25:[m[K [01;31m[Kerror: [m[Kβ€[01m[Kgoal[m[Kβ€™ was not declared in this scope
[13.086s]    90 |                 cout << [01;31m[Kgoal[m[K->distance << " λ―Έν„° λ§νΌ μ΄λ™ μ™„λ£" << endl
[13.086s]       |                         [01;31m[K^~~~[m[K
[25.941s] gmake[2]: *** [CMakeFiles/go_node.dir/build.make:76: CMakeFiles/go_node.dir/src/go.cpp.o] Error 1
[25.943s] gmake[1]: *** [CMakeFiles/Makefile2:195: CMakeFiles/go_node.dir/all] Error 2
[25.944s] gmake: *** [Makefile:146: all] Error 2
[25.959s] Invoked command in '/home/hae/robot_ws/src/build/robot_go_pkg' returned '2': CMAKE_PREFIX_PATH=/home/hae/robot_ws/src/install/robot_action:/home/hae/robot_ws/src/install/test_pkg:/home/hae/robot_ws/src/install/robot_move_pkg:/home/hae/robot_ws/src/install/robot_go_pkg:/home/hae/robot_ws/src/install/robot_cleaner_pkg:/home/hae/robot_ws/src/install/action_test:/opt/ros/humble /usr/bin/cmake --build /home/hae/robot_ws/src/build/robot_go_pkg -- -j4 -l4
