[0.055s] Invoking command in '/home/hae/robot_ws/src/build/robot_grid_pkg': CMAKE_PREFIX_PATH=${CMAKE_PREFIX_PATH}:/opt/ros/humble /usr/bin/cmake --build /home/hae/robot_ws/src/build/robot_grid_pkg -- -j4 -l4
[0.248s] [35m[1mConsolidate compiler generated dependencies of target grid_node[0m
[0.348s] [ 50%] [32mBuilding CXX object CMakeFiles/grid_node.dir/src/grid.cpp.o[0m
[11.759s] [01m[K/home/hae/robot_ws/src/robot_grid_pkg/src/grid.cpp:[m[K In member function â€˜[01m[Kvoid TurtlebotController::move_robot()[m[Kâ€™:
[11.759s] [01m[K/home/hae/robot_ws/src/robot_grid_pkg/src/grid.cpp:89:9:[m[K [01;31m[Kerror: [m[Kexpected primary-expression before â€˜[01m[K:[m[Kâ€™ token
[11.760s]    89 |         [01;31m[K:[m[Kcout << "ë¡œë´‡ì„ ì›€ì§ìž…ë‹ˆë‹¤." << endl;
[11.760s]       |         [01;31m[K^[m[K
[11.761s] [01m[K/home/hae/robot_ws/src/robot_grid_pkg/src/grid.cpp:103:38:[m[K [01;35m[Kwarning: [m[Kcomparison of integer expressions of different signedness: â€˜[01m[Kstd::vector<std::vector<int> >::size_type[m[Kâ€™ {aka â€˜[01m[Klong unsigned int[m[Kâ€™} and â€˜[01m[Kint[m[Kâ€™ [[01;35m[K]8;;https://gcc.gnu.org/onlinedocs/gcc/Warning-Options.html#index-Wsign-compare-Wsign-compare]8;;[m[K]
[11.761s]   103 |         for(int i=2;[01;35m[KsetPoint.size()-1>i[m[K;i++ ){
[11.761s]       |                     [01;35m[K~~~~~~~~~~~~~~~~~^~[m[K
[11.770s] [01m[K/home/hae/robot_ws/src/robot_grid_pkg/src/grid.cpp:[m[K In member function â€˜[01m[Kbool TurtlebotController::is_turn(const TurtlebotController::Point&, const TurtlebotController::Point&, const TurtlebotController::Point&)[m[Kâ€™:
[11.770s] [01m[K/home/hae/robot_ws/src/robot_grid_pkg/src/grid.cpp:221:50:[m[K [01;35m[Kwarning: [m[Kunused parameter â€˜[01m[Kcurrent[m[Kâ€™ [[01;35m[K]8;;https://gcc.gnu.org/onlinedocs/gcc/Warning-Options.html#index-Wunused-parameter-Wunused-parameter]8;;[m[K]
[11.771s]   221 |     bool is_turn(const Point& prev, [01;35m[Kconst Point& current[m[K, const Point& next) {
[11.771s]       |                                     [01;35m[K~~~~~~~~~~~~~^~~~~~~[m[K
[21.207s] gmake[2]: *** [CMakeFiles/grid_node.dir/build.make:76: CMakeFiles/grid_node.dir/src/grid.cpp.o] Error 1
[21.208s] gmake[1]: *** [CMakeFiles/Makefile2:137: CMakeFiles/grid_node.dir/all] Error 2
[21.209s] gmake: *** [Makefile:146: all] Error 2
[21.215s] Invoked command in '/home/hae/robot_ws/src/build/robot_grid_pkg' returned '2': CMAKE_PREFIX_PATH=${CMAKE_PREFIX_PATH}:/opt/ros/humble /usr/bin/cmake --build /home/hae/robot_ws/src/build/robot_grid_pkg -- -j4 -l4
